{"C:\\Users\\bertc\\OneDrive\\Documenten\\Cline\\document-writer\\document-writer\\src\\extension.ts": {"path":"C:\\Users\\bertc\\OneDrive\\Documenten\\Cline\\document-writer\\document-writer\\src\\extension.ts","statementMap":{"0":{"start":{"line":6,"column":0},"end":{"line":6,"column":16}},"1":{"start":{"line":342,"column":0},"end":{"line":342,"column":16}},"2":{"start":{"line":1,"column":0},"end":{"line":1,"column":33}},"3":{"start":{"line":2,"column":0},"end":{"line":2,"column":61}},"4":{"start":{"line":3,"column":0},"end":{"line":3,"column":75}},"5":{"start":{"line":4,"column":0},"end":{"line":4,"column":59}},"6":{"start":{"line":7,"column":4},"end":{"line":7,"column":59}},"7":{"start":{"line":10,"column":28},"end":{"line":10,"column":56}},"8":{"start":{"line":11,"column":35},"end":{"line":11,"column":70}},"9":{"start":{"line":14,"column":4},"end":{"line":14,"column":71}},"10":{"start":{"line":17,"column":28},"end":{"line":17,"column":86}},"11":{"start":{"line":18,"column":4},"end":{"line":21,"column":5}},"12":{"start":{"line":19,"column":8},"end":{"line":19,"column":29}},"13":{"start":{"line":20,"column":8},"end":{"line":20,"column":76}},"14":{"start":{"line":33,"column":4},"end":{"line":37,"column":6}},"15":{"start":{"line":35,"column":12},"end":{"line":35,"column":58}},"16":{"start":{"line":39,"column":4},"end":{"line":43,"column":6}},"17":{"start":{"line":41,"column":12},"end":{"line":41,"column":58}},"18":{"start":{"line":45,"column":4},"end":{"line":49,"column":6}},"19":{"start":{"line":47,"column":12},"end":{"line":47,"column":57}},"20":{"start":{"line":51,"column":4},"end":{"line":55,"column":6}},"21":{"start":{"line":53,"column":12},"end":{"line":53,"column":58}},"22":{"start":{"line":58,"column":4},"end":{"line":62,"column":6}},"23":{"start":{"line":60,"column":12},"end":{"line":60,"column":77}},"24":{"start":{"line":69,"column":20},"end":{"line":69,"column":92}},"25":{"start":{"line":70,"column":19},"end":{"line":70,"column":83}},"26":{"start":{"line":72,"column":4},"end":{"line":78,"column":5}},"27":{"start":{"line":74,"column":8},"end":{"line":77,"column":10}},"28":{"start":{"line":85,"column":4},"end":{"line":85,"column":88}},"29":{"start":{"line":93,"column":4},"end":{"line":137,"column":5}},"30":{"start":{"line":95,"column":25},"end":{"line":104,"column":10}},"31":{"start":{"line":106,"column":8},"end":{"line":108,"column":9}},"32":{"start":{"line":107,"column":12},"end":{"line":107,"column":19}},"33":{"start":{"line":110,"column":25},"end":{"line":110,"column":43}},"34":{"start":{"line":113,"column":21},"end":{"line":119,"column":10}},"35":{"start":{"line":117,"column":16},"end":{"line":117,"column":84}},"36":{"start":{"line":121,"column":8},"end":{"line":123,"column":9}},"37":{"start":{"line":122,"column":12},"end":{"line":122,"column":19}},"38":{"start":{"line":126,"column":28},"end":{"line":129,"column":16}},"39":{"start":{"line":132,"column":25},"end":{"line":132,"column":97}},"40":{"start":{"line":134,"column":8},"end":{"line":134,"column":98}},"41":{"start":{"line":136,"column":8},"end":{"line":136,"column":127}},"42":{"start":{"line":144,"column":4},"end":{"line":177,"column":5}},"43":{"start":{"line":145,"column":26},"end":{"line":145,"column":63}},"44":{"start":{"line":147,"column":8},"end":{"line":150,"column":9}},"45":{"start":{"line":148,"column":12},"end":{"line":148,"column":107}},"46":{"start":{"line":149,"column":12},"end":{"line":149,"column":19}},"47":{"start":{"line":153,"column":25},"end":{"line":163,"column":null}},"48":{"start":{"line":154,"column":39},"end":{"line":159,"column":14}},"49":{"start":{"line":166,"column":8},"end":{"line":174,"column":9}},"50":{"start":{"line":168,"column":12},"end":{"line":173,"column":14}},"51":{"start":{"line":176,"column":8},"end":{"line":176,"column":126}},"52":{"start":{"line":184,"column":4},"end":{"line":228,"column":5}},"53":{"start":{"line":185,"column":26},"end":{"line":185,"column":63}},"54":{"start":{"line":187,"column":8},"end":{"line":190,"column":9}},"55":{"start":{"line":188,"column":12},"end":{"line":188,"column":82}},"56":{"start":{"line":189,"column":12},"end":{"line":189,"column":19}},"57":{"start":{"line":193,"column":25},"end":{"line":203,"column":null}},"58":{"start":{"line":194,"column":39},"end":{"line":199,"column":14}},"59":{"start":{"line":206,"column":8},"end":{"line":208,"column":9}},"60":{"start":{"line":207,"column":12},"end":{"line":207,"column":19}},"61":{"start":{"line":211,"column":24},"end":{"line":215,"column":null}},"62":{"start":{"line":218,"column":8},"end":{"line":220,"column":9}},"63":{"start":{"line":219,"column":12},"end":{"line":219,"column":19}},"64":{"start":{"line":223,"column":8},"end":{"line":223,"column":74}},"65":{"start":{"line":225,"column":8},"end":{"line":225,"column":106}},"66":{"start":{"line":227,"column":8},"end":{"line":227,"column":127}},"67":{"start":{"line":238,"column":4},"end":{"line":339,"column":5}},"68":{"start":{"line":239,"column":26},"end":{"line":239,"column":63}},"69":{"start":{"line":241,"column":8},"end":{"line":244,"column":9}},"70":{"start":{"line":242,"column":12},"end":{"line":242,"column":107}},"71":{"start":{"line":243,"column":12},"end":{"line":243,"column":19}},"72":{"start":{"line":247,"column":25},"end":{"line":257,"column":null}},"73":{"start":{"line":248,"column":39},"end":{"line":253,"column":14}},"74":{"start":{"line":260,"column":8},"end":{"line":262,"column":9}},"75":{"start":{"line":261,"column":12},"end":{"line":261,"column":19}},"76":{"start":{"line":266,"column":42},"end":{"line":266,"column":44}},"77":{"start":{"line":269,"column":8},"end":{"line":304,"column":9}},"78":{"start":{"line":272,"column":26},"end":{"line":275,"column":14}},"79":{"start":{"line":277,"column":12},"end":{"line":279,"column":13}},"80":{"start":{"line":278,"column":16},"end":{"line":278,"column":23}},"81":{"start":{"line":281,"column":12},"end":{"line":281,"column":31}},"82":{"start":{"line":283,"column":27},"end":{"line":286,"column":14}},"83":{"start":{"line":288,"column":12},"end":{"line":290,"column":13}},"84":{"start":{"line":289,"column":16},"end":{"line":289,"column":23}},"85":{"start":{"line":292,"column":12},"end":{"line":292,"column":33}},"86":{"start":{"line":294,"column":28},"end":{"line":297,"column":14}},"87":{"start":{"line":299,"column":12},"end":{"line":301,"column":13}},"88":{"start":{"line":300,"column":16},"end":{"line":300,"column":23}},"89":{"start":{"line":303,"column":12},"end":{"line":303,"column":35}},"90":{"start":{"line":307,"column":30},"end":{"line":312,"column":10}},"91":{"start":{"line":314,"column":8},"end":{"line":316,"column":9}},"92":{"start":{"line":315,"column":12},"end":{"line":315,"column":19}},"93":{"start":{"line":318,"column":27},"end":{"line":318,"column":50}},"94":{"start":{"line":321,"column":29},"end":{"line":324,"column":null}},"95":{"start":{"line":327,"column":8},"end":{"line":336,"column":11}},"96":{"start":{"line":331,"column":12},"end":{"line":335,"column":13}},"97":{"start":{"line":333,"column":28},"end":{"line":333,"column":57}},"98":{"start":{"line":334,"column":16},"end":{"line":334,"column":45}},"99":{"start":{"line":338,"column":8},"end":{"line":338,"column":129}},"100":{"start":{"line":343,"column":4},"end":{"line":343,"column":64}}},"fnMap":{"0":{"name":"activate","decl":{"start":{"line":6,"column":16},"end":{"line":6,"column":24}},"loc":{"start":{"line":6,"column":57},"end":{"line":22,"column":1}}},"1":{"name":"registerCommands","decl":{"start":{"line":27,"column":9},"end":{"line":27,"column":25}},"loc":{"start":{"line":30,"column":50},"end":{"line":63,"column":1}}},"2":{"name":"(anonymous_2)","decl":{"start":{"line":34,"column":74},"end":{"line":34,"column":77}},"loc":{"start":{"line":34,"column":79},"end":{"line":36,"column":9}}},"3":{"name":"(anonymous_3)","decl":{"start":{"line":40,"column":74},"end":{"line":40,"column":77}},"loc":{"start":{"line":40,"column":79},"end":{"line":42,"column":9}}},"4":{"name":"(anonymous_4)","decl":{"start":{"line":46,"column":73},"end":{"line":46,"column":76}},"loc":{"start":{"line":46,"column":78},"end":{"line":48,"column":9}}},"5":{"name":"(anonymous_5)","decl":{"start":{"line":52,"column":74},"end":{"line":52,"column":77}},"loc":{"start":{"line":52,"column":79},"end":{"line":54,"column":9}}},"6":{"name":"(anonymous_6)","decl":{"start":{"line":59,"column":76},"end":{"line":59,"column":81}},"loc":{"start":{"line":59,"column":87},"end":{"line":61,"column":9}}},"7":{"name":"showWelcomeMessage","decl":{"start":{"line":68,"column":15},"end":{"line":68,"column":33}},"loc":{"start":{"line":68,"column":33},"end":{"line":79,"column":1}}},"8":{"name":"createTemplateCommand","decl":{"start":{"line":84,"column":15},"end":{"line":84,"column":36}},"loc":{"start":{"line":84,"column":83},"end":{"line":87,"column":1}}},"9":{"name":"importTemplateCommand","decl":{"start":{"line":92,"column":15},"end":{"line":92,"column":36}},"loc":{"start":{"line":92,"column":83},"end":{"line":138,"column":1}}},"10":{"name":"(anonymous_10)","decl":{"start":{"line":116,"column":27},"end":{"line":116,"column":28}},"loc":{"start":{"line":116,"column":37},"end":{"line":118,"column":13}}},"11":{"name":"listTemplatesCommand","decl":{"start":{"line":143,"column":15},"end":{"line":143,"column":35}},"loc":{"start":{"line":143,"column":82},"end":{"line":178,"column":1}}},"12":{"name":"(anonymous_12)","decl":{"start":{"line":154,"column":26},"end":{"line":154,"column":34}},"loc":{"start":{"line":154,"column":39},"end":{"line":159,"column":14}}},"13":{"name":"deleteTemplateCommand","decl":{"start":{"line":183,"column":15},"end":{"line":183,"column":36}},"loc":{"start":{"line":183,"column":83},"end":{"line":229,"column":1}}},"14":{"name":"(anonymous_14)","decl":{"start":{"line":194,"column":26},"end":{"line":194,"column":34}},"loc":{"start":{"line":194,"column":39},"end":{"line":199,"column":14}}},"15":{"name":"generateDocumentCommand","decl":{"start":{"line":234,"column":15},"end":{"line":234,"column":38}},"loc":{"start":{"line":236,"column":36},"end":{"line":340,"column":1}}},"16":{"name":"(anonymous_16)","decl":{"start":{"line":248,"column":26},"end":{"line":248,"column":34}},"loc":{"start":{"line":248,"column":39},"end":{"line":253,"column":14}}},"17":{"name":"(anonymous_17)","decl":{"start":{"line":330,"column":15},"end":{"line":330,"column":24}},"loc":{"start":{"line":330,"column":27},"end":{"line":336,"column":9}}},"18":{"name":"deactivate","decl":{"start":{"line":342,"column":16},"end":{"line":342,"column":26}},"loc":{"start":{"line":342,"column":26},"end":{"line":344,"column":1}}}},"branchMap":{"0":{"loc":{"start":{"line":18,"column":4},"end":{"line":21,"column":5}},"type":"if","locations":[{"start":{"line":18,"column":4},"end":{"line":21,"column":5}}]},"1":{"loc":{"start":{"line":72,"column":4},"end":{"line":78,"column":5}},"type":"if","locations":[{"start":{"line":72,"column":4},"end":{"line":78,"column":5}}]},"2":{"loc":{"start":{"line":106,"column":8},"end":{"line":108,"column":9}},"type":"if","locations":[{"start":{"line":106,"column":8},"end":{"line":108,"column":9}}]},"3":{"loc":{"start":{"line":106,"column":12},"end":{"line":106,"column":46}},"type":"binary-expr","locations":[{"start":{"line":106,"column":12},"end":{"line":106,"column":21}},{"start":{"line":106,"column":25},"end":{"line":106,"column":46}}]},"4":{"loc":{"start":{"line":117,"column":23},"end":{"line":117,"column":83}},"type":"cond-expr","locations":[{"start":{"line":117,"column":58},"end":{"line":117,"column":62}},{"start":{"line":117,"column":65},"end":{"line":117,"column":83}}]},"5":{"loc":{"start":{"line":117,"column":23},"end":{"line":117,"column":55}},"type":"binary-expr","locations":[{"start":{"line":117,"column":23},"end":{"line":117,"column":28}},{"start":{"line":117,"column":32},"end":{"line":117,"column":55}}]},"6":{"loc":{"start":{"line":121,"column":8},"end":{"line":123,"column":9}},"type":"if","locations":[{"start":{"line":121,"column":8},"end":{"line":123,"column":9}}]},"7":{"loc":{"start":{"line":126,"column":28},"end":{"line":129,"column":16}},"type":"binary-expr","locations":[{"start":{"line":126,"column":28},"end":{"line":129,"column":10}},{"start":{"line":129,"column":14},"end":{"line":129,"column":16}}]},"8":{"loc":{"start":{"line":136,"column":69},"end":{"line":136,"column":123}},"type":"cond-expr","locations":[{"start":{"line":136,"column":94},"end":{"line":136,"column":107}},{"start":{"line":136,"column":110},"end":{"line":136,"column":123}}]},"9":{"loc":{"start":{"line":147,"column":8},"end":{"line":150,"column":9}},"type":"if","locations":[{"start":{"line":147,"column":8},"end":{"line":150,"column":9}}]},"10":{"loc":{"start":{"line":166,"column":8},"end":{"line":174,"column":9}},"type":"if","locations":[{"start":{"line":166,"column":8},"end":{"line":174,"column":9}}]},"11":{"loc":{"start":{"line":176,"column":68},"end":{"line":176,"column":122}},"type":"cond-expr","locations":[{"start":{"line":176,"column":93},"end":{"line":176,"column":106}},{"start":{"line":176,"column":109},"end":{"line":176,"column":122}}]},"12":{"loc":{"start":{"line":187,"column":8},"end":{"line":190,"column":9}},"type":"if","locations":[{"start":{"line":187,"column":8},"end":{"line":190,"column":9}}]},"13":{"loc":{"start":{"line":206,"column":8},"end":{"line":208,"column":9}},"type":"if","locations":[{"start":{"line":206,"column":8},"end":{"line":208,"column":9}}]},"14":{"loc":{"start":{"line":218,"column":8},"end":{"line":220,"column":9}},"type":"if","locations":[{"start":{"line":218,"column":8},"end":{"line":220,"column":9}}]},"15":{"loc":{"start":{"line":227,"column":69},"end":{"line":227,"column":123}},"type":"cond-expr","locations":[{"start":{"line":227,"column":94},"end":{"line":227,"column":107}},{"start":{"line":227,"column":110},"end":{"line":227,"column":123}}]},"16":{"loc":{"start":{"line":241,"column":8},"end":{"line":244,"column":9}},"type":"if","locations":[{"start":{"line":241,"column":8},"end":{"line":244,"column":9}}]},"17":{"loc":{"start":{"line":260,"column":8},"end":{"line":262,"column":9}},"type":"if","locations":[{"start":{"line":260,"column":8},"end":{"line":262,"column":9}}]},"18":{"loc":{"start":{"line":269,"column":8},"end":{"line":304,"column":9}},"type":"if","locations":[{"start":{"line":269,"column":8},"end":{"line":304,"column":9}}]},"19":{"loc":{"start":{"line":269,"column":12},"end":{"line":270,"column":64}},"type":"binary-expr","locations":[{"start":{"line":269,"column":12},"end":{"line":269,"column":60}},{"start":{"line":270,"column":12},"end":{"line":270,"column":64}}]},"20":{"loc":{"start":{"line":277,"column":12},"end":{"line":279,"column":13}},"type":"if","locations":[{"start":{"line":277,"column":12},"end":{"line":279,"column":13}}]},"21":{"loc":{"start":{"line":288,"column":12},"end":{"line":290,"column":13}},"type":"if","locations":[{"start":{"line":288,"column":12},"end":{"line":290,"column":13}}]},"22":{"loc":{"start":{"line":299,"column":12},"end":{"line":301,"column":13}},"type":"if","locations":[{"start":{"line":299,"column":12},"end":{"line":301,"column":13}}]},"23":{"loc":{"start":{"line":314,"column":8},"end":{"line":316,"column":9}},"type":"if","locations":[{"start":{"line":314,"column":8},"end":{"line":316,"column":9}}]},"24":{"loc":{"start":{"line":314,"column":12},"end":{"line":314,"column":56}},"type":"binary-expr","locations":[{"start":{"line":314,"column":12},"end":{"line":314,"column":26}},{"start":{"line":314,"column":30},"end":{"line":314,"column":56}}]},"25":{"loc":{"start":{"line":331,"column":12},"end":{"line":335,"column":13}},"type":"if","locations":[{"start":{"line":331,"column":12},"end":{"line":335,"column":13}}]},"26":{"loc":{"start":{"line":338,"column":71},"end":{"line":338,"column":125}},"type":"cond-expr","locations":[{"start":{"line":338,"column":96},"end":{"line":338,"column":109}},{"start":{"line":338,"column":112},"end":{"line":338,"column":125}}]}},"s":{"0":0,"1":0,"2":0,"3":0,"4":0,"5":0,"6":0,"7":0,"8":0,"9":0,"10":0,"11":0,"12":0,"13":0,"14":0,"15":0,"16":0,"17":0,"18":0,"19":0,"20":0,"21":0,"22":0,"23":0,"24":0,"25":0,"26":0,"27":0,"28":0,"29":0,"30":0,"31":0,"32":0,"33":0,"34":0,"35":0,"36":0,"37":0,"38":0,"39":0,"40":0,"41":0,"42":0,"43":0,"44":0,"45":0,"46":0,"47":0,"48":0,"49":0,"50":0,"51":0,"52":0,"53":0,"54":0,"55":0,"56":0,"57":0,"58":0,"59":0,"60":0,"61":0,"62":0,"63":0,"64":0,"65":0,"66":0,"67":0,"68":0,"69":0,"70":0,"71":0,"72":0,"73":0,"74":0,"75":0,"76":0,"77":0,"78":0,"79":0,"80":0,"81":0,"82":0,"83":0,"84":0,"85":0,"86":0,"87":0,"88":0,"89":0,"90":0,"91":0,"92":0,"93":0,"94":0,"95":0,"96":0,"97":0,"98":0,"99":0,"100":0},"f":{"0":0,"1":0,"2":0,"3":0,"4":0,"5":0,"6":0,"7":0,"8":0,"9":0,"10":0,"11":0,"12":0,"13":0,"14":0,"15":0,"16":0,"17":0,"18":0},"b":{"0":[0],"1":[0],"2":[0],"3":[0,0],"4":[0,0],"5":[0,0],"6":[0],"7":[0,0],"8":[0,0],"9":[0],"10":[0],"11":[0,0],"12":[0],"13":[0],"14":[0],"15":[0,0],"16":[0],"17":[0],"18":[0],"19":[0,0],"20":[0],"21":[0],"22":[0],"23":[0],"24":[0,0],"25":[0],"26":[0,0]}}
,"C:\\Users\\bertc\\OneDrive\\Documenten\\Cline\\document-writer\\document-writer\\src\\models\\documentTemplate.ts": {"path":"C:\\Users\\bertc\\OneDrive\\Documenten\\Cline\\document-writer\\document-writer\\src\\models\\documentTemplate.ts","statementMap":{"0":{"start":{"line":18,"column":0},"end":{"line":18,"column":null}},"1":{"start":{"line":19,"column":4},"end":{"line":19,"column":null}},"2":{"start":{"line":20,"column":4},"end":{"line":20,"column":null}},"3":{"start":{"line":21,"column":4},"end":{"line":21,"column":null}},"4":{"start":{"line":22,"column":4},"end":{"line":22,"column":null}},"5":{"start":{"line":52,"column":0},"end":{"line":52,"column":null}},"6":{"start":{"line":53,"column":4},"end":{"line":53,"column":null}},"7":{"start":{"line":54,"column":4},"end":{"line":54,"column":null}},"8":{"start":{"line":55,"column":4},"end":{"line":55,"column":null}},"9":{"start":{"line":56,"column":4},"end":{"line":56,"column":null}},"10":{"start":{"line":57,"column":4},"end":{"line":57,"column":null}},"11":{"start":{"line":58,"column":4},"end":{"line":58,"column":null}},"12":{"start":{"line":59,"column":4},"end":{"line":59,"column":null}},"13":{"start":{"line":60,"column":4},"end":{"line":60,"column":null}},"14":{"start":{"line":61,"column":4},"end":{"line":61,"column":null}},"15":{"start":{"line":70,"column":0},"end":{"line":70,"column":null}},"16":{"start":{"line":71,"column":4},"end":{"line":71,"column":null}},"17":{"start":{"line":72,"column":4},"end":{"line":72,"column":null}},"18":{"start":{"line":73,"column":4},"end":{"line":73,"column":null}},"19":{"start":{"line":74,"column":4},"end":{"line":74,"column":null}},"20":{"start":{"line":75,"column":4},"end":{"line":75,"column":null}},"21":{"start":{"line":76,"column":4},"end":{"line":76,"column":null}},"22":{"start":{"line":77,"column":4},"end":{"line":77,"column":null}}},"fnMap":{"0":{"name":"(anonymous_0)","decl":{"start":{"line":18,"column":0},"end":{"line":18,"column":12}},"loc":{"start":{"line":18,"column":26},"end":{"line":23,"column":1}}},"1":{"name":"(anonymous_1)","decl":{"start":{"line":52,"column":0},"end":{"line":52,"column":12}},"loc":{"start":{"line":52,"column":27},"end":{"line":62,"column":1}}},"2":{"name":"(anonymous_2)","decl":{"start":{"line":70,"column":0},"end":{"line":70,"column":12}},"loc":{"start":{"line":70,"column":30},"end":{"line":78,"column":1}}}},"branchMap":{"0":{"loc":{"start":{"line":18,"column":12},"end":{"line":18,"column":null}},"type":"binary-expr","locations":[{"start":{"line":18,"column":12},"end":{"line":18,"column":26}},{"start":{"line":18,"column":26},"end":{"line":18,"column":null}}]},"1":{"loc":{"start":{"line":52,"column":12},"end":{"line":52,"column":null}},"type":"binary-expr","locations":[{"start":{"line":52,"column":12},"end":{"line":52,"column":27}},{"start":{"line":52,"column":27},"end":{"line":52,"column":null}}]},"2":{"loc":{"start":{"line":70,"column":12},"end":{"line":70,"column":null}},"type":"binary-expr","locations":[{"start":{"line":70,"column":12},"end":{"line":70,"column":30}},{"start":{"line":70,"column":30},"end":{"line":70,"column":null}}]}},"s":{"0":2,"1":2,"2":2,"3":2,"4":2,"5":2,"6":2,"7":2,"8":2,"9":2,"10":2,"11":2,"12":2,"13":2,"14":2,"15":2,"16":2,"17":2,"18":2,"19":2,"20":2,"21":2,"22":2},"f":{"0":2,"1":2,"2":2},"b":{"0":[2,2],"1":[2,2],"2":[2,2]}}
,"C:\\Users\\bertc\\OneDrive\\Documenten\\Cline\\document-writer\\document-writer\\src\\services\\documentService.ts": {"path":"C:\\Users\\bertc\\OneDrive\\Documenten\\Cline\\document-writer\\document-writer\\src\\services\\documentService.ts","statementMap":{"0":{"start":{"line":1,"column":0},"end":{"line":1,"column":33}},"1":{"start":{"line":2,"column":0},"end":{"line":2,"column":25}},"2":{"start":{"line":3,"column":0},"end":{"line":3,"column":29}},"3":{"start":{"line":4,"column":0},"end":{"line":4,"column":39}},"4":{"start":{"line":5,"column":15},"end":{"line":5,"column":51}},"5":{"start":{"line":6,"column":0},"end":{"line":6,"column":42}},"6":{"start":{"line":7,"column":0},"end":{"line":7,"column":78}},"7":{"start":{"line":16,"column":8},"end":{"line":16,"column":41}},"8":{"start":{"line":31,"column":8},"end":{"line":47,"column":9}},"9":{"start":{"line":32,"column":12},"end":{"line":43,"column":13}},"10":{"start":{"line":34,"column":20},"end":{"line":34,"column":87}},"11":{"start":{"line":36,"column":20},"end":{"line":36,"column":91}},"12":{"start":{"line":38,"column":20},"end":{"line":38,"column":87}},"13":{"start":{"line":40,"column":20},"end":{"line":40,"column":86}},"14":{"start":{"line":42,"column":20},"end":{"line":42,"column":87}},"15":{"start":{"line":45,"column":12},"end":{"line":45,"column":131}},"16":{"start":{"line":46,"column":12},"end":{"line":46,"column":24}},"17":{"start":{"line":59,"column":8},"end":{"line":59,"column":53}},"18":{"start":{"line":62,"column":25},"end":{"line":62,"column":118}},"19":{"start":{"line":63,"column":31},"end":{"line":63,"column":62}},"20":{"start":{"line":65,"column":8},"end":{"line":98,"column":9}},"21":{"start":{"line":67,"column":33},"end":{"line":67,"column":54}},"22":{"start":{"line":68,"column":36},"end":{"line":68,"column":75}},"23":{"start":{"line":71,"column":24},"end":{"line":71,"column":51}},"24":{"start":{"line":74,"column":24},"end":{"line":77,"column":14}},"25":{"start":{"line":80,"column":12},"end":{"line":80,"column":30}},"26":{"start":{"line":83,"column":12},"end":{"line":83,"column":25}},"27":{"start":{"line":86,"column":27},"end":{"line":89,"column":14}},"28":{"start":{"line":92,"column":12},"end":{"line":92,"column":53}},"29":{"start":{"line":94,"column":12},"end":{"line":94,"column":34}},"30":{"start":{"line":96,"column":12},"end":{"line":96,"column":68}},"31":{"start":{"line":97,"column":12},"end":{"line":97,"column":24}},"32":{"start":{"line":110,"column":8},"end":{"line":110,"column":53}},"33":{"start":{"line":113,"column":25},"end":{"line":113,"column":116}},"34":{"start":{"line":114,"column":31},"end":{"line":114,"column":62}},"35":{"start":{"line":116,"column":8},"end":{"line":136,"column":9}},"36":{"start":{"line":118,"column":36},"end":{"line":118,"column":83}},"37":{"start":{"line":121,"column":25},"end":{"line":121,"column":40}},"38":{"start":{"line":124,"column":12},"end":{"line":127,"column":13}},"39":{"start":{"line":125,"column":30},"end":{"line":125,"column":67}},"40":{"start":{"line":126,"column":16},"end":{"line":126,"column":62}},"41":{"start":{"line":130,"column":12},"end":{"line":130,"column":53}},"42":{"start":{"line":132,"column":12},"end":{"line":132,"column":34}},"43":{"start":{"line":134,"column":12},"end":{"line":134,"column":72}},"44":{"start":{"line":135,"column":12},"end":{"line":135,"column":24}},"45":{"start":{"line":148,"column":8},"end":{"line":148,"column":72}},"46":{"start":{"line":160,"column":8},"end":{"line":160,"column":71}},"47":{"start":{"line":167,"column":8},"end":{"line":172,"column":9}},"48":{"start":{"line":168,"column":12},"end":{"line":168,"column":72}},"49":{"start":{"line":170,"column":12},"end":{"line":170,"column":62}},"50":{"start":{"line":171,"column":12},"end":{"line":171,"column":24}},"51":{"start":{"line":179,"column":8},"end":{"line":179,"column":55}},"52":{"start":{"line":12,"column":0},"end":{"line":12,"column":13}}},"fnMap":{"0":{"name":"(anonymous_0)","decl":{"start":{"line":15,"column":4},"end":{"line":15,"column":16}},"loc":{"start":{"line":15,"column":48},"end":{"line":17,"column":5}}},"1":{"name":"(anonymous_1)","decl":{"start":{"line":26,"column":11},"end":{"line":26,"column":16}},"loc":{"start":{"line":29,"column":26},"end":{"line":48,"column":5}}},"2":{"name":"(anonymous_2)","decl":{"start":{"line":53,"column":12},"end":{"line":53,"column":17}},"loc":{"start":{"line":56,"column":26},"end":{"line":99,"column":5}}},"3":{"name":"(anonymous_3)","decl":{"start":{"line":104,"column":12},"end":{"line":104,"column":17}},"loc":{"start":{"line":107,"column":26},"end":{"line":137,"column":5}}},"4":{"name":"(anonymous_4)","decl":{"start":{"line":142,"column":12},"end":{"line":142,"column":17}},"loc":{"start":{"line":145,"column":26},"end":{"line":149,"column":5}}},"5":{"name":"(anonymous_5)","decl":{"start":{"line":154,"column":12},"end":{"line":154,"column":17}},"loc":{"start":{"line":157,"column":26},"end":{"line":161,"column":5}}},"6":{"name":"(anonymous_6)","decl":{"start":{"line":166,"column":12},"end":{"line":166,"column":17}},"loc":{"start":{"line":166,"column":61},"end":{"line":173,"column":5}}},"7":{"name":"(anonymous_7)","decl":{"start":{"line":178,"column":12},"end":{"line":178,"column":28}},"loc":{"start":{"line":178,"column":45},"end":{"line":180,"column":5}}}},"branchMap":{"0":{"loc":{"start":{"line":5,"column":15},"end":{"line":5,"column":51}},"type":"binary-expr","locations":[{"start":{"line":5,"column":15},"end":{"line":5,"column":35}},{"start":{"line":5,"column":39},"end":{"line":5,"column":51}}]},"1":{"loc":{"start":{"line":32,"column":12},"end":{"line":43,"column":13}},"type":"switch","locations":[{"start":{"line":33,"column":16},"end":{"line":34,"column":87}},{"start":{"line":35,"column":16},"end":{"line":36,"column":91}},{"start":{"line":37,"column":16},"end":{"line":38,"column":87}},{"start":{"line":39,"column":16},"end":{"line":40,"column":86}},{"start":{"line":41,"column":16},"end":{"line":42,"column":87}}]},"2":{"loc":{"start":{"line":45,"column":73},"end":{"line":45,"column":127}},"type":"cond-expr","locations":[{"start":{"line":45,"column":98},"end":{"line":45,"column":111}},{"start":{"line":45,"column":114},"end":{"line":45,"column":127}}]}},"s":{"0":2,"1":2,"2":2,"3":2,"4":2,"5":2,"6":2,"7":7,"8":7,"9":7,"10":3,"11":2,"12":1,"13":1,"14":0,"15":5,"16":5,"17":3,"18":3,"19":3,"20":3,"21":3,"22":3,"23":2,"24":1,"25":0,"26":0,"27":0,"28":0,"29":0,"30":3,"31":3,"32":2,"33":2,"34":2,"35":2,"36":2,"37":2,"38":2,"39":9,"40":9,"41":2,"42":2,"43":0,"44":0,"45":1,"46":1,"47":5,"48":5,"49":0,"50":0,"51":5,"52":2},"f":{"0":7,"1":7,"2":3,"3":2,"4":1,"5":1,"6":5,"7":5},"b":{"0":[2,1],"1":[3,2,1,1,0],"2":[5,0]}}
,"C:\\Users\\bertc\\OneDrive\\Documenten\\Cline\\document-writer\\document-writer\\src\\services\\templateManagerService.ts": {"path":"C:\\Users\\bertc\\OneDrive\\Documenten\\Cline\\document-writer\\document-writer\\src\\services\\templateManagerService.ts","statementMap":{"0":{"start":{"line":1,"column":0},"end":{"line":1,"column":33}},"1":{"start":{"line":2,"column":0},"end":{"line":2,"column":25}},"2":{"start":{"line":3,"column":0},"end":{"line":3,"column":29}},"3":{"start":{"line":4,"column":0},"end":{"line":4,"column":78}},"4":{"start":{"line":11,"column":34},"end":{"line":11,"column":61}},"5":{"start":{"line":12,"column":45},"end":{"line":12,"column":47}},"6":{"start":{"line":15,"column":8},"end":{"line":15,"column":41}},"7":{"start":{"line":16,"column":8},"end":{"line":16,"column":30}},"8":{"start":{"line":23,"column":8},"end":{"line":23,"column":36}},"9":{"start":{"line":31,"column":8},"end":{"line":31,"column":68}},"10":{"start":{"line":31,"column":48},"end":{"line":31,"column":66}},"11":{"start":{"line":40,"column":19},"end":{"line":40,"column":43}},"12":{"start":{"line":43,"column":46},"end":{"line":46,"column":10}},"13":{"start":{"line":49,"column":8},"end":{"line":49,"column":50}},"14":{"start":{"line":52,"column":8},"end":{"line":52,"column":42}},"15":{"start":{"line":55,"column":8},"end":{"line":55,"column":36}},"16":{"start":{"line":57,"column":8},"end":{"line":57,"column":27}},"17":{"start":{"line":66,"column":33},"end":{"line":66,"column":57}},"18":{"start":{"line":68,"column":8},"end":{"line":70,"column":9}},"19":{"start":{"line":69,"column":12},"end":{"line":69,"column":64}},"20":{"start":{"line":73,"column":50},"end":{"line":77,"column":10}},"21":{"start":{"line":80,"column":8},"end":{"line":80,"column":54}},"22":{"start":{"line":83,"column":22},"end":{"line":83,"column":65}},"23":{"start":{"line":83,"column":53},"end":{"line":83,"column":64}},"24":{"start":{"line":84,"column":8},"end":{"line":84,"column":49}},"25":{"start":{"line":87,"column":8},"end":{"line":87,"column":36}},"26":{"start":{"line":89,"column":8},"end":{"line":89,"column":31}},"27":{"start":{"line":97,"column":22},"end":{"line":97,"column":79}},"28":{"start":{"line":97,"column":60},"end":{"line":97,"column":78}},"29":{"start":{"line":99,"column":8},"end":{"line":101,"column":9}},"30":{"start":{"line":100,"column":12},"end":{"line":100,"column":64}},"31":{"start":{"line":104,"column":8},"end":{"line":104,"column":41}},"32":{"start":{"line":107,"column":8},"end":{"line":107,"column":36}},"33":{"start":{"line":122,"column":8},"end":{"line":124,"column":9}},"34":{"start":{"line":123,"column":12},"end":{"line":123,"column":64}},"35":{"start":{"line":127,"column":23},"end":{"line":127,"column":60}},"36":{"start":{"line":130,"column":8},"end":{"line":144,"column":11}},"37":{"start":{"line":151,"column":8},"end":{"line":161,"column":9}},"38":{"start":{"line":152,"column":34},"end":{"line":152,"column":98}},"39":{"start":{"line":154,"column":12},"end":{"line":156,"column":13}},"40":{"start":{"line":155,"column":16},"end":{"line":155,"column":60}},"41":{"start":{"line":158,"column":12},"end":{"line":158,"column":61}},"42":{"start":{"line":159,"column":12},"end":{"line":159,"column":71}},"43":{"start":{"line":160,"column":12},"end":{"line":160,"column":33}},"44":{"start":{"line":168,"column":8},"end":{"line":175,"column":9}},"45":{"start":{"line":169,"column":34},"end":{"line":169,"column":65}},"46":{"start":{"line":170,"column":12},"end":{"line":170,"column":93}},"47":{"start":{"line":172,"column":12},"end":{"line":172,"column":60}},"48":{"start":{"line":173,"column":12},"end":{"line":173,"column":71}},"49":{"start":{"line":174,"column":12},"end":{"line":174,"column":24}},"50":{"start":{"line":184,"column":8},"end":{"line":186,"column":9}},"51":{"start":{"line":185,"column":12},"end":{"line":185,"column":86}},"52":{"start":{"line":189,"column":8},"end":{"line":221,"column":9}},"53":{"start":{"line":192,"column":16},"end":{"line":194,"column":17}},"54":{"start":{"line":193,"column":20},"end":{"line":193,"column":81}},"55":{"start":{"line":195,"column":16},"end":{"line":195,"column":22}},"56":{"start":{"line":199,"column":16},"end":{"line":201,"column":17}},"57":{"start":{"line":200,"column":20},"end":{"line":200,"column":83}},"58":{"start":{"line":202,"column":16},"end":{"line":202,"column":22}},"59":{"start":{"line":206,"column":16},"end":{"line":209,"column":17}},"60":{"start":{"line":208,"column":20},"end":{"line":208,"column":89}},"61":{"start":{"line":210,"column":16},"end":{"line":210,"column":22}},"62":{"start":{"line":214,"column":16},"end":{"line":216,"column":17}},"63":{"start":{"line":215,"column":20},"end":{"line":215,"column":79}},"64":{"start":{"line":217,"column":16},"end":{"line":217,"column":22}},"65":{"start":{"line":220,"column":16},"end":{"line":220,"column":83}},"66":{"start":{"line":228,"column":8},"end":{"line":229,"column":59}},"67":{"start":{"line":237,"column":26},"end":{"line":237,"column":62}},"68":{"start":{"line":239,"column":8},"end":{"line":251,"column":9}},"69":{"start":{"line":241,"column":16},"end":{"line":241,"column":43}},"70":{"start":{"line":243,"column":16},"end":{"line":243,"column":47}},"71":{"start":{"line":246,"column":16},"end":{"line":246,"column":43}},"72":{"start":{"line":248,"column":16},"end":{"line":248,"column":42}},"73":{"start":{"line":250,"column":16},"end":{"line":250,"column":76}},"74":{"start":{"line":9,"column":0},"end":{"line":9,"column":13}}},"fnMap":{"0":{"name":"(anonymous_0)","decl":{"start":{"line":14,"column":4},"end":{"line":14,"column":16}},"loc":{"start":{"line":14,"column":48},"end":{"line":17,"column":5}}},"1":{"name":"(anonymous_1)","decl":{"start":{"line":22,"column":11},"end":{"line":22,"column":23}},"loc":{"start":{"line":22,"column":23},"end":{"line":24,"column":5}}},"2":{"name":"(anonymous_2)","decl":{"start":{"line":30,"column":11},"end":{"line":30,"column":26}},"loc":{"start":{"line":30,"column":37},"end":{"line":32,"column":5}}},"3":{"name":"(anonymous_3)","decl":{"start":{"line":31,"column":36},"end":{"line":31,"column":44}},"loc":{"start":{"line":31,"column":48},"end":{"line":31,"column":66}}},"4":{"name":"(anonymous_4)","decl":{"start":{"line":38,"column":11},"end":{"line":38,"column":16}},"loc":{"start":{"line":38,"column":67},"end":{"line":58,"column":5}}},"5":{"name":"(anonymous_5)","decl":{"start":{"line":65,"column":11},"end":{"line":65,"column":16}},"loc":{"start":{"line":65,"column":79},"end":{"line":90,"column":5}}},"6":{"name":"(anonymous_6)","decl":{"start":{"line":83,"column":48},"end":{"line":83,"column":49}},"loc":{"start":{"line":83,"column":53},"end":{"line":83,"column":64}}},"7":{"name":"(anonymous_7)","decl":{"start":{"line":96,"column":11},"end":{"line":96,"column":16}},"loc":{"start":{"line":96,"column":42},"end":{"line":108,"column":5}}},"8":{"name":"(anonymous_8)","decl":{"start":{"line":97,"column":48},"end":{"line":97,"column":56}},"loc":{"start":{"line":97,"column":60},"end":{"line":97,"column":78}}},"9":{"name":"(anonymous_9)","decl":{"start":{"line":116,"column":11},"end":{"line":116,"column":16}},"loc":{"start":{"line":119,"column":27},"end":{"line":145,"column":5}}},"10":{"name":"(anonymous_10)","decl":{"start":{"line":150,"column":12},"end":{"line":150,"column":26}},"loc":{"start":{"line":150,"column":26},"end":{"line":162,"column":5}}},"11":{"name":"(anonymous_11)","decl":{"start":{"line":167,"column":12},"end":{"line":167,"column":17}},"loc":{"start":{"line":167,"column":32},"end":{"line":176,"column":5}}},"12":{"name":"(anonymous_12)","decl":{"start":{"line":182,"column":12},"end":{"line":182,"column":17}},"loc":{"start":{"line":182,"column":62},"end":{"line":222,"column":5}}},"13":{"name":"(anonymous_13)","decl":{"start":{"line":227,"column":12},"end":{"line":227,"column":29}},"loc":{"start":{"line":227,"column":29},"end":{"line":230,"column":5}}},"14":{"name":"(anonymous_14)","decl":{"start":{"line":236,"column":12},"end":{"line":236,"column":34}},"loc":{"start":{"line":236,"column":51},"end":{"line":252,"column":5}}}},"branchMap":{"0":{"loc":{"start":{"line":68,"column":8},"end":{"line":70,"column":9}},"type":"if","locations":[{"start":{"line":68,"column":8},"end":{"line":70,"column":9}}]},"1":{"loc":{"start":{"line":99,"column":8},"end":{"line":101,"column":9}},"type":"if","locations":[{"start":{"line":99,"column":8},"end":{"line":101,"column":9}}]},"2":{"loc":{"start":{"line":122,"column":8},"end":{"line":124,"column":9}},"type":"if","locations":[{"start":{"line":122,"column":8},"end":{"line":124,"column":9}}]},"3":{"loc":{"start":{"line":154,"column":12},"end":{"line":156,"column":13}},"type":"if","locations":[{"start":{"line":154,"column":12},"end":{"line":156,"column":13}}]},"4":{"loc":{"start":{"line":184,"column":8},"end":{"line":186,"column":9}},"type":"if","locations":[{"start":{"line":184,"column":8},"end":{"line":186,"column":9}}]},"5":{"loc":{"start":{"line":189,"column":8},"end":{"line":221,"column":9}},"type":"switch","locations":[{"start":{"line":190,"column":12},"end":{"line":195,"column":22}},{"start":{"line":197,"column":12},"end":{"line":202,"column":22}},{"start":{"line":204,"column":12},"end":{"line":210,"column":22}},{"start":{"line":212,"column":12},"end":{"line":217,"column":22}},{"start":{"line":219,"column":12},"end":{"line":220,"column":83}}]},"6":{"loc":{"start":{"line":192,"column":16},"end":{"line":194,"column":17}},"type":"if","locations":[{"start":{"line":192,"column":16},"end":{"line":194,"column":17}}]},"7":{"loc":{"start":{"line":199,"column":16},"end":{"line":201,"column":17}},"type":"if","locations":[{"start":{"line":199,"column":16},"end":{"line":201,"column":17}}]},"8":{"loc":{"start":{"line":206,"column":16},"end":{"line":209,"column":17}},"type":"if","locations":[{"start":{"line":206,"column":16},"end":{"line":209,"column":17}}]},"9":{"loc":{"start":{"line":206,"column":20},"end":{"line":207,"column":73}},"type":"binary-expr","locations":[{"start":{"line":206,"column":20},"end":{"line":206,"column":74}},{"start":{"line":207,"column":20},"end":{"line":207,"column":73}}]},"10":{"loc":{"start":{"line":214,"column":16},"end":{"line":216,"column":17}},"type":"if","locations":[{"start":{"line":214,"column":16},"end":{"line":216,"column":17}}]},"11":{"loc":{"start":{"line":239,"column":8},"end":{"line":251,"column":9}},"type":"switch","locations":[{"start":{"line":240,"column":12},"end":{"line":241,"column":43}},{"start":{"line":242,"column":12},"end":{"line":243,"column":47}},{"start":{"line":244,"column":12},"end":{"line":244,"column":25}},{"start":{"line":245,"column":12},"end":{"line":246,"column":43}},{"start":{"line":247,"column":12},"end":{"line":248,"column":42}},{"start":{"line":249,"column":12},"end":{"line":250,"column":76}}]}},"s":{"0":0,"1":0,"2":0,"3":0,"4":0,"5":0,"6":0,"7":0,"8":0,"9":0,"10":0,"11":0,"12":0,"13":0,"14":0,"15":0,"16":0,"17":0,"18":0,"19":0,"20":0,"21":0,"22":0,"23":0,"24":0,"25":0,"26":0,"27":0,"28":0,"29":0,"30":0,"31":0,"32":0,"33":0,"34":0,"35":0,"36":0,"37":0,"38":0,"39":0,"40":0,"41":0,"42":0,"43":0,"44":0,"45":0,"46":0,"47":0,"48":0,"49":0,"50":0,"51":0,"52":0,"53":0,"54":0,"55":0,"56":0,"57":0,"58":0,"59":0,"60":0,"61":0,"62":0,"63":0,"64":0,"65":0,"66":0,"67":0,"68":0,"69":0,"70":0,"71":0,"72":0,"73":0,"74":0},"f":{"0":0,"1":0,"2":0,"3":0,"4":0,"5":0,"6":0,"7":0,"8":0,"9":0,"10":0,"11":0,"12":0,"13":0,"14":0},"b":{"0":[0],"1":[0],"2":[0],"3":[0],"4":[0],"5":[0,0,0,0,0],"6":[0],"7":[0],"8":[0],"9":[0,0],"10":[0],"11":[0,0,0,0,0,0]}}
,"C:\\Users\\bertc\\OneDrive\\Documenten\\Cline\\document-writer\\document-writer\\src\\types\\docxtemplater.d.ts": {"path":"C:\\Users\\bertc\\OneDrive\\Documenten\\Cline\\document-writer\\document-writer\\src\\types\\docxtemplater.d.ts","statementMap":{},"fnMap":{},"branchMap":{},"s":{},"f":{},"b":{}}
,"C:\\Users\\bertc\\OneDrive\\Documenten\\Cline\\document-writer\\document-writer\\src\\types\\pizzip.d.ts": {"path":"C:\\Users\\bertc\\OneDrive\\Documenten\\Cline\\document-writer\\document-writer\\src\\types\\pizzip.d.ts","statementMap":{},"fnMap":{},"branchMap":{},"s":{},"f":{},"b":{}}
}
