TN:
SF:src/extension.ts
FN:28,activate
FN:35,(anonymous_10)
FN:94,(anonymous_11)
FN:95,(anonymous_12)
FN:103,(anonymous_13)
FN:151,(anonymous_14)
FN:155,(anonymous_15)
FN:159,(anonymous_16)
FN:163,(anonymous_17)
FN:172,(anonymous_18)
FN:183,(anonymous_19)
FN:189,(anonymous_20)
FN:200,(anonymous_21)
FN:221,(anonymous_22)
FN:232,(anonymous_23)
FN:253,(anonymous_24)
FN:264,(anonymous_25)
FN:285,(anonymous_26)
FN:296,(anonymous_27)
FN:318,(anonymous_28)
FN:334,(anonymous_29)
FN:342,(anonymous_30)
FN:370,(anonymous_31)
FN:383,(anonymous_32)
FN:387,(anonymous_33)
FN:422,(anonymous_34)
FN:427,(anonymous_35)
FN:443,(anonymous_36)
FN:447,(anonymous_37)
FN:468,deactivate
FNF:30
FNH:0
FNDA:0,activate
FNDA:0,(anonymous_10)
FNDA:0,(anonymous_11)
FNDA:0,(anonymous_12)
FNDA:0,(anonymous_13)
FNDA:0,(anonymous_14)
FNDA:0,(anonymous_15)
FNDA:0,(anonymous_16)
FNDA:0,(anonymous_17)
FNDA:0,(anonymous_18)
FNDA:0,(anonymous_19)
FNDA:0,(anonymous_20)
FNDA:0,(anonymous_21)
FNDA:0,(anonymous_22)
FNDA:0,(anonymous_23)
FNDA:0,(anonymous_24)
FNDA:0,(anonymous_25)
FNDA:0,(anonymous_26)
FNDA:0,(anonymous_27)
FNDA:0,(anonymous_28)
FNDA:0,(anonymous_29)
FNDA:0,(anonymous_30)
FNDA:0,(anonymous_31)
FNDA:0,(anonymous_32)
FNDA:0,(anonymous_33)
FNDA:0,(anonymous_34)
FNDA:0,(anonymous_35)
FNDA:0,(anonymous_36)
FNDA:0,(anonymous_37)
FNDA:0,deactivate
DA:1,0
DA:2,0
DA:3,0
DA:4,0
DA:5,0
DA:6,0
DA:7,0
DA:8,0
DA:9,0
DA:10,0
DA:11,0
DA:12,0
DA:13,0
DA:14,0
DA:15,0
DA:16,0
DA:17,0
DA:18,0
DA:19,0
DA:20,0
DA:21,0
DA:22,0
DA:23,0
DA:24,0
DA:25,0
DA:26,0
DA:28,0
DA:29,0
DA:30,0
DA:31,0
DA:34,0
DA:36,0
DA:41,0
DA:42,0
DA:43,0
DA:44,0
DA:45,0
DA:48,0
DA:49,0
DA:50,0
DA:51,0
DA:52,0
DA:55,0
DA:56,0
DA:59,0
DA:62,0
DA:63,0
DA:66,0
DA:67,0
DA:70,0
DA:71,0
DA:74,0
DA:75,0
DA:78,0
DA:79,0
DA:82,0
DA:85,0
DA:88,0
DA:91,0
DA:94,0
DA:96,0
DA:97,0
DA:102,0
DA:104,0
DA:105,0
DA:106,0
DA:107,0
DA:112,0
DA:115,0
DA:116,0
DA:117,0
DA:125,0
DA:135,0
DA:136,0
DA:139,0
DA:144,0
DA:147,0
DA:150,0
DA:152,0
DA:156,0
DA:160,0
DA:164,0
DA:165,0
DA:166,0
DA:168,0
DA:173,0
DA:174,0
DA:176,0
DA:177,0
DA:179,0
DA:184,0
DA:185,0
DA:186,0
DA:190,0
DA:191,0
DA:195,0
DA:201,0
DA:203,0
DA:204,0
DA:205,0
DA:208,0
DA:209,0
DA:213,0
DA:216,0
DA:218,0
DA:222,0
DA:223,0
DA:227,0
DA:233,0
DA:235,0
DA:236,0
DA:237,0
DA:240,0
DA:241,0
DA:245,0
DA:248,0
DA:250,0
DA:254,0
DA:255,0
DA:259,0
DA:265,0
DA:267,0
DA:268,0
DA:269,0
DA:272,0
DA:273,0
DA:277,0
DA:280,0
DA:282,0
DA:286,0
DA:287,0
DA:291,0
DA:297,0
DA:298,0
DA:308,0
DA:309,0
DA:311,0
DA:314,0
DA:319,0
DA:321,0
DA:322,0
DA:326,0
DA:327,0
DA:330,0
DA:335,0
DA:336,0
DA:338,0
DA:343,0
DA:344,0
DA:346,0
DA:347,0
DA:350,0
DA:360,0
DA:361,0
DA:362,0
DA:366,0
DA:371,0
DA:372,0
DA:373,0
DA:374,0
DA:375,0
DA:376,0
DA:378,0
DA:379,0
DA:384,0
DA:388,0
DA:395,0
DA:399,0
DA:400,0
DA:401,0
DA:402,0
DA:404,0
DA:405,0
DA:407,0
DA:408,0
DA:410,0
DA:411,0
DA:413,0
DA:414,0
DA:417,0
DA:424,0
DA:429,0
DA:440,0
DA:444,0
DA:448,0
DA:449,0
DA:450,0
DA:452,0
DA:458,0
DA:460,0
DA:462,0
DA:463,0
DA:464,0
DA:468,0
LF:194
LH:0
BRDA:190,0,0,0
BRDA:203,1,0,0
BRDA:203,1,1,0
BRDA:204,2,0,0
BRDA:204,2,1,0
BRDA:205,3,0,0
BRDA:205,3,1,0
BRDA:208,4,0,0
BRDA:213,5,0,0
BRDA:213,5,1,0
BRDA:222,6,0,0
BRDA:235,7,0,0
BRDA:235,7,1,0
BRDA:236,8,0,0
BRDA:236,8,1,0
BRDA:237,9,0,0
BRDA:237,9,1,0
BRDA:240,10,0,0
BRDA:245,11,0,0
BRDA:245,11,1,0
BRDA:254,12,0,0
BRDA:267,13,0,0
BRDA:267,13,1,0
BRDA:268,14,0,0
BRDA:268,14,1,0
BRDA:269,15,0,0
BRDA:269,15,1,0
BRDA:272,16,0,0
BRDA:277,17,0,0
BRDA:277,17,1,0
BRDA:286,18,0,0
BRDA:308,19,0,0
BRDA:308,20,0,0
BRDA:308,20,1,0
BRDA:326,21,0,0
BRDA:344,22,0,0
BRDA:344,22,1,0
BRDA:360,23,0,0
BRDA:360,24,0,0
BRDA:360,24,1,0
BRDA:399,25,0,0
BRDA:401,26,0,0
BRDA:401,26,1,0
BRDA:402,27,0,0
BRDA:402,27,1,0
BRDA:402,27,2,0
BRDA:402,27,3,0
BRDA:449,28,0,0
BRDA:449,28,1,0
BRF:49
BRH:0
end_of_record
TN:
SF:src/core/aiDocumentGenerator.ts
FN:547,(anonymous_0)
FN:557,(anonymous_1)
FN:637,(anonymous_2)
FN:644,(anonymous_3)
FN:681,(anonymous_4)
FN:689,(anonymous_5)
FN:709,(anonymous_6)
FN:734,(anonymous_7)
FN:739,(anonymous_8)
FN:778,(anonymous_9)
FN:807,(anonymous_10)
FN:852,(anonymous_11)
FN:870,(anonymous_12)
FN:884,(anonymous_13)
FN:891,(anonymous_14)
FN:892,(anonymous_15)
FN:902,(anonymous_16)
FN:924,(anonymous_17)
FN:934,(anonymous_18)
FN:1031,(anonymous_19)
FN:1066,(anonymous_20)
FN:1067,(anonymous_21)
FN:1075,(anonymous_22)
FN:1077,(anonymous_23)
FN:1085,(anonymous_24)
FN:1087,(anonymous_25)
FN:1095,(anonymous_26)
FN:1096,(anonymous_27)
FN:1101,(anonymous_28)
FN:1110,(anonymous_29)
FN:1144,(anonymous_30)
FNF:31
FNH:0
FNDA:0,(anonymous_0)
FNDA:0,(anonymous_1)
FNDA:0,(anonymous_2)
FNDA:0,(anonymous_3)
FNDA:0,(anonymous_4)
FNDA:0,(anonymous_5)
FNDA:0,(anonymous_6)
FNDA:0,(anonymous_7)
FNDA:0,(anonymous_8)
FNDA:0,(anonymous_9)
FNDA:0,(anonymous_10)
FNDA:0,(anonymous_11)
FNDA:0,(anonymous_12)
FNDA:0,(anonymous_13)
FNDA:0,(anonymous_14)
FNDA:0,(anonymous_15)
FNDA:0,(anonymous_16)
FNDA:0,(anonymous_17)
FNDA:0,(anonymous_18)
FNDA:0,(anonymous_19)
FNDA:0,(anonymous_20)
FNDA:0,(anonymous_21)
FNDA:0,(anonymous_22)
FNDA:0,(anonymous_23)
FNDA:0,(anonymous_24)
FNDA:0,(anonymous_25)
FNDA:0,(anonymous_26)
FNDA:0,(anonymous_27)
FNDA:0,(anonymous_28)
FNDA:0,(anonymous_29)
FNDA:0,(anonymous_30)
DA:144,0
DA:146,0
DA:489,0
DA:548,0
DA:549,0
DA:559,0
DA:562,0
DA:564,0
DA:565,0
DA:568,0
DA:570,0
DA:571,0
DA:573,0
DA:575,0
DA:576,0
DA:577,0
DA:579,0
DA:584,0
DA:585,0
DA:586,0
DA:591,0
DA:593,0
DA:594,0
DA:596,0
DA:597,0
DA:599,0
DA:600,0
DA:602,0
DA:603,0
DA:605,0
DA:606,0
DA:609,0
DA:612,0
DA:617,0
DA:619,0
DA:620,0
DA:621,0
DA:622,0
DA:627,0
DA:628,0
DA:638,0
DA:639,0
DA:642,0
DA:643,0
DA:644,0
DA:648,0
DA:649,0
DA:651,0
DA:654,0
DA:656,0
DA:657,0
DA:658,0
DA:659,0
DA:660,0
DA:661,0
DA:662,0
DA:666,0
DA:667,0
DA:671,0
DA:681,0
DA:690,0
DA:691,0
DA:694,0
DA:695,0
DA:698,0
DA:699,0
DA:707,0
DA:708,0
DA:709,0
DA:710,0
DA:711,0
DA:714,0
DA:716,0
DA:717,0
DA:718,0
DA:721,0
DA:725,0
DA:736,0
DA:739,0
DA:740,0
DA:746,0
DA:748,0
DA:749,0
DA:751,0
DA:752,0
DA:754,0
DA:755,0
DA:757,0
DA:758,0
DA:760,0
DA:761,0
DA:763,0
DA:764,0
DA:767,0
DA:771,0
DA:773,0
DA:776,0
DA:778,0
DA:780,0
DA:782,0
DA:786,0
DA:798,0
DA:808,0
DA:811,0
DA:812,0
DA:813,0
DA:817,0
DA:818,0
DA:819,0
DA:823,0
DA:824,0
DA:825,0
DA:826,0
DA:827,0
DA:833,0
DA:834,0
DA:835,0
DA:836,0
DA:837,0
DA:838,0
DA:839,0
DA:843,0
DA:853,0
DA:854,0
DA:857,0
DA:858,0
DA:859,0
DA:862,0
DA:864,0
DA:865,0
DA:869,0
DA:870,0
DA:871,0
DA:873,0
DA:874,0
DA:875,0
DA:876,0
DA:881,0
DA:882,0
DA:884,0
DA:885,0
DA:886,0
DA:887,0
DA:888,0
DA:891,0
DA:892,0
DA:893,0
DA:894,0
DA:895,0
DA:899,0
DA:901,0
DA:902,0
DA:903,0
DA:905,0
DA:906,0
DA:907,0
DA:908,0
DA:909,0
DA:914,0
DA:915,0
DA:924,0
DA:944,0
DA:1018,0
DA:1019,0
DA:1020,0
DA:1022,0
DA:1036,0
DA:1037,0
DA:1038,0
DA:1039,0
DA:1042,0
DA:1045,0
DA:1048,0
DA:1067,0
DA:1077,0
DA:1087,0
DA:1096,0
DA:1097,0
DA:1098,0
DA:1101,0
DA:1102,0
DA:1112,0
DA:1113,0
DA:1116,0
DA:1117,0
DA:1118,0
DA:1122,0
DA:1123,0
DA:1126,0
DA:1128,0
DA:1134,0
DA:1145,0
DA:1148,0
DA:1149,0
DA:1150,0
DA:1151,0
DA:1155,0
DA:1158,0
DA:1159,0
DA:1160,0
DA:1162,0
DA:1165,0
DA:1166,0
DA:1168,0
DA:1169,0
DA:1171,0
DA:1175,0
DA:1176,0
DA:1178,0
DA:1179,0
DA:1181,0
DA:1185,0
DA:1186,0
DA:1188,0
DA:1192,0
DA:1193,0
DA:1195,0
DA:1199,0
DA:1200,0
DA:1202,0
DA:1203,0
DA:1205,0
DA:1206,0
DA:1208,0
DA:1209,0
DA:1211,0
DA:1212,0
DA:1214,0
DA:1218,0
DA:1219,0
DA:1223,0
DA:1224,0
DA:1227,0
LF:233
LH:0
BRDA:573,0,0,0
BRDA:577,1,0,0
BRDA:577,1,1,0
BRDA:585,2,0,0
BRDA:591,3,0,0
BRDA:591,3,1,0
BRDA:591,4,0,0
BRDA:591,4,1,0
BRDA:591,4,2,0
BRDA:594,5,0,0
BRDA:594,5,1,0
BRDA:594,6,0,0
BRDA:594,6,1,0
BRDA:594,6,2,0
BRDA:597,7,0,0
BRDA:597,7,1,0
BRDA:597,8,0,0
BRDA:597,8,1,0
BRDA:597,8,2,0
BRDA:600,9,0,0
BRDA:600,9,1,0
BRDA:600,10,0,0
BRDA:600,10,1,0
BRDA:600,10,2,0
BRDA:600,10,3,0
BRDA:603,11,0,0
BRDA:603,11,1,0
BRDA:603,12,0,0
BRDA:603,12,1,0
BRDA:603,12,2,0
BRDA:606,13,0,0
BRDA:606,14,0,0
BRDA:606,14,1,0
BRDA:606,14,2,0
BRDA:606,14,3,0
BRDA:606,14,4,0
BRDA:620,15,0,0
BRDA:628,16,0,0
BRDA:628,16,1,0
BRDA:642,17,0,0
BRDA:649,18,0,0
BRDA:654,19,0,0
BRDA:654,19,1,0
BRDA:654,20,0,0
BRDA:654,20,1,0
BRDA:654,20,2,0
BRDA:657,21,0,0
BRDA:657,21,1,0
BRDA:657,22,0,0
BRDA:657,22,1,0
BRDA:659,23,0,0
BRDA:659,23,1,0
BRDA:661,24,0,0
BRDA:666,25,0,0
BRDA:666,26,0,0
BRDA:666,26,1,0
BRDA:666,26,2,0
BRDA:673,27,0,0
BRDA:673,27,1,0
BRDA:698,28,0,0
BRDA:707,29,0,0
BRDA:707,29,1,0
BRDA:711,30,0,0
BRDA:711,30,1,0
BRDA:711,30,2,0
BRDA:714,31,0,0
BRDA:714,32,0,0
BRDA:714,32,1,0
BRDA:714,32,2,0
BRDA:714,32,3,0
BRDA:717,33,0,0
BRDA:746,34,0,0
BRDA:746,34,1,0
BRDA:746,34,2,0
BRDA:746,34,3,0
BRDA:746,34,4,0
BRDA:746,34,5,0
BRDA:771,35,0,0
BRDA:780,36,0,0
BRDA:780,36,1,0
BRDA:783,37,0,0
BRDA:783,37,1,0
BRDA:788,38,0,0
BRDA:788,38,1,0
BRDA:812,39,0,0
BRDA:812,40,0,0
BRDA:812,40,1,0
BRDA:818,41,0,0
BRDA:818,42,0,0
BRDA:818,42,1,0
BRDA:823,43,0,0
BRDA:825,44,0,0
BRDA:825,45,0,0
BRDA:825,45,1,0
BRDA:837,46,0,0
BRDA:837,47,0,0
BRDA:837,47,1,0
BRDA:862,48,0,0
BRDA:862,49,0,0
BRDA:862,49,1,0
BRDA:862,49,2,0
BRDA:869,50,0,0
BRDA:869,51,0,0
BRDA:869,51,1,0
BRDA:873,52,0,0
BRDA:885,53,0,0
BRDA:892,54,0,0
BRDA:892,55,0,0
BRDA:892,55,1,0
BRDA:899,56,0,0
BRDA:905,57,0,0
BRDA:914,58,0,0
BRDA:1018,59,0,0
BRDA:1018,59,1,0
BRDA:1020,60,0,0
BRDA:1020,60,1,0
BRDA:1045,61,0,0
BRDA:1045,61,1,0
BRDA:1057,62,0,0
BRDA:1057,62,1,0
BRDA:1097,63,0,0
BRDA:1118,64,0,0
BRDA:1118,64,1,0
BRDA:1148,65,0,0
BRDA:1148,65,1,0
BRDA:1150,66,0,0
BRDA:1155,67,0,0
BRDA:1155,67,1,0
BRDA:1155,67,2,0
BRDA:1155,67,3,0
BRDA:1155,67,4,0
BRDA:1155,67,5,0
BRDA:1155,67,6,0
BRDA:1155,67,7,0
BRDA:1155,67,8,0
BRDA:1155,67,9,0
BRDA:1155,67,10,0
BRDA:1159,68,0,0
BRDA:1165,69,0,0
BRDA:1168,70,0,0
BRDA:1168,71,0,0
BRDA:1168,71,1,0
BRDA:1175,72,0,0
BRDA:1175,73,0,0
BRDA:1175,73,1,0
BRDA:1178,74,0,0
BRDA:1178,75,0,0
BRDA:1178,75,1,0
BRDA:1185,76,0,0
BRDA:1192,77,0,0
BRDA:1199,78,0,0
BRDA:1199,79,0,0
BRDA:1199,79,1,0
BRDA:1202,80,0,0
BRDA:1202,81,0,0
BRDA:1202,81,1,0
BRDA:1205,82,0,0
BRDA:1205,83,0,0
BRDA:1205,83,1,0
BRDA:1208,84,0,0
BRDA:1208,85,0,0
BRDA:1208,85,1,0
BRDA:1211,86,0,0
BRDA:1218,87,0,0
BRDA:1223,88,0,0
BRF:165
BRH:0
end_of_record
TN:
SF:src/core/chartGenerator.ts
FN:48,(anonymous_0)
FN:62,(anonymous_1)
FN:80,(anonymous_2)
FN:89,(anonymous_3)
FN:100,(anonymous_4)
FN:115,(anonymous_5)
FN:118,(anonymous_6)
FN:125,(anonymous_7)
FN:152,(anonymous_8)
FN:187,(anonymous_9)
FN:216,(anonymous_10)
FN:239,(anonymous_11)
FN:249,(anonymous_12)
FN:273,(anonymous_13)
FN:291,(anonymous_14)
FN:311,(anonymous_15)
FN:313,(anonymous_16)
FN:314,(anonymous_17)
FN:315,(anonymous_18)
FNF:19
FNH:0
FNDA:0,(anonymous_0)
FNDA:0,(anonymous_1)
FNDA:0,(anonymous_2)
FNDA:0,(anonymous_3)
FNDA:0,(anonymous_4)
FNDA:0,(anonymous_5)
FNDA:0,(anonymous_6)
FNDA:0,(anonymous_7)
FNDA:0,(anonymous_8)
FNDA:0,(anonymous_9)
FNDA:0,(anonymous_10)
FNDA:0,(anonymous_11)
FNDA:0,(anonymous_12)
FNDA:0,(anonymous_13)
FNDA:0,(anonymous_14)
FNDA:0,(anonymous_15)
FNDA:0,(anonymous_16)
FNDA:0,(anonymous_17)
FNDA:0,(anonymous_18)
DA:28,0
DA:29,0
DA:38,0
DA:49,0
DA:51,0
DA:52,0
DA:55,0
DA:58,0
DA:59,0
DA:62,0
DA:70,0
DA:73,0
DA:75,0
DA:76,0
DA:81,0
DA:82,0
DA:85,0
DA:86,0
DA:89,0
DA:90,0
DA:91,0
DA:94,0
DA:95,0
DA:101,0
DA:102,0
DA:103,0
DA:106,0
DA:107,0
DA:110,0
DA:111,0
DA:116,0
DA:117,0
DA:118,0
DA:119,0
DA:122,0
DA:126,0
DA:127,0
DA:153,0
DA:154,0
DA:155,0
DA:156,0
DA:160,0
DA:188,0
DA:190,0
DA:191,0
DA:194,0
DA:197,0
DA:200,0
DA:202,0
DA:204,0
DA:206,0
DA:208,0
DA:211,0
DA:212,0
DA:217,0
DA:219,0
DA:220,0
DA:223,0
DA:224,0
DA:227,0
DA:228,0
DA:229,0
DA:232,0
DA:235,0
DA:236,0
DA:239,0
DA:242,0
DA:244,0
DA:245,0
DA:250,0
DA:252,0
DA:253,0
DA:254,0
DA:257,0
DA:258,0
DA:261,0
DA:262,0
DA:263,0
DA:266,0
DA:269,0
DA:270,0
DA:273,0
DA:276,0
DA:279,0
DA:284,0
DA:286,0
DA:287,0
DA:292,0
DA:293,0
DA:296,0
DA:297,0
DA:299,0
DA:302,0
DA:305,0
DA:311,0
DA:312,0
DA:313,0
DA:314,0
DA:315,0
DA:316,0
DA:319,0
DA:320,0
LF:102
LH:0
BRDA:58,0,0,0
BRDA:58,0,1,0
BRDA:59,1,0,0
BRDA:59,1,1,0
BRDA:64,2,0,0
BRDA:64,2,1,0
BRDA:65,3,0,0
BRDA:65,3,1,0
BRDA:66,4,0,0
BRDA:66,4,1,0
BRDA:75,5,0,0
BRDA:75,5,1,0
BRDA:81,6,0,0
BRDA:81,7,0,0
BRDA:81,7,1,0
BRDA:85,8,0,0
BRDA:85,9,0,0
BRDA:85,9,1,0
BRDA:90,10,0,0
BRDA:90,11,0,0
BRDA:90,11,1,0
BRDA:94,12,0,0
BRDA:102,13,0,0
BRDA:106,14,0,0
BRDA:106,15,0,0
BRDA:106,15,1,0
BRDA:110,16,0,0
BRDA:110,17,0,0
BRDA:110,17,1,0
BRDA:116,18,0,0
BRDA:116,18,1,0
BRDA:117,19,0,0
BRDA:146,20,0,0
BRDA:146,20,1,0
BRDA:154,21,0,0
BRDA:154,21,1,0
BRDA:155,22,0,0
BRDA:155,22,1,0
BRDA:156,23,0,0
BRDA:156,23,1,0
BRDA:200,24,0,0
BRDA:200,24,1,0
BRDA:200,24,2,0
BRDA:200,24,3,0
BRDA:211,25,0,0
BRDA:211,25,1,0
BRDA:223,26,0,0
BRDA:223,26,1,0
BRDA:224,27,0,0
BRDA:224,27,1,0
BRDA:244,28,0,0
BRDA:244,28,1,0
BRDA:257,29,0,0
BRDA:257,29,1,0
BRDA:258,30,0,0
BRDA:258,30,1,0
BRDA:286,31,0,0
BRDA:286,31,1,0
BRDA:296,32,0,0
BRDA:296,32,1,0
BRDA:297,33,0,0
BRDA:297,33,1,0
BRDA:319,34,0,0
BRDA:319,34,1,0
BRF:64
BRH:0
end_of_record
TN:
SF:src/core/contentSuggestionEngine.ts
FN:37,(anonymous_0)
FN:45,(anonymous_1)
FN:70,(anonymous_2)
FN:90,(anonymous_3)
FN:138,(anonymous_4)
FN:201,(anonymous_5)
FN:246,(anonymous_6)
FN:291,(anonymous_7)
FN:323,(anonymous_8)
FN:328,(anonymous_9)
FN:333,(anonymous_10)
FN:350,(anonymous_11)
FN:361,(anonymous_12)
FN:384,(anonymous_13)
FN:425,(anonymous_14)
FN:441,(anonymous_15)
FN:477,(anonymous_16)
FNF:17
FNH:1
FNDA:3,(anonymous_0)
FNDA:0,(anonymous_1)
FNDA:0,(anonymous_2)
FNDA:0,(anonymous_3)
FNDA:0,(anonymous_4)
FNDA:0,(anonymous_5)
FNDA:0,(anonymous_6)
FNDA:0,(anonymous_7)
FNDA:0,(anonymous_8)
FNDA:0,(anonymous_9)
FNDA:0,(anonymous_10)
FNDA:0,(anonymous_11)
FNDA:0,(anonymous_12)
FNDA:0,(anonymous_13)
FNDA:0,(anonymous_14)
FNDA:0,(anonymous_15)
FNDA:0,(anonymous_16)
DA:2,1
DA:28,1
DA:30,3
DA:38,3
DA:39,3
DA:47,0
DA:50,0
DA:53,0
DA:54,0
DA:55,0
DA:58,0
DA:67,0
DA:71,0
DA:72,0
DA:75,0
DA:76,0
DA:79,0
DA:80,0
DA:81,0
DA:84,0
DA:85,0
DA:86,0
DA:97,0
DA:100,0
DA:101,0
DA:109,0
DA:110,0
DA:118,0
DA:119,0
DA:127,0
DA:128,0
DA:135,0
DA:143,0
DA:145,0
DA:147,0
DA:161,0
DA:163,0
DA:164,0
DA:171,0
DA:173,0
DA:187,0
DA:189,0
DA:195,0
DA:198,0
DA:206,0
DA:208,0
DA:210,0
DA:216,0
DA:218,0
DA:224,0
DA:226,0
DA:232,0
DA:234,0
DA:240,0
DA:243,0
DA:251,0
DA:253,0
DA:255,0
DA:261,0
DA:263,0
DA:269,0
DA:271,0
DA:277,0
DA:279,0
DA:285,0
DA:288,0
DA:297,0
DA:300,0
DA:301,0
DA:310,0
DA:311,0
DA:320,0
DA:328,0
DA:329,0
DA:333,0
DA:334,0
DA:335,0
DA:336,0
DA:340,0
DA:357,0
DA:360,0
DA:361,0
DA:365,0
DA:366,0
DA:367,0
DA:368,0
DA:369,0
DA:370,0
DA:371,0
DA:372,0
DA:374,0
DA:388,0
DA:391,0
DA:392,0
DA:398,0
DA:399,0
DA:405,0
DA:406,0
DA:413,0
DA:427,0
DA:428,0
DA:431,0
DA:452,0
DA:480,0
LF:104
LH:5
BRDA:39,0,0,3
BRDA:71,1,0,0
BRDA:71,2,0,0
BRDA:71,2,1,0
BRDA:75,3,0,0
BRDA:75,4,0,0
BRDA:75,4,1,0
BRDA:75,4,2,0
BRDA:80,5,0,0
BRDA:80,6,0,0
BRDA:80,6,1,0
BRDA:85,7,0,0
BRDA:85,8,0,0
BRDA:85,8,1,0
BRDA:95,9,0,0
BRDA:100,10,0,0
BRDA:109,11,0,0
BRDA:118,12,0,0
BRDA:127,13,0,0
BRDA:145,14,0,0
BRDA:145,14,1,0
BRDA:145,14,2,0
BRDA:145,14,3,0
BRDA:163,15,0,0
BRDA:208,16,0,0
BRDA:208,16,1,0
BRDA:208,16,2,0
BRDA:208,16,3,0
BRDA:253,17,0,0
BRDA:253,17,1,0
BRDA:253,17,2,0
BRDA:253,17,3,0
BRDA:300,18,0,0
BRDA:310,19,0,0
BRDA:329,20,0,0
BRDA:329,20,1,0
BRDA:334,21,0,0
BRDA:334,21,1,0
BRDA:335,22,0,0
BRDA:335,22,1,0
BRDA:340,23,0,0
BRDA:340,23,1,0
BRDA:352,24,0,0
BRDA:360,25,0,0
BRDA:360,25,1,0
BRDA:360,26,0,0
BRDA:360,26,1,0
BRDA:365,27,0,0
BRDA:365,27,1,0
BRDA:365,28,0,0
BRDA:365,28,1,0
BRDA:367,29,0,0
BRDA:367,29,1,0
BRDA:367,30,0,0
BRDA:367,30,1,0
BRDA:369,31,0,0
BRDA:369,31,1,0
BRDA:371,32,0,0
BRDA:371,32,1,0
BRDA:371,33,0,0
BRDA:371,33,1,0
BRDA:386,34,0,0
BRDA:391,35,0,0
BRDA:391,35,1,0
BRDA:391,36,0,0
BRDA:391,36,1,0
BRDA:398,37,0,0
BRDA:398,37,1,0
BRDA:398,38,0,0
BRDA:398,38,1,0
BRDA:405,39,0,0
BRDA:405,39,1,0
BRDA:405,40,0,0
BRDA:405,40,1,0
BRDA:427,41,0,0
BRDA:427,41,1,0
BRF:76
BRH:1
end_of_record
TN:
SF:src/core/documentAnalyzer.ts
FN:31,(anonymous_0)
FN:36,(anonymous_1)
FN:71,(anonymous_2)
FN:91,(anonymous_3)
FN:104,(anonymous_4)
FN:105,(anonymous_5)
FN:106,(anonymous_6)
FN:121,(anonymous_7)
FN:122,(anonymous_8)
FN:125,(anonymous_9)
FN:146,(anonymous_10)
FN:164,(anonymous_11)
FN:195,(anonymous_12)
FN:201,(anonymous_13)
FN:202,(anonymous_14)
FN:203,(anonymous_15)
FN:205,(anonymous_16)
FN:205,(anonymous_17)
FN:207,(anonymous_18)
FN:210,(anonymous_19)
FN:220,(anonymous_20)
FN:230,(anonymous_21)
FN:240,(anonymous_22)
FN:269,(anonymous_23)
FN:276,(anonymous_24)
FNF:25
FNH:0
FNDA:0,(anonymous_0)
FNDA:0,(anonymous_1)
FNDA:0,(anonymous_2)
FNDA:0,(anonymous_3)
FNDA:0,(anonymous_4)
FNDA:0,(anonymous_5)
FNDA:0,(anonymous_6)
FNDA:0,(anonymous_7)
FNDA:0,(anonymous_8)
FNDA:0,(anonymous_9)
FNDA:0,(anonymous_10)
FNDA:0,(anonymous_11)
FNDA:0,(anonymous_12)
FNDA:0,(anonymous_13)
FNDA:0,(anonymous_14)
FNDA:0,(anonymous_15)
FNDA:0,(anonymous_16)
FNDA:0,(anonymous_17)
FNDA:0,(anonymous_18)
FNDA:0,(anonymous_19)
FNDA:0,(anonymous_20)
FNDA:0,(anonymous_21)
FNDA:0,(anonymous_22)
FNDA:0,(anonymous_23)
FNDA:0,(anonymous_24)
DA:1,0
DA:2,0
DA:27,0
DA:32,0
DA:33,0
DA:38,0
DA:39,0
DA:40,0
DA:41,0
DA:44,0
DA:50,0
DA:53,0
DA:56,0
DA:59,0
DA:62,0
DA:65,0
DA:68,0
DA:71,0
DA:74,0
DA:76,0
DA:92,0
DA:94,0
DA:96,0
DA:98,0
DA:100,0
DA:105,0
DA:106,0
DA:107,0
DA:109,0
DA:110,0
DA:114,0
DA:118,0
DA:122,0
DA:127,0
DA:128,0
DA:130,0
DA:132,0
DA:133,0
DA:134,0
DA:138,0
DA:139,0
DA:143,0
DA:147,0
DA:149,0
DA:150,0
DA:151,0
DA:152,0
DA:153,0
DA:154,0
DA:155,0
DA:156,0
DA:157,0
DA:158,0
DA:160,0
DA:170,0
DA:176,0
DA:178,0
DA:180,0
DA:181,0
DA:182,0
DA:183,0
DA:188,0
DA:201,0
DA:202,0
DA:203,0
DA:205,0
DA:206,0
DA:207,0
DA:210,0
DA:212,0
DA:221,0
DA:222,0
DA:223,0
DA:224,0
DA:226,0
DA:231,0
DA:232,0
DA:233,0
DA:234,0
DA:235,0
DA:236,0
DA:237,0
DA:241,0
DA:242,0
DA:245,0
DA:246,0
DA:247,0
DA:248,0
DA:252,0
DA:253,0
DA:257,0
DA:258,0
DA:259,0
DA:260,0
DA:264,0
DA:265,0
DA:269,0
DA:270,0
DA:273,0
DA:277,0
DA:279,0
LF:101
LH:0
BRDA:92,0,0,0
BRDA:92,0,1,0
BRDA:92,0,2,0
BRDA:92,0,3,0
BRDA:109,1,0,0
BRDA:109,2,0,0
BRDA:109,2,1,0
BRDA:133,3,0,0
BRDA:138,4,0,0
BRDA:138,5,0,0
BRDA:138,5,1,0
BRDA:149,6,0,0
BRDA:149,6,1,0
BRDA:149,7,0,0
BRDA:149,7,1,0
BRDA:149,7,2,0
BRDA:151,8,0,0
BRDA:151,8,1,0
BRDA:151,9,0,0
BRDA:151,9,1,0
BRDA:151,9,2,0
BRDA:153,10,0,0
BRDA:153,10,1,0
BRDA:153,11,0,0
BRDA:153,11,1,0
BRDA:155,12,0,0
BRDA:155,12,1,0
BRDA:155,13,0,0
BRDA:155,13,1,0
BRDA:157,14,0,0
BRDA:157,14,1,0
BRDA:157,15,0,0
BRDA:157,15,1,0
BRDA:182,16,0,0
BRDA:182,17,0,0
BRDA:182,17,1,0
BRDA:206,18,0,0
BRDA:206,18,1,0
BRDA:221,19,0,0
BRDA:221,19,1,0
BRDA:221,19,2,0
BRDA:221,19,3,0
BRDA:221,19,4,0
BRDA:231,20,0,0
BRDA:232,21,0,0
BRDA:233,22,0,0
BRDA:234,23,0,0
BRDA:235,24,0,0
BRDA:236,25,0,0
BRDA:245,26,0,0
BRDA:245,26,1,0
BRDA:247,27,0,0
BRDA:252,28,0,0
BRDA:257,29,0,0
BRDA:257,29,1,0
BRDA:259,30,0,0
BRDA:264,31,0,0
BRDA:282,32,0,0
BRDA:282,32,1,0
BRF:59
BRH:0
end_of_record
TN:
SF:src/core/entityExtractor.ts
FN:42,(anonymous_0)
FN:68,(anonymous_1)
FN:126,(anonymous_2)
FN:135,(anonymous_3)
FN:158,(anonymous_4)
FN:160,(anonymous_5)
FN:167,(anonymous_6)
FN:204,(anonymous_7)
FN:237,(anonymous_8)
FN:249,(anonymous_9)
FN:260,(anonymous_10)
FN:261,(anonymous_11)
FN:305,(anonymous_12)
FNF:13
FNH:0
FNDA:0,(anonymous_0)
FNDA:0,(anonymous_1)
FNDA:0,(anonymous_2)
FNDA:0,(anonymous_3)
FNDA:0,(anonymous_4)
FNDA:0,(anonymous_5)
FNDA:0,(anonymous_6)
FNDA:0,(anonymous_7)
FNDA:0,(anonymous_8)
FNDA:0,(anonymous_9)
FNDA:0,(anonymous_10)
FNDA:0,(anonymous_11)
FNDA:0,(anonymous_12)
DA:3,1
DA:4,3
DA:15,3
DA:28,3
DA:35,3
DA:43,0
DA:44,0
DA:45,0
DA:48,0
DA:51,0
DA:52,0
DA:53,0
DA:54,0
DA:55,0
DA:56,0
DA:57,0
DA:58,0
DA:60,0
DA:63,0
DA:64,0
DA:69,0
DA:70,0
DA:71,0
DA:74,0
DA:75,0
DA:78,0
DA:79,0
DA:80,0
DA:81,0
DA:86,0
DA:87,0
DA:88,0
DA:89,0
DA:90,0
DA:91,0
DA:92,0
DA:93,0
DA:96,0
DA:102,0
DA:103,0
DA:104,0
DA:108,0
DA:109,0
DA:110,0
DA:114,0
DA:115,0
DA:116,0
DA:119,0
DA:121,0
DA:122,0
DA:127,0
DA:128,0
DA:129,0
DA:132,0
DA:135,0
DA:137,0
DA:138,0
DA:142,0
DA:149,0
DA:150,0
DA:151,0
DA:152,0
DA:157,0
DA:158,0
DA:160,0
DA:162,0
DA:163,0
DA:168,0
DA:169,0
DA:170,0
DA:173,0
DA:176,0
DA:192,0
DA:193,0
DA:196,0
DA:197,0
DA:198,0
DA:199,0
DA:203,0
DA:204,0
DA:205,0
DA:207,0
DA:208,0
DA:209,0
DA:210,0
DA:211,0
DA:212,0
DA:213,0
DA:214,0
DA:221,0
DA:222,0
DA:224,0
DA:225,0
DA:226,0
DA:227,0
DA:229,0
DA:232,0
DA:233,0
DA:244,0
DA:245,0
DA:246,0
DA:249,0
DA:250,0
DA:251,0
DA:260,0
DA:261,0
DA:263,0
DA:264,0
DA:265,0
DA:269,0
DA:270,0
DA:277,0
DA:278,0
DA:279,0
DA:280,0
DA:281,0
DA:282,0
DA:284,0
DA:287,0
DA:295,0
DA:296,0
DA:306,0
DA:307,0
DA:308,0
DA:310,0
DA:311,0
DA:318,0
DA:320,0
DA:321,0
LF:129
LH:5
BRDA:44,0,0,0
BRDA:44,1,0,0
BRDA:44,1,1,0
BRDA:51,2,0,0
BRDA:51,2,1,0
BRDA:51,3,0,0
BRDA:51,3,1,0
BRDA:51,3,2,0
BRDA:53,4,0,0
BRDA:53,4,1,0
BRDA:53,5,0,0
BRDA:53,5,1,0
BRDA:53,5,2,0
BRDA:55,6,0,0
BRDA:55,6,1,0
BRDA:55,7,0,0
BRDA:55,7,1,0
BRDA:55,7,2,0
BRDA:57,8,0,0
BRDA:57,8,1,0
BRDA:57,9,0,0
BRDA:57,9,1,0
BRDA:57,9,2,0
BRDA:63,10,0,0
BRDA:63,10,1,0
BRDA:70,11,0,0
BRDA:70,12,0,0
BRDA:70,12,1,0
BRDA:79,13,0,0
BRDA:88,14,0,0
BRDA:91,15,0,0
BRDA:103,16,0,0
BRDA:109,17,0,0
BRDA:115,18,0,0
BRDA:121,19,0,0
BRDA:121,19,1,0
BRDA:128,20,0,0
BRDA:128,21,0,0
BRDA:128,21,1,0
BRDA:137,22,0,0
BRDA:151,23,0,0
BRDA:151,24,0,0
BRDA:151,24,1,0
BRDA:152,25,0,0
BRDA:152,25,1,0
BRDA:162,26,0,0
BRDA:162,26,1,0
BRDA:169,27,0,0
BRDA:169,28,0,0
BRDA:169,28,1,0
BRDA:198,29,0,0
BRDA:198,29,1,0
BRDA:199,30,0,0
BRDA:199,30,1,0
BRDA:205,31,0,0
BRDA:208,32,0,0
BRDA:209,33,0,0
BRDA:209,33,1,0
BRDA:212,34,0,0
BRDA:224,35,0,0
BRDA:224,35,1,0
BRDA:226,36,0,0
BRDA:226,36,1,0
BRDA:226,37,0,0
BRDA:226,37,1,0
BRDA:227,38,0,0
BRDA:227,38,1,0
BRDA:227,39,0,0
BRDA:227,39,1,0
BRDA:229,40,0,0
BRDA:229,40,1,0
BRDA:232,41,0,0
BRDA:232,41,1,0
BRDA:245,42,0,0
BRDA:245,43,0,0
BRDA:245,43,1,0
BRDA:250,44,0,0
BRDA:277,45,0,0
BRDA:277,45,1,0
BRDA:279,46,0,0
BRDA:279,46,1,0
BRDA:281,47,0,0
BRDA:281,47,1,0
BRDA:295,48,0,0
BRDA:295,48,1,0
BRDA:320,49,0,0
BRDA:320,49,1,0
BRF:87
BRH:0
end_of_record
TN:
SF:src/core/feedbackLearningEngine.ts
FN:32,(anonymous_0)
FN:45,(anonymous_1)
FN:80,(anonymous_2)
FN:85,(anonymous_3)
FN:95,(anonymous_4)
FN:97,(anonymous_5)
FN:106,(anonymous_6)
FN:112,(anonymous_7)
FN:113,(anonymous_8)
FN:134,(anonymous_9)
FN:139,(anonymous_10)
FN:144,(anonymous_11)
FN:163,(anonymous_12)
FN:170,(anonymous_13)
FN:203,(anonymous_14)
FN:204,(anonymous_15)
FN:207,(anonymous_16)
FN:212,(anonymous_17)
FN:214,(anonymous_18)
FN:217,(anonymous_19)
FN:219,(anonymous_20)
FN:231,(anonymous_21)
FN:246,(anonymous_22)
FN:257,(anonymous_23)
FN:267,(anonymous_24)
FN:283,(anonymous_25)
FN:312,(anonymous_26)
FN:315,(anonymous_27)
FN:316,(anonymous_28)
FN:342,(anonymous_29)
FN:344,(anonymous_30)
FN:354,(anonymous_31)
FN:369,(anonymous_32)
FN:374,(anonymous_33)
FN:375,(anonymous_34)
FN:381,(anonymous_35)
FN:396,(anonymous_36)
FN:404,(anonymous_37)
FN:454,(anonymous_38)
FN:456,(anonymous_39)
FN:458,(anonymous_40)
FNF:41
FNH:14
FNDA:34,(anonymous_0)
FNDA:0,(anonymous_1)
FNDA:0,(anonymous_2)
FNDA:0,(anonymous_3)
FNDA:0,(anonymous_4)
FNDA:0,(anonymous_5)
FNDA:0,(anonymous_6)
FNDA:0,(anonymous_7)
FNDA:0,(anonymous_8)
FNDA:0,(anonymous_9)
FNDA:0,(anonymous_10)
FNDA:0,(anonymous_11)
FNDA:0,(anonymous_12)
FNDA:0,(anonymous_13)
FNDA:0,(anonymous_14)
FNDA:0,(anonymous_15)
FNDA:0,(anonymous_16)
FNDA:0,(anonymous_17)
FNDA:0,(anonymous_18)
FNDA:0,(anonymous_19)
FNDA:0,(anonymous_20)
FNDA:34,(anonymous_21)
FNDA:6,(anonymous_22)
FNDA:0,(anonymous_23)
FNDA:0,(anonymous_24)
FNDA:0,(anonymous_25)
FNDA:6,(anonymous_26)
FNDA:0,(anonymous_27)
FNDA:0,(anonymous_28)
FNDA:5,(anonymous_29)
FNDA:0,(anonymous_30)
FNDA:0,(anonymous_31)
FNDA:2,(anonymous_32)
FNDA:10,(anonymous_33)
FNDA:12,(anonymous_34)
FNDA:5,(anonymous_35)
FNDA:1,(anonymous_36)
FNDA:4,(anonymous_37)
FNDA:6,(anonymous_38)
FNDA:34,(anonymous_39)
FNDA:38,(anonymous_40)
DA:22,2
DA:23,34
DA:25,34
DA:26,34
DA:33,34
DA:34,34
DA:53,0
DA:63,0
DA:66,0
DA:67,0
DA:71,0
DA:85,0
DA:86,0
DA:87,0
DA:94,0
DA:95,0
DA:97,0
DA:108,0
DA:109,0
DA:112,0
DA:113,0
DA:116,0
DA:117,0
DA:118,0
DA:119,0
DA:124,0
DA:125,0
DA:136,0
DA:139,0
DA:140,0
DA:144,0
DA:146,0
DA:147,0
DA:151,0
DA:152,0
DA:155,0
DA:156,0
DA:159,0
DA:163,0
DA:176,0
DA:178,0
DA:179,0
DA:180,0
DA:186,0
DA:188,0
DA:190,0
DA:193,0
DA:194,0
DA:195,0
DA:196,0
DA:202,0
DA:203,0
DA:204,0
DA:206,0
DA:207,0
DA:211,0
DA:212,0
DA:214,0
DA:216,0
DA:217,0
DA:219,0
DA:221,0
DA:232,34
DA:233,34
DA:234,34
DA:235,0
DA:238,0
DA:239,0
DA:247,6
DA:248,6
DA:250,0
DA:258,0
DA:259,0
DA:268,0
DA:269,0
DA:270,0
DA:271,0
DA:273,0
DA:274,0
DA:284,0
DA:285,0
DA:286,0
DA:287,0
DA:289,0
DA:291,0
DA:294,0
DA:295,0
DA:298,0
DA:299,0
DA:302,0
DA:304,0
DA:305,0
DA:314,6
DA:315,0
DA:317,0
DA:318,0
DA:319,0
DA:320,0
DA:322,0
DA:326,6
DA:336,6
DA:344,5
DA:345,0
DA:349,5
DA:350,5
DA:354,0
DA:355,0
DA:357,0
DA:358,0
DA:359,0
DA:360,0
DA:362,0
DA:370,2
DA:373,2
DA:374,10
DA:375,12
DA:382,5
DA:385,5
DA:386,0
DA:390,5
DA:397,1
DA:398,1
DA:405,4
DA:408,4
DA:411,2
DA:415,2
DA:418,1
DA:422,1
DA:425,0
DA:429,1
DA:432,0
DA:436,1
DA:439,0
DA:443,1
DA:445,0
DA:448,1
DA:455,6
DA:456,34
DA:457,6
DA:458,38
DA:460,6
DA:461,2
DA:465,4
DA:466,4
DA:468,4
DA:469,4
DA:470,16
DA:471,5
DA:476,4
DA:477,4
LF:150
LH:50
BRDA:66,0,0,0
BRDA:80,1,0,0
BRDA:118,2,0,0
BRDA:125,3,0,0
BRDA:125,3,1,0
BRDA:134,4,0,0
BRDA:140,5,0,0
BRDA:140,5,1,0
BRDA:146,6,0,0
BRDA:146,7,0,0
BRDA:146,7,1,0
BRDA:151,8,0,0
BRDA:152,9,0,0
BRDA:155,10,0,0
BRDA:155,11,0,0
BRDA:155,11,1,0
BRDA:156,12,0,0
BRDA:156,13,0,0
BRDA:156,13,1,0
BRDA:179,14,0,0
BRDA:181,15,0,0
BRDA:181,15,1,0
BRDA:190,16,0,0
BRDA:190,16,1,0
BRDA:195,17,0,0
BRDA:196,18,0,0
BRDA:196,18,1,0
BRDA:206,19,0,0
BRDA:206,19,1,0
BRDA:234,20,0,0
BRDA:289,21,0,0
BRDA:294,22,0,0
BRDA:318,23,0,0
BRDA:319,24,0,0
BRDA:319,24,1,0
BRDA:320,25,0,0
BRDA:320,25,1,0
BRDA:345,26,0,0
BRDA:345,26,1,0
BRDA:349,27,0,5
BRDA:357,28,0,0
BRDA:357,28,1,0
BRDA:359,29,0,0
BRDA:359,29,1,0
BRDA:385,30,0,0
BRDA:408,31,0,2
BRDA:408,32,0,4
BRDA:408,32,1,2
BRDA:408,32,2,2
BRDA:408,32,3,2
BRDA:408,32,4,2
BRDA:408,32,5,2
BRDA:415,33,0,1
BRDA:415,34,0,2
BRDA:415,34,1,1
BRDA:415,34,2,1
BRDA:415,34,3,1
BRDA:415,34,4,1
BRDA:415,34,5,1
BRDA:422,35,0,0
BRDA:422,36,0,1
BRDA:422,36,1,1
BRDA:422,36,2,1
BRDA:422,36,3,1
BRDA:422,36,4,1
BRDA:422,36,5,1
BRDA:429,37,0,0
BRDA:429,38,0,1
BRDA:429,38,1,1
BRDA:429,38,2,1
BRDA:429,38,3,1
BRDA:429,38,4,1
BRDA:429,38,5,1
BRDA:436,39,0,0
BRDA:436,40,0,1
BRDA:436,40,1,1
BRDA:436,40,2,1
BRDA:436,40,3,1
BRDA:436,40,4,1
BRDA:436,40,5,1
BRDA:443,41,0,0
BRDA:443,42,0,1
BRDA:443,42,1,1
BRDA:443,42,2,1
BRDA:443,42,3,1
BRDA:460,43,0,2
BRDA:460,44,0,6
BRDA:460,44,1,4
BRDA:470,45,0,5
BRF:89
BRH:41
end_of_record
TN:
SF:src/core/formatProcessor.ts
FN:44,(anonymous_9)
FN:84,(anonymous_10)
FN:91,(anonymous_11)
FN:106,(anonymous_12)
FN:112,(anonymous_13)
FN:134,(anonymous_14)
FN:165,(anonymous_15)
FN:182,(anonymous_16)
FN:215,(anonymous_17)
FN:263,(anonymous_18)
FN:275,(anonymous_19)
FN:294,(anonymous_20)
FN:307,(anonymous_21)
FN:320,(anonymous_22)
FN:331,(anonymous_23)
FN:336,(anonymous_24)
FNF:16
FNH:0
FNDA:0,(anonymous_9)
FNDA:0,(anonymous_10)
FNDA:0,(anonymous_11)
FNDA:0,(anonymous_12)
FNDA:0,(anonymous_13)
FNDA:0,(anonymous_14)
FNDA:0,(anonymous_15)
FNDA:0,(anonymous_16)
FNDA:0,(anonymous_17)
FNDA:0,(anonymous_18)
FNDA:0,(anonymous_19)
FNDA:0,(anonymous_20)
FNDA:0,(anonymous_21)
FNDA:0,(anonymous_22)
FNDA:0,(anonymous_23)
FNDA:0,(anonymous_24)
DA:1,0
DA:2,0
DA:28,0
DA:29,0
DA:46,0
DA:49,0
DA:50,0
DA:54,0
DA:56,0
DA:57,0
DA:59,0
DA:60,0
DA:62,0
DA:63,0
DA:65,0
DA:66,0
DA:68,0
DA:69,0
DA:71,0
DA:74,0
DA:85,0
DA:86,0
DA:87,0
DA:92,0
DA:93,0
DA:96,0
DA:97,0
DA:100,0
DA:101,0
DA:104,0
DA:105,0
DA:106,0
DA:107,0
DA:114,0
DA:117,0
DA:120,0
DA:123,0
DA:126,0
DA:129,0
DA:131,0
DA:136,0
DA:139,0
DA:140,0
DA:160,0
DA:162,0
DA:167,0
DA:170,0
DA:173,0
DA:174,0
DA:177,0
DA:179,0
DA:184,0
DA:187,0
DA:188,0
DA:206,0
DA:207,0
DA:210,0
DA:212,0
DA:216,0
DA:259,0
DA:260,0
DA:265,0
DA:277,0
DA:278,0
DA:282,0
DA:283,0
DA:284,0
DA:285,0
DA:286,0
DA:287,0
DA:291,0
DA:296,0
DA:309,0
DA:322,0
DA:332,0
DA:333,0
DA:334,0
DA:336,0
DA:338,0
DA:339,0
DA:343,0
DA:346,0
DA:347,0
DA:350,0
LF:84
LH:0
BRDA:54,0,0,0
BRDA:54,0,1,0
BRDA:54,0,2,0
BRDA:54,0,3,0
BRDA:54,0,4,0
BRDA:54,0,5,0
BRDA:86,1,0,0
BRDA:92,2,0,0
BRDA:92,3,0,0
BRDA:92,3,1,0
BRDA:92,3,2,0
BRDA:96,4,0,0
BRDA:96,5,0,0
BRDA:96,5,1,0
BRDA:96,5,2,0
BRDA:100,6,0,0
BRDA:100,7,0,0
BRDA:100,7,1,0
BRDA:100,7,2,0
BRDA:104,8,0,0
BRDA:106,9,0,0
BRDA:139,10,0,0
BRDA:160,11,0,0
BRDA:160,11,1,0
BRDA:173,12,0,0
BRDA:173,12,1,0
BRDA:187,13,0,0
BRDA:221,14,0,0
BRDA:221,14,1,0
BRDA:222,15,0,0
BRDA:222,15,1,0
BRDA:223,16,0,0
BRDA:223,16,1,0
BRDA:228,17,0,0
BRDA:228,17,1,0
BRDA:229,18,0,0
BRDA:229,18,1,0
BRDA:230,19,0,0
BRDA:230,19,1,0
BRDA:231,20,0,0
BRDA:231,20,1,0
BRDA:239,21,0,0
BRDA:239,21,1,0
BRDA:242,22,0,0
BRDA:242,22,1,0
BRDA:251,23,0,0
BRDA:251,23,1,0
BRDA:252,24,0,0
BRDA:252,24,1,0
BRDA:277,25,0,0
BRDA:282,26,0,0
BRDA:282,26,1,0
BRDA:282,27,0,0
BRDA:282,27,1,0
BRDA:284,28,0,0
BRDA:284,28,1,0
BRDA:284,29,0,0
BRDA:284,29,1,0
BRDA:286,30,0,0
BRDA:338,31,0,0
BRDA:343,32,0,0
BRDA:343,32,1,0
BRDA:346,33,0,0
BRDA:346,34,0,0
BRDA:346,34,1,0
BRF:65
BRH:0
end_of_record
TN:
SF:src/core/sentimentAnalyzer.ts
FN:23,(anonymous_0)
FN:30,(anonymous_1)
FN:134,(anonymous_2)
FN:195,(anonymous_3)
FN:229,(anonymous_4)
FN:237,(anonymous_5)
FN:245,(anonymous_6)
FN:271,(anonymous_7)
FN:321,(anonymous_8)
FN:337,(anonymous_9)
FNF:10
FNH:0
FNDA:0,(anonymous_0)
FNDA:0,(anonymous_1)
FNDA:0,(anonymous_2)
FNDA:0,(anonymous_3)
FNDA:0,(anonymous_4)
FNDA:0,(anonymous_5)
FNDA:0,(anonymous_6)
FNDA:0,(anonymous_7)
FNDA:0,(anonymous_8)
FNDA:0,(anonymous_9)
DA:17,0
DA:18,0
DA:24,0
DA:32,0
DA:76,0
DA:119,0
DA:120,0
DA:124,0
DA:125,0
DA:135,0
DA:136,0
DA:144,0
DA:147,0
DA:149,0
DA:150,0
DA:153,0
DA:154,0
DA:155,0
DA:156,0
DA:157,0
DA:158,0
DA:159,0
DA:164,0
DA:168,0
DA:173,0
DA:174,0
DA:175,0
DA:176,0
DA:177,0
DA:178,0
DA:180,0
DA:183,0
DA:196,0
DA:198,0
DA:204,0
DA:210,0
DA:217,0
DA:230,0
DA:237,0
DA:246,0
DA:254,0
DA:255,0
DA:257,0
DA:258,0
DA:259,0
DA:263,0
DA:273,0
DA:282,0
DA:291,0
DA:292,0
DA:295,0
DA:296,0
DA:297,0
DA:302,0
DA:303,0
DA:304,0
DA:309,0
DA:310,0
DA:313,0
DA:322,0
DA:337,0
DA:339,0
DA:340,0
DA:344,0
DA:347,0
DA:348,0
DA:350,0
DA:351,0
DA:352,0
DA:353,0
DA:354,0
DA:355,0
DA:357,0
LF:73
LH:0
BRDA:135,0,0,0
BRDA:135,1,0,0
BRDA:135,1,1,0
BRDA:154,2,0,0
BRDA:154,2,1,0
BRDA:155,3,0,0
BRDA:155,3,1,0
BRDA:157,4,0,0
BRDA:158,5,0,0
BRDA:158,5,1,0
BRDA:164,6,0,0
BRDA:164,6,1,0
BRDA:173,7,0,0
BRDA:173,7,1,0
BRDA:175,8,0,0
BRDA:175,8,1,0
BRDA:177,9,0,0
BRDA:177,9,1,0
BRDA:196,10,0,0
BRDA:196,10,1,0
BRDA:196,10,2,0
BRDA:196,10,3,0
BRDA:196,10,4,0
BRDA:199,11,0,0
BRDA:199,11,1,0
BRDA:200,12,0,0
BRDA:200,12,1,0
BRDA:205,13,0,0
BRDA:205,13,1,0
BRDA:206,14,0,0
BRDA:206,14,1,0
BRDA:258,15,0,0
BRDA:296,16,0,0
BRDA:303,17,0,0
BRDA:339,18,0,0
BRDA:350,19,0,0
BRDA:350,19,1,0
BRDA:352,20,0,0
BRDA:352,20,1,0
BRDA:354,21,0,0
BRDA:354,21,1,0
BRF:41
BRH:0
end_of_record
TN:
SF:src/core/templateEngine.ts
FN:26,(anonymous_0)
FN:35,(anonymous_1)
FN:37,(anonymous_2)
FN:66,(anonymous_3)
FN:78,(anonymous_4)
FN:87,(anonymous_5)
FN:92,(anonymous_6)
FN:104,(anonymous_7)
FN:117,(anonymous_8)
FN:145,(anonymous_9)
FN:160,(anonymous_10)
FN:187,(anonymous_11)
FN:199,(anonymous_12)
FN:233,(anonymous_13)
FN:257,(anonymous_14)
FN:270,(anonymous_15)
FN:279,(anonymous_16)
FN:288,(anonymous_17)
FN:297,(anonymous_18)
FNF:19
FNH:0
FNDA:0,(anonymous_0)
FNDA:0,(anonymous_1)
FNDA:0,(anonymous_2)
FNDA:0,(anonymous_3)
FNDA:0,(anonymous_4)
FNDA:0,(anonymous_5)
FNDA:0,(anonymous_6)
FNDA:0,(anonymous_7)
FNDA:0,(anonymous_8)
FNDA:0,(anonymous_9)
FNDA:0,(anonymous_10)
FNDA:0,(anonymous_11)
FNDA:0,(anonymous_12)
FNDA:0,(anonymous_13)
FNDA:0,(anonymous_14)
FNDA:0,(anonymous_15)
FNDA:0,(anonymous_16)
FNDA:0,(anonymous_17)
FNDA:0,(anonymous_18)
DA:19,0
DA:26,0
DA:27,0
DA:28,0
DA:29,0
DA:37,0
DA:38,0
DA:39,0
DA:43,0
DA:46,0
DA:48,0
DA:50,0
DA:57,0
DA:59,0
DA:61,0
DA:66,0
DA:67,0
DA:68,0
DA:71,0
DA:78,0
DA:79,0
DA:80,0
DA:83,0
DA:87,0
DA:88,0
DA:92,0
DA:93,0
DA:94,0
DA:97,0
DA:105,0
DA:106,0
DA:107,0
DA:109,0
DA:118,0
DA:119,0
DA:121,0
DA:122,0
DA:124,0
DA:126,0
DA:127,0
DA:129,0
DA:130,0
DA:131,0
DA:136,0
DA:146,0
DA:147,0
DA:148,0
DA:150,0
DA:151,0
DA:161,0
DA:162,0
DA:163,0
DA:166,0
DA:174,0
DA:175,0
DA:178,0
DA:188,0
DA:189,0
DA:190,0
DA:200,0
DA:201,0
DA:202,0
DA:205,0
DA:208,0
DA:209,0
DA:210,0
DA:213,0
DA:214,0
DA:215,0
DA:216,0
DA:221,0
DA:234,0
DA:236,0
DA:238,0
DA:240,0
DA:242,0
DA:244,0
DA:246,0
DA:248,0
DA:258,0
DA:259,0
DA:260,0
DA:262,0
DA:271,0
DA:280,0
DA:289,0
DA:298,0
LF:87
LH:0
BRDA:38,0,0,0
BRDA:43,1,0,0
BRDA:43,1,1,0
BRDA:46,2,0,0
BRDA:46,2,1,0
BRDA:46,2,2,0
BRDA:46,2,3,0
BRDA:46,2,4,0
BRDA:66,3,0,0
BRDA:67,4,0,0
BRDA:67,5,0,0
BRDA:67,5,1,0
BRDA:78,6,0,0
BRDA:79,7,0,0
BRDA:79,8,0,0
BRDA:79,8,1,0
BRDA:88,9,0,0
BRDA:88,9,1,0
BRDA:92,10,0,0
BRDA:93,11,0,0
BRDA:93,12,0,0
BRDA:93,12,1,0
BRDA:124,13,0,0
BRDA:124,13,1,0
BRDA:127,14,0,0
BRDA:130,15,0,0
BRDA:162,16,0,0
BRDA:174,17,0,0
BRDA:201,18,0,0
BRDA:209,19,0,0
BRDA:209,20,0,0
BRDA:209,20,1,0
BRDA:213,21,0,0
BRDA:215,22,0,0
BRDA:234,23,0,0
BRDA:234,23,1,0
BRDA:234,23,2,0
BRDA:234,23,3,0
BRDA:234,23,4,0
BRDA:234,23,5,0
BRDA:234,23,6,0
BRDA:244,24,0,0
BRDA:244,24,1,0
BRDA:244,24,2,0
BRDA:246,25,0,0
BRDA:246,25,1,0
BRDA:246,25,2,0
BRF:47
BRH:0
end_of_record
TN:
SF:src/integrations/clineIntegration.ts
FN:24,(anonymous_9)
FN:32,(anonymous_10)
FN:42,(anonymous_11)
FN:50,(anonymous_12)
FN:70,(anonymous_13)
FN:82,(anonymous_14)
FN:91,(anonymous_15)
FN:99,(anonymous_16)
FN:112,(anonymous_17)
FN:126,(anonymous_18)
FN:134,(anonymous_19)
FN:142,(anonymous_20)
FN:151,(anonymous_21)
FN:197,(anonymous_22)
FN:199,(anonymous_23)
FN:218,(anonymous_24)
FN:258,(anonymous_25)
FN:259,(anonymous_26)
FN:262,(anonymous_27)
FN:266,(anonymous_28)
FN:270,(anonymous_29)
FN:281,(anonymous_30)
FN:282,(anonymous_31)
FN:285,(anonymous_32)
FN:288,(anonymous_33)
FN:296,(anonymous_34)
FN:297,(anonymous_35)
FN:307,(anonymous_36)
FNF:28
FNH:0
FNDA:0,(anonymous_9)
FNDA:0,(anonymous_10)
FNDA:0,(anonymous_11)
FNDA:0,(anonymous_12)
FNDA:0,(anonymous_13)
FNDA:0,(anonymous_14)
FNDA:0,(anonymous_15)
FNDA:0,(anonymous_16)
FNDA:0,(anonymous_17)
FNDA:0,(anonymous_18)
FNDA:0,(anonymous_19)
FNDA:0,(anonymous_20)
FNDA:0,(anonymous_21)
FNDA:0,(anonymous_22)
FNDA:0,(anonymous_23)
FNDA:0,(anonymous_24)
FNDA:0,(anonymous_25)
FNDA:0,(anonymous_26)
FNDA:0,(anonymous_27)
FNDA:0,(anonymous_28)
FNDA:0,(anonymous_29)
FNDA:0,(anonymous_30)
FNDA:0,(anonymous_31)
FNDA:0,(anonymous_32)
FNDA:0,(anonymous_33)
FNDA:0,(anonymous_34)
FNDA:0,(anonymous_35)
FNDA:0,(anonymous_36)
DA:1,0
DA:2,0
DA:4,0
DA:5,0
DA:6,0
DA:7,0
DA:8,0
DA:9,0
DA:14,0
DA:15,0
DA:16,0
DA:17,0
DA:18,0
DA:19,0
DA:25,0
DA:33,0
DA:34,0
DA:35,0
DA:37,0
DA:38,0
DA:42,0
DA:44,0
DA:52,0
DA:53,0
DA:54,0
DA:57,0
DA:60,0
DA:63,0
DA:71,0
DA:72,0
DA:75,0
DA:76,0
DA:83,0
DA:85,0
DA:88,0
DA:91,0
DA:92,0
DA:95,0
DA:99,0
DA:100,0
DA:101,0
DA:104,0
DA:105,0
DA:113,0
DA:114,0
DA:115,0
DA:116,0
DA:117,0
DA:118,0
DA:127,0
DA:135,0
DA:143,0
DA:152,0
DA:154,0
DA:155,0
DA:156,0
DA:159,0
DA:160,0
DA:161,0
DA:162,0
DA:166,0
DA:167,0
DA:168,0
DA:169,0
DA:173,0
DA:174,0
DA:177,0
DA:178,0
DA:179,0
DA:180,0
DA:182,0
DA:183,0
DA:186,0
DA:187,0
DA:188,0
DA:199,0
DA:206,0
DA:207,0
DA:219,0
DA:221,0
DA:222,0
DA:225,0
DA:226,0
DA:227,0
DA:228,0
DA:232,0
DA:233,0
DA:234,0
DA:235,0
DA:236,0
DA:240,0
DA:241,0
DA:244,0
DA:245,0
DA:247,0
DA:248,0
DA:249,0
DA:259,0
DA:260,0
DA:262,0
DA:263,0
DA:266,0
DA:267,0
DA:270,0
DA:271,0
DA:282,0
DA:283,0
DA:285,0
DA:286,0
DA:288,0
DA:289,0
DA:292,0
DA:296,0
DA:297,0
DA:298,0
DA:308,0
DA:309,0
DA:311,0
DA:312,0
DA:317,0
DA:318,0
DA:320,0
DA:321,0
DA:325,0
DA:326,0
LF:125
LH:0
BRDA:71,0,0,0
BRDA:105,1,0,0
BRDA:105,1,1,0
BRDA:113,2,0,0
BRDA:127,3,0,0
BRDA:127,3,1,0
BRDA:159,4,0,0
BRDA:166,5,0,0
BRDA:166,6,0,0
BRDA:166,6,1,0
BRDA:177,7,0,0
BRDA:177,7,1,0
BRDA:179,8,0,0
BRDA:179,8,1,0
BRDA:188,9,0,0
BRDA:188,9,1,0
BRDA:225,10,0,0
BRDA:225,11,0,0
BRDA:225,11,1,0
BRDA:233,12,0,0
BRDA:249,13,0,0
BRDA:249,13,1,0
BRDA:286,14,0,0
BRDA:286,14,1,0
BRDA:309,15,0,0
BRDA:309,16,0,0
BRDA:309,16,1,0
BRDA:311,17,0,0
BRDA:311,17,1,0
BRDA:326,18,0,0
BRDA:326,18,1,0
BRF:31
BRH:0
end_of_record
TN:
SF:src/models/documentAnnotation.ts
FN:11,(anonymous_0)
FN:270,(anonymous_1)
FN:275,(anonymous_2)
FN:285,(anonymous_3)
FN:307,(anonymous_4)
FN:326,(anonymous_5)
FN:367,(anonymous_6)
FN:378,(anonymous_7)
FN:407,(anonymous_8)
FN:417,(anonymous_9)
FN:431,(anonymous_10)
FN:443,(anonymous_11)
FN:479,(anonymous_12)
FN:492,(anonymous_13)
FN:540,(anonymous_14)
FN:561,(anonymous_15)
FN:568,(anonymous_16)
FNF:17
FNH:0
FNDA:0,(anonymous_0)
FNDA:0,(anonymous_1)
FNDA:0,(anonymous_2)
FNDA:0,(anonymous_3)
FNDA:0,(anonymous_4)
FNDA:0,(anonymous_5)
FNDA:0,(anonymous_6)
FNDA:0,(anonymous_7)
FNDA:0,(anonymous_8)
FNDA:0,(anonymous_9)
FNDA:0,(anonymous_10)
FNDA:0,(anonymous_11)
FNDA:0,(anonymous_12)
FNDA:0,(anonymous_13)
FNDA:0,(anonymous_14)
FNDA:0,(anonymous_15)
FNDA:0,(anonymous_16)
DA:11,0
DA:15,0
DA:20,0
DA:25,0
DA:30,0
DA:35,0
DA:40,0
DA:265,0
DA:276,0
DA:277,0
DA:279,0
DA:286,0
DA:289,0
DA:290,0
DA:293,0
DA:296,0
DA:297,0
DA:299,0
DA:300,0
DA:311,0
DA:313,0
DA:315,0
DA:316,0
DA:318,0
DA:319,0
DA:332,0
DA:335,0
DA:338,0
DA:356,0
DA:359,0
DA:361,0
DA:372,0
DA:375,0
DA:378,0
DA:380,0
DA:381,0
DA:385,0
DA:396,0
DA:399,0
DA:401,0
DA:411,0
DA:414,0
DA:417,0
DA:420,0
DA:421,0
DA:425,0
DA:437,0
DA:440,0
DA:443,0
DA:445,0
DA:446,0
DA:450,0
DA:460,0
DA:461,0
DA:465,0
DA:468,0
DA:471,0
DA:473,0
DA:481,0
DA:482,0
DA:483,0
DA:488,0
DA:489,0
DA:490,0
DA:492,0
DA:493,0
DA:495,0
DA:506,0
DA:510,0
DA:541,0
DA:543,0
DA:545,0
DA:547,0
DA:549,0
DA:551,0
DA:554,0
DA:562,0
DA:571,0
DA:572,0
DA:575,0
DA:576,0
DA:584,0
DA:585,0
DA:597,0
LF:84
LH:0
BRDA:11,0,0,0
BRDA:11,0,1,0
BRDA:276,1,0,0
BRDA:289,2,0,0
BRDA:290,3,0,0
BRDA:290,3,1,0
BRDA:330,4,0,0
BRDA:343,5,0,0
BRDA:343,5,1,0
BRDA:361,6,0,0
BRDA:361,6,1,0
BRDA:380,7,0,0
BRDA:401,8,0,0
BRDA:401,8,1,0
BRDA:420,9,0,0
BRDA:435,10,0,0
BRDA:445,11,0,0
BRDA:460,12,0,0
BRDA:473,13,0,0
BRDA:473,13,1,0
BRDA:483,14,0,0
BRDA:483,14,1,0
BRDA:489,15,0,0
BRDA:489,16,0,0
BRDA:489,16,1,0
BRDA:527,17,0,0
BRDA:527,17,1,0
BRDA:541,18,0,0
BRDA:541,18,1,0
BRDA:541,18,2,0
BRDA:541,18,3,0
BRDA:541,18,4,0
BRDA:541,18,5,0
BRDA:541,18,6,0
BRDA:571,19,0,0
BRDA:575,20,0,0
BRDA:584,21,0,0
BRF:37
BRH:0
end_of_record
TN:
SF:src/models/documentFormat.ts
FN:1,(anonymous_0)
FNF:1
FNH:1
FNDA:4,(anonymous_0)
DA:1,4
DA:2,4
DA:3,4
DA:4,4
DA:5,4
DA:6,4
LF:6
LH:6
BRDA:1,0,0,4
BRDA:1,0,1,4
BRF:2
BRH:2
end_of_record
TN:
SF:src/models/documentTemplate.ts
FN:3,(anonymous_0)
FN:9,(anonymous_1)
FNF:2
FNH:2
FNDA:2,(anonymous_0)
FNDA:2,(anonymous_1)
DA:3,2
DA:4,2
DA:5,2
DA:6,2
DA:9,2
DA:10,2
DA:11,2
DA:12,2
DA:13,2
DA:14,2
DA:15,2
DA:16,2
LF:12
LH:12
BRDA:3,0,0,2
BRDA:3,0,1,2
BRDA:9,1,0,2
BRDA:9,1,1,2
BRF:4
BRH:4
end_of_record
TN:
SF:src/models/mcpServerConfig.ts
FN:69,(anonymous_9)
FN:88,(anonymous_10)
FNF:2
FNH:0
FNDA:0,(anonymous_9)
FNDA:0,(anonymous_10)
DA:1,0
DA:52,0
DA:63,0
DA:64,0
DA:70,0
DA:72,0
DA:89,0
DA:91,0
DA:92,0
DA:93,0
DA:95,0
DA:96,0
DA:99,0
DA:100,0
DA:104,0
DA:106,0
DA:109,0
DA:111,0
DA:114,0
DA:115,0
LF:20
LH:0
BRDA:78,0,0,0
BRDA:78,0,1,0
BRDA:79,1,0,0
BRDA:79,1,1,0
BRDA:95,2,0,0
BRDA:99,3,0,0
BRDA:104,4,0,0
BRDA:109,5,0,0
BRDA:114,6,0,0
BRF:9
BRH:0
end_of_record
TN:
SF:src/models/mcpTool.ts
FN:56,(anonymous_0)
FNF:1
FNH:0
FNDA:0,(anonymous_0)
DA:57,0
DA:58,0
DA:59,0
LF:3
LH:0
BRF:0
BRH:0
end_of_record
TN:
SF:src/models/previewOptions.ts
FN:10,(anonymous_0)
FN:311,(anonymous_1)
FN:318,(anonymous_2)
FN:328,(anonymous_3)
FN:377,(anonymous_4)
FN:464,(anonymous_5)
FN:485,(anonymous_6)
FN:524,(anonymous_7)
FN:544,(anonymous_8)
FN:551,(anonymous_9)
FN:602,(anonymous_10)
FN:609,(anonymous_11)
FN:616,(anonymous_12)
FN:654,(anonymous_13)
FN:661,(anonymous_14)
FNF:15
FNH:0
FNDA:0,(anonymous_0)
FNDA:0,(anonymous_1)
FNDA:0,(anonymous_2)
FNDA:0,(anonymous_3)
FNDA:0,(anonymous_4)
FNDA:0,(anonymous_5)
FNDA:0,(anonymous_6)
FNDA:0,(anonymous_7)
FNDA:0,(anonymous_8)
FNDA:0,(anonymous_9)
FNDA:0,(anonymous_10)
FNDA:0,(anonymous_11)
FNDA:0,(anonymous_12)
FNDA:0,(anonymous_13)
FNDA:0,(anonymous_14)
DA:7,0
DA:10,0
DA:287,0
DA:296,0
DA:301,0
DA:306,0
DA:312,0
DA:319,0
DA:320,0
DA:322,0
DA:330,0
DA:377,0
DA:378,0
DA:384,0
DA:402,0
DA:421,0
DA:441,0
DA:465,0
DA:468,0
DA:469,0
DA:472,0
DA:475,0
DA:477,0
DA:478,0
DA:490,0
DA:492,0
DA:494,0
DA:499,0
DA:512,0
DA:514,0
DA:516,0
DA:517,0
DA:528,0
DA:530,0
DA:532,0
DA:534,0
DA:536,0
DA:537,0
DA:545,0
DA:552,0
DA:603,0
DA:610,0
DA:621,0
DA:624,0
DA:627,0
DA:628,0
DA:629,0
DA:630,0
DA:631,0
DA:632,0
DA:633,0
DA:634,0
DA:635,0
DA:638,0
DA:639,0
DA:640,0
DA:641,0
DA:642,0
DA:643,0
DA:644,0
DA:645,0
DA:646,0
DA:648,0
DA:655,0
DA:656,0
DA:659,0
DA:661,0
DA:662,0
DA:663,0
DA:666,0
DA:667,0
DA:670,0
DA:679,0
DA:682,0
DA:686,0
LF:75
LH:0
BRDA:319,0,0,0
BRDA:468,1,0,0
BRDA:469,2,0,0
BRDA:469,2,1,0
BRDA:488,3,0,0
BRDA:494,4,0,0
BRDA:494,4,1,0
BRDA:500,5,0,0
BRDA:500,5,1,0
BRDA:501,6,0,0
BRDA:501,6,1,0
BRDA:506,7,0,0
BRDA:506,7,1,0
BRDA:507,8,0,0
BRDA:507,8,1,0
BRDA:545,9,0,0
BRDA:545,9,1,0
BRDA:627,10,0,0
BRDA:628,11,0,0
BRDA:629,12,0,0
BRDA:630,13,0,0
BRDA:631,14,0,0
BRDA:632,15,0,0
BRDA:633,16,0,0
BRDA:634,17,0,0
BRDA:635,18,0,0
BRDA:638,19,0,0
BRDA:639,20,0,0
BRDA:640,21,0,0
BRDA:641,22,0,0
BRDA:642,23,0,0
BRDA:643,24,0,0
BRDA:644,25,0,0
BRDA:645,26,0,0
BRDA:646,27,0,0
BRDA:655,28,0,0
BRDA:666,29,0,0
BRDA:670,30,0,0
BRDA:670,30,1,0
BRDA:671,31,0,0
BRDA:671,31,1,0
BRDA:671,31,2,0
BRDA:671,31,3,0
BRDA:671,31,4,0
BRDA:671,31,5,0
BRF:45
BRH:0
end_of_record
TN:
SF:src/models/webviewState.ts
FN:26,(anonymous_0)
FN:34,(anonymous_1)
FN:45,(anonymous_2)
FN:51,(anonymous_3)
FN:64,(anonymous_4)
FN:83,(anonymous_5)
FN:93,(anonymous_6)
FN:117,(anonymous_7)
FN:130,(anonymous_8)
FN:132,(anonymous_9)
FN:138,(anonymous_10)
FN:144,(anonymous_11)
FN:154,(anonymous_12)
FNF:13
FNH:0
FNDA:0,(anonymous_0)
FNDA:0,(anonymous_1)
FNDA:0,(anonymous_2)
FNDA:0,(anonymous_3)
FNDA:0,(anonymous_4)
FNDA:0,(anonymous_5)
FNDA:0,(anonymous_6)
FNDA:0,(anonymous_7)
FNDA:0,(anonymous_8)
FNDA:0,(anonymous_9)
FNDA:0,(anonymous_10)
FNDA:0,(anonymous_11)
FNDA:0,(anonymous_12)
DA:21,0
DA:27,0
DA:35,0
DA:36,0
DA:38,0
DA:46,0
DA:49,0
DA:50,0
DA:51,0
DA:52,0
DA:65,0
DA:72,0
DA:73,0
DA:75,0
DA:84,0
DA:94,0
DA:95,0
DA:96,0
DA:100,0
DA:105,0
DA:106,0
DA:107,0
DA:109,0
DA:118,0
DA:119,0
DA:120,0
DA:122,0
DA:131,0
DA:132,0
DA:139,0
DA:140,0
DA:143,0
DA:144,0
DA:145,0
DA:148,0
DA:155,0
DA:156,0
DA:157,0
LF:38
LH:0
BRDA:35,0,0,0
BRDA:50,1,0,0
BRDA:64,2,0,0
BRDA:95,3,0,0
BRDA:119,4,0,0
BRDA:139,5,0,0
BRDA:156,6,0,0
BRF:7
BRH:0
end_of_record
TN:
SF:src/models/tools/analyzeDocumentTool.ts
FN:7,(anonymous_0)
FN:36,(anonymous_1)
FN:79,(anonymous_2)
FN:80,(anonymous_3)
FN:88,(anonymous_4)
FN:90,(anonymous_5)
FN:98,(anonymous_6)
FN:100,(anonymous_7)
FN:108,(anonymous_8)
FN:109,(anonymous_9)
FN:114,(anonymous_10)
FN:123,(anonymous_11)
FN:177,(anonymous_12)
FNF:13
FNH:0
FNDA:0,(anonymous_0)
FNDA:0,(anonymous_1)
FNDA:0,(anonymous_2)
FNDA:0,(anonymous_3)
FNDA:0,(anonymous_4)
FNDA:0,(anonymous_5)
FNDA:0,(anonymous_6)
FNDA:0,(anonymous_7)
FNDA:0,(anonymous_8)
FNDA:0,(anonymous_9)
FNDA:0,(anonymous_10)
FNDA:0,(anonymous_11)
FNDA:0,(anonymous_12)
DA:8,0
DA:37,0
DA:39,0
DA:45,0
DA:46,0
DA:47,0
DA:48,0
DA:51,0
DA:54,0
DA:57,0
DA:69,0
DA:70,0
DA:80,0
DA:90,0
DA:100,0
DA:109,0
DA:110,0
DA:111,0
DA:114,0
DA:115,0
DA:127,0
DA:128,0
DA:130,0
DA:131,0
DA:133,0
DA:136,0
DA:138,0
DA:143,0
DA:144,0
DA:151,0
DA:152,0
DA:155,0
DA:160,0
DA:161,0
DA:167,0
DA:178,0
DA:181,0
DA:182,0
DA:183,0
DA:184,0
DA:188,0
DA:190,0
DA:191,0
DA:192,0
DA:194,0
DA:197,0
DA:198,0
DA:200,0
DA:201,0
DA:203,0
DA:206,0
DA:207,0
DA:209,0
DA:210,0
DA:212,0
DA:215,0
DA:216,0
DA:218,0
DA:221,0
DA:222,0
DA:224,0
DA:228,0
DA:229,0
DA:233,0
DA:234,0
DA:237,0
LF:66
LH:0
BRDA:39,0,0,0
BRDA:70,1,0,0
BRDA:70,1,1,0
BRDA:110,2,0,0
BRDA:138,3,0,0
BRDA:138,3,1,0
BRDA:139,4,0,0
BRDA:139,4,1,0
BRDA:139,4,2,0
BRDA:139,4,3,0
BRDA:139,4,4,0
BRDA:139,4,5,0
BRDA:143,5,0,0
BRDA:143,6,0,0
BRDA:143,6,1,0
BRDA:160,7,0,0
BRDA:160,8,0,0
BRDA:160,8,1,0
BRDA:181,9,0,0
BRDA:181,9,1,0
BRDA:183,10,0,0
BRDA:188,11,0,0
BRDA:188,11,1,0
BRDA:188,11,2,0
BRDA:188,11,3,0
BRDA:188,11,4,0
BRDA:191,12,0,0
BRDA:197,13,0,0
BRDA:200,14,0,0
BRDA:200,15,0,0
BRDA:200,15,1,0
BRDA:206,16,0,0
BRDA:206,17,0,0
BRDA:206,17,1,0
BRDA:209,18,0,0
BRDA:209,19,0,0
BRDA:209,19,1,0
BRDA:215,20,0,0
BRDA:221,21,0,0
BRDA:228,22,0,0
BRDA:233,23,0,0
BRF:41
BRH:0
end_of_record
TN:
SF:src/models/tools/createDocumentTool.ts
FN:18,(anonymous_9)
FN:77,(anonymous_10)
FN:171,(anonymous_11)
FNF:3
FNH:0
FNDA:0,(anonymous_9)
FNDA:0,(anonymous_10)
FNDA:0,(anonymous_11)
DA:2,0
DA:3,0
DA:7,0
DA:12,0
DA:19,0
DA:20,0
DA:22,0
DA:87,0
DA:89,0
DA:94,0
DA:95,0
DA:103,0
DA:104,0
DA:105,0
DA:113,0
DA:115,0
DA:116,0
DA:118,0
DA:127,0
DA:145,0
DA:153,0
DA:160,0
DA:161,0
DA:162,0
DA:172,0
DA:174,0
DA:176,0
DA:179,0
DA:181,0
DA:183,0
DA:185,0
LF:31
LH:0
BRDA:94,0,0,0
BRDA:104,1,0,0
BRDA:115,2,0,0
BRDA:115,3,0,0
BRDA:115,3,1,0
BRDA:121,4,0,0
BRDA:121,4,1,0
BRDA:161,5,0,0
BRDA:161,5,1,0
BRDA:174,6,0,0
BRDA:174,6,1,0
BRDA:174,6,2,0
BRDA:174,6,3,0
BRDA:174,6,4,0
BRDA:174,6,5,0
BRF:15
BRH:0
end_of_record
TN:
SF:src/models/tools/generateChartTool.ts
FN:13,(anonymous_0)
FN:91,(anonymous_1)
FNF:2
FNH:0
FNDA:0,(anonymous_0)
FNDA:0,(anonymous_1)
DA:2,0
DA:8,0
DA:13,0
DA:14,0
DA:105,0
DA:107,0
DA:113,0
DA:121,0
DA:124,0
DA:132,0
DA:133,0
LF:11
LH:0
BRDA:128,0,0,0
BRDA:128,0,1,0
BRDA:129,1,0,0
BRDA:129,1,1,0
BRDA:133,2,0,0
BRDA:133,2,1,0
BRF:6
BRH:0
end_of_record
TN:
SF:src/providers/autoSaveManager.ts
FN:30,(anonymous_9)
FN:52,(anonymous_10)
FN:54,(anonymous_11)
FN:57,(anonymous_12)
FN:66,(anonymous_13)
FN:71,(anonymous_14)
FN:89,(anonymous_15)
FN:107,(anonymous_16)
FN:123,(anonymous_17)
FN:135,(anonymous_18)
FN:145,(anonymous_19)
FN:167,(anonymous_20)
FN:181,(anonymous_21)
FN:219,(anonymous_22)
FN:269,(anonymous_23)
FN:289,(anonymous_24)
FN:300,(anonymous_25)
FN:321,(anonymous_26)
FNF:18
FNH:0
FNDA:0,(anonymous_9)
FNDA:0,(anonymous_10)
FNDA:0,(anonymous_11)
FNDA:0,(anonymous_12)
FNDA:0,(anonymous_13)
FNDA:0,(anonymous_14)
FNDA:0,(anonymous_15)
FNDA:0,(anonymous_16)
FNDA:0,(anonymous_17)
FNDA:0,(anonymous_18)
FNDA:0,(anonymous_19)
FNDA:0,(anonymous_20)
FNDA:0,(anonymous_21)
FNDA:0,(anonymous_22)
FNDA:0,(anonymous_23)
FNDA:0,(anonymous_24)
FNDA:0,(anonymous_25)
FNDA:0,(anonymous_26)
DA:1,0
DA:18,0
DA:19,0
DA:20,0
DA:21,0
DA:22,0
DA:26,0
DA:31,0
DA:32,0
DA:33,0
DA:36,0
DA:40,0
DA:41,0
DA:42,0
DA:43,0
DA:46,0
DA:49,0
DA:53,0
DA:55,0
DA:58,0
DA:68,0
DA:71,0
DA:72,0
DA:73,0
DA:78,0
DA:81,0
DA:83,0
DA:90,0
DA:91,0
DA:92,0
DA:95,0
DA:96,0
DA:97,0
DA:100,0
DA:101,0
DA:108,0
DA:110,0
DA:111,0
DA:112,0
DA:114,0
DA:115,0
DA:124,0
DA:125,0
DA:128,0
DA:131,0
DA:132,0
DA:135,0
DA:136,0
DA:137,0
DA:146,0
DA:147,0
DA:150,0
DA:152,0
DA:160,0
DA:163,0
DA:164,0
DA:167,0
DA:168,0
DA:171,0
DA:173,0
DA:174,0
DA:182,0
DA:184,0
DA:185,0
DA:189,0
DA:190,0
DA:191,0
DA:193,0
DA:195,0
DA:196,0
DA:200,0
DA:201,0
DA:203,0
DA:209,0
DA:210,0
DA:211,0
DA:212,0
DA:220,0
DA:222,0
DA:223,0
DA:224,0
DA:227,0
DA:229,0
DA:230,0
DA:234,0
DA:235,0
DA:240,0
DA:241,0
DA:244,0
DA:245,0
DA:248,0
DA:250,0
DA:251,0
DA:254,0
DA:258,0
DA:259,0
DA:261,0
DA:262,0
DA:270,0
DA:271,0
DA:273,0
DA:274,0
DA:275,0
DA:276,0
DA:277,0
DA:278,0
DA:279,0
DA:280,0
DA:282,0
DA:290,0
DA:291,0
DA:292,0
DA:293,0
DA:302,0
DA:303,0
DA:306,0
DA:307,0
DA:308,0
DA:312,0
DA:314,0
DA:322,0
DA:323,0
LF:122
LH:0
BRDA:72,0,0,0
BRDA:72,1,0,0
BRDA:72,1,1,0
BRDA:90,2,0,0
BRDA:95,3,0,0
BRDA:110,4,0,0
BRDA:110,4,1,0
BRDA:131,5,0,0
BRDA:136,6,0,0
BRDA:136,7,0,0
BRDA:136,7,1,0
BRDA:146,8,0,0
BRDA:184,9,0,0
BRDA:184,10,0,0
BRDA:184,10,1,0
BRDA:193,11,0,0
BRDA:201,12,0,0
BRDA:201,12,1,0
BRDA:209,13,0,0
BRDA:209,13,1,0
BRDA:211,14,0,0
BRDA:222,15,0,0
BRDA:229,16,0,0
BRDA:235,17,0,0
BRDA:235,17,1,0
BRDA:250,18,0,0
BRDA:258,19,0,0
BRDA:273,20,0,0
BRDA:273,20,1,0
BRDA:275,21,0,0
BRDA:275,21,1,0
BRDA:277,22,0,0
BRDA:277,22,1,0
BRDA:278,23,0,0
BRDA:278,23,1,0
BRDA:280,24,0,0
BRDA:280,24,1,0
BRDA:302,25,0,0
BRDA:302,26,0,0
BRDA:302,26,1,0
BRDA:306,27,0,0
BRF:41
BRH:0
end_of_record
TN:
SF:src/providers/conversationHistoryManager.ts
FN:23,(anonymous_0)
FN:33,(anonymous_1)
FN:46,(anonymous_2)
FN:55,(anonymous_3)
FN:66,(anonymous_4)
FN:75,(anonymous_5)
FN:76,(anonymous_6)
FN:87,(anonymous_7)
FN:88,(anonymous_8)
FN:98,(anonymous_9)
FN:121,(anonymous_10)
FN:133,(anonymous_11)
FNF:12
FNH:0
FNDA:0,(anonymous_0)
FNDA:0,(anonymous_1)
FNDA:0,(anonymous_2)
FNDA:0,(anonymous_3)
FNDA:0,(anonymous_4)
FNDA:0,(anonymous_5)
FNDA:0,(anonymous_6)
FNDA:0,(anonymous_7)
FNDA:0,(anonymous_8)
FNDA:0,(anonymous_9)
FNDA:0,(anonymous_10)
FNDA:0,(anonymous_11)
DA:16,0
DA:17,0
DA:24,0
DA:25,0
DA:34,0
DA:37,0
DA:38,0
DA:47,0
DA:56,0
DA:57,0
DA:60,0
DA:67,0
DA:76,0
DA:88,0
DA:89,0
DA:99,0
DA:100,0
DA:105,0
DA:106,0
DA:108,0
DA:109,0
DA:111,0
DA:112,0
DA:122,0
DA:123,0
DA:124,0
DA:125,0
DA:128,0
DA:129,0
DA:133,0
DA:135,0
DA:136,0
DA:139,0
DA:143,0
DA:144,0
DA:146,0
DA:147,0
LF:37
LH:0
BRDA:24,0,0,0
BRDA:24,1,0,0
BRDA:24,1,1,0
BRDA:37,2,0,0
BRDA:56,3,0,0
BRDA:89,4,0,0
BRDA:89,4,1,0
BRDA:128,5,0,0
BRDA:128,6,0,0
BRDA:128,6,1,0
BRDA:135,7,0,0
BRF:11
BRH:0
end_of_record
TN:
SF:src/providers/documentAssistant.ts
FN:18,getNonce
FN:60,(anonymous_10)
FN:79,(anonymous_11)
FN:91,(anonymous_12)
FN:125,(anonymous_13)
FN:137,(anonymous_14)
FN:138,(anonymous_15)
FN:142,(anonymous_16)
FN:151,(anonymous_17)
FN:155,(anonymous_18)
FN:159,(anonymous_19)
FN:167,(anonymous_20)
FN:195,(anonymous_21)
FN:210,(anonymous_22)
FN:352,(anonymous_23)
FN:353,(anonymous_24)
FN:361,(anonymous_25)
FN:381,(anonymous_26)
FN:401,(anonymous_27)
FN:479,(anonymous_28)
FN:553,(anonymous_29)
FN:699,(anonymous_30)
FN:773,(anonymous_31)
FN:774,(anonymous_32)
FN:780,(anonymous_33)
FN:894,(anonymous_34)
FN:948,(anonymous_35)
FN:1005,(anonymous_36)
FN:1027,(anonymous_37)
FN:1029,(anonymous_38)
FN:1029,(anonymous_39)
FN:1035,(anonymous_40)
FN:1037,(anonymous_41)
FN:1037,(anonymous_42)
FN:1100,(anonymous_43)
FN:1160,(anonymous_44)
FN:1392,(anonymous_45)
FN:1401,(anonymous_46)
FN:1450,(anonymous_47)
FN:1513,(anonymous_48)
FN:1515,(anonymous_49)
FN:1571,(anonymous_50)
FN:1602,(anonymous_51)
FN:1645,(anonymous_52)
FN:1692,(anonymous_53)
FN:1768,(anonymous_54)
FNF:46
FNH:0
FNDA:0,getNonce
FNDA:0,(anonymous_10)
FNDA:0,(anonymous_11)
FNDA:0,(anonymous_12)
FNDA:0,(anonymous_13)
FNDA:0,(anonymous_14)
FNDA:0,(anonymous_15)
FNDA:0,(anonymous_16)
FNDA:0,(anonymous_17)
FNDA:0,(anonymous_18)
FNDA:0,(anonymous_19)
FNDA:0,(anonymous_20)
FNDA:0,(anonymous_21)
FNDA:0,(anonymous_22)
FNDA:0,(anonymous_23)
FNDA:0,(anonymous_24)
FNDA:0,(anonymous_25)
FNDA:0,(anonymous_26)
FNDA:0,(anonymous_27)
FNDA:0,(anonymous_28)
FNDA:0,(anonymous_29)
FNDA:0,(anonymous_30)
FNDA:0,(anonymous_31)
FNDA:0,(anonymous_32)
FNDA:0,(anonymous_33)
FNDA:0,(anonymous_34)
FNDA:0,(anonymous_35)
FNDA:0,(anonymous_36)
FNDA:0,(anonymous_37)
FNDA:0,(anonymous_38)
FNDA:0,(anonymous_39)
FNDA:0,(anonymous_40)
FNDA:0,(anonymous_41)
FNDA:0,(anonymous_42)
FNDA:0,(anonymous_43)
FNDA:0,(anonymous_44)
FNDA:0,(anonymous_45)
FNDA:0,(anonymous_46)
FNDA:0,(anonymous_47)
FNDA:0,(anonymous_48)
FNDA:0,(anonymous_49)
FNDA:0,(anonymous_50)
FNDA:0,(anonymous_51)
FNDA:0,(anonymous_52)
FNDA:0,(anonymous_53)
FNDA:0,(anonymous_54)
DA:1,0
DA:2,0
DA:3,0
DA:9,0
DA:10,0
DA:11,0
DA:12,0
DA:19,0
DA:46,0
DA:68,0
DA:69,0
DA:70,0
DA:71,0
DA:72,0
DA:73,0
DA:76,0
DA:79,0
DA:80,0
DA:81,0
DA:82,0
DA:93,0
DA:94,0
DA:98,0
DA:99,0
DA:100,0
DA:104,0
DA:119,0
DA:122,0
DA:125,0
DA:126,0
DA:130,0
DA:131,0
DA:138,0
DA:139,0
DA:142,0
DA:143,0
DA:144,0
DA:145,0
DA:147,0
DA:151,0
DA:152,0
DA:155,0
DA:156,0
DA:159,0
DA:160,0
DA:168,0
DA:170,0
DA:183,0
DA:189,0
DA:196,0
DA:198,0
DA:200,0
DA:211,0
DA:213,0
DA:215,0
DA:216,0
DA:217,0
DA:220,0
DA:228,0
DA:234,0
DA:237,0
DA:238,0
DA:240,0
DA:241,0
DA:242,0
DA:243,0
DA:244,0
DA:245,0
DA:246,0
DA:247,0
DA:251,0
DA:254,0
DA:257,0
DA:274,0
DA:275,0
DA:284,0
DA:285,0
DA:293,0
DA:294,0
DA:302,0
DA:316,0
DA:322,0
DA:324,0
DA:325,0
DA:327,0
DA:329,0
DA:336,0
DA:342,0
DA:353,0
DA:363,0
DA:364,0
DA:365,0
DA:366,0
DA:367,0
DA:368,0
DA:369,0
DA:370,0
DA:372,0
DA:382,0
DA:384,0
DA:385,0
DA:386,0
DA:387,0
DA:388,0
DA:389,0
DA:390,0
DA:391,0
DA:393,0
DA:402,0
DA:403,0
DA:406,0
DA:408,0
DA:413,0
DA:415,0
DA:416,0
DA:420,0
DA:423,0
DA:428,0
DA:441,0
DA:447,0
DA:449,0
DA:451,0
DA:453,0
DA:458,0
DA:465,0
DA:471,0
DA:480,0
DA:481,0
DA:484,0
DA:486,0
DA:491,0
DA:493,0
DA:494,0
DA:498,0
DA:501,0
DA:506,0
DA:514,0
DA:520,0
DA:522,0
DA:524,0
DA:526,0
DA:531,0
DA:538,0
DA:544,0
DA:554,0
DA:555,0
DA:558,0
DA:560,0
DA:561,0
DA:562,0
DA:565,0
DA:570,0
DA:572,0
DA:573,0
DA:577,0
DA:578,0
DA:580,0
DA:581,0
DA:582,0
DA:583,0
DA:584,0
DA:585,0
DA:586,0
DA:587,0
DA:591,0
DA:594,0
DA:597,0
DA:615,0
DA:617,0
DA:619,0
DA:623,0
DA:634,0
DA:637,0
DA:641,0
DA:646,0
DA:660,0
DA:666,0
DA:668,0
DA:670,0
DA:672,0
DA:677,0
DA:684,0
DA:690,0
DA:700,0
DA:703,0
DA:711,0
DA:717,0
DA:720,0
DA:721,0
DA:727,0
DA:728,0
DA:730,0
DA:731,0
DA:734,0
DA:739,0
DA:741,0
DA:742,0
DA:745,0
DA:746,0
DA:749,0
DA:750,0
DA:753,0
DA:754,0
DA:758,0
DA:759,0
DA:774,0
DA:781,0
DA:784,0
DA:788,0
DA:790,0
DA:793,0
DA:794,0
DA:795,0
DA:798,0
DA:799,0
DA:800,0
DA:801,0
DA:802,0
DA:803,0
DA:804,0
DA:809,0
DA:816,0
DA:817,0
DA:822,0
DA:824,0
DA:826,0
DA:832,0
DA:834,0
DA:842,0
DA:849,0
DA:862,0
DA:866,0
DA:872,0
DA:876,0
DA:884,0
DA:893,0
DA:894,0
DA:895,0
DA:897,0
DA:910,0
DA:916,0
DA:920,0
DA:923,0
DA:928,0
DA:935,0
DA:941,0
DA:949,0
DA:950,0
DA:951,0
DA:958,0
DA:963,0
DA:965,0
DA:969,0
DA:973,0
DA:975,0
DA:976,0
DA:977,0
DA:980,0
DA:981,0
DA:983,0
DA:984,0
DA:985,0
DA:986,0
DA:987,0
DA:988,0
DA:989,0
DA:990,0
DA:994,0
DA:997,0
DA:1000,0
DA:1003,0
DA:1004,0
DA:1005,0
DA:1006,0
DA:1008,0
DA:1012,0
DA:1013,0
DA:1014,0
DA:1015,0
DA:1016,0
DA:1020,0
DA:1021,0
DA:1022,0
DA:1023,0
DA:1026,0
DA:1027,0
DA:1028,0
DA:1029,0
DA:1031,0
DA:1032,0
DA:1034,0
DA:1035,0
DA:1036,0
DA:1037,0
DA:1039,0
DA:1040,0
DA:1043,0
DA:1047,0
DA:1048,0
DA:1049,0
DA:1050,0
DA:1051,0
DA:1053,0
DA:1054,0
DA:1055,0
DA:1057,0
DA:1061,0
DA:1064,0
DA:1067,0
DA:1068,0
DA:1069,0
DA:1070,0
DA:1071,0
DA:1072,0
DA:1074,0
DA:1075,0
DA:1079,0
DA:1080,0
DA:1082,0
DA:1083,0
DA:1085,0
DA:1086,0
DA:1090,0
DA:1091,0
DA:1100,0
DA:1101,0
DA:1102,0
DA:1104,0
DA:1109,0
DA:1118,0
DA:1122,0
DA:1128,0
DA:1130,0
DA:1132,0
DA:1134,0
DA:1139,0
DA:1146,0
DA:1152,0
DA:1161,0
DA:1164,0
DA:1168,0
DA:1170,0
DA:1171,0
DA:1172,0
DA:1174,0
DA:1175,0
DA:1176,0
DA:1177,0
DA:1180,0
DA:1181,0
DA:1182,0
DA:1212,0
DA:1218,0
DA:1219,0
DA:1220,0
DA:1263,0
DA:1269,0
DA:1270,0
DA:1271,0
DA:1289,0
DA:1299,0
DA:1326,0
DA:1329,0
DA:1337,0
DA:1340,0
DA:1349,0
DA:1354,0
DA:1360,0
DA:1362,0
DA:1364,0
DA:1366,0
DA:1371,0
DA:1378,0
DA:1384,0
DA:1393,0
DA:1396,0
DA:1401,0
DA:1402,0
DA:1405,0
DA:1409,0
DA:1435,0
DA:1441,0
DA:1452,0
DA:1456,0
DA:1461,0
DA:1463,0
DA:1514,0
DA:1516,0
DA:1519,0
DA:1520,0
DA:1524,0
DA:1525,0
DA:1529,0
DA:1530,0
DA:1534,0
DA:1535,0
DA:1539,0
DA:1540,0
DA:1544,0
DA:1545,0
DA:1549,0
DA:1550,0
DA:1554,0
DA:1555,0
DA:1559,0
DA:1572,0
DA:1573,0
DA:1574,0
DA:1577,0
DA:1578,0
DA:1579,0
DA:1581,0
DA:1582,0
DA:1587,0
DA:1590,0
DA:1591,0
DA:1593,0
DA:1594,0
DA:1603,0
DA:1604,0
DA:1605,0
DA:1608,0
DA:1609,0
DA:1610,0
DA:1615,0
DA:1617,0
DA:1620,0
DA:1621,0
DA:1622,0
DA:1629,0
DA:1632,0
DA:1633,0
DA:1635,0
DA:1637,0
DA:1638,0
DA:1646,0
DA:1648,0
DA:1650,0
DA:1651,0
DA:1652,0
DA:1656,0
DA:1664,0
DA:1665,0
DA:1669,0
DA:1676,0
DA:1679,0
DA:1680,0
DA:1682,0
DA:1684,0
DA:1685,0
DA:1693,0
DA:1695,0
DA:1703,0
DA:1704,0
DA:1708,0
DA:1709,0
DA:1710,0
DA:1713,0
DA:1716,0
DA:1717,0
DA:1721,0
DA:1722,0
DA:1723,0
DA:1730,0
DA:1731,0
DA:1735,0
DA:1739,0
DA:1741,0
DA:1742,0
DA:1746,0
DA:1749,0
DA:1752,0
DA:1753,0
DA:1754,0
DA:1760,0
DA:1761,0
DA:1769,0
DA:1771,0
DA:1778,0
DA:1779,0
DA:1783,0
DA:1786,0
DA:1787,0
DA:1792,0
DA:1795,0
DA:1797,0
DA:1798,0
LF:487
LH:0
BRDA:80,0,0,0
BRDA:93,1,0,0
BRDA:98,2,0,0
BRDA:143,3,0,0
BRDA:143,3,1,0
BRDA:168,4,0,0
BRDA:196,5,0,0
BRDA:196,6,0,0
BRDA:196,6,1,0
BRDA:211,7,0,0
BRDA:211,8,0,0
BRDA:211,8,1,0
BRDA:240,9,0,0
BRDA:240,9,1,0
BRDA:242,10,0,0
BRDA:242,10,1,0
BRDA:242,11,0,0
BRDA:242,11,1,0
BRDA:244,12,0,0
BRDA:244,12,1,0
BRDA:246,13,0,0
BRDA:267,14,0,0
BRDA:267,14,1,0
BRDA:274,15,0,0
BRDA:274,16,0,0
BRDA:274,16,1,0
BRDA:284,17,0,0
BRDA:293,18,0,0
BRDA:327,19,0,0
BRDA:363,20,0,0
BRDA:363,20,1,0
BRDA:363,21,0,0
BRDA:363,21,1,0
BRDA:365,22,0,0
BRDA:365,22,1,0
BRDA:365,23,0,0
BRDA:365,23,1,0
BRDA:367,24,0,0
BRDA:367,24,1,0
BRDA:369,25,0,0
BRDA:369,25,1,0
BRDA:369,26,0,0
BRDA:369,26,1,0
BRDA:384,27,0,0
BRDA:384,27,1,0
BRDA:384,28,0,0
BRDA:384,28,1,0
BRDA:384,28,2,0
BRDA:386,29,0,0
BRDA:386,29,1,0
BRDA:386,30,0,0
BRDA:386,30,1,0
BRDA:386,30,2,0
BRDA:388,31,0,0
BRDA:388,31,1,0
BRDA:388,32,0,0
BRDA:388,32,1,0
BRDA:388,32,2,0
BRDA:390,33,0,0
BRDA:390,33,1,0
BRDA:390,34,0,0
BRDA:390,34,1,0
BRDA:390,34,2,0
BRDA:402,35,0,0
BRDA:402,36,0,0
BRDA:402,36,1,0
BRDA:415,37,0,0
BRDA:451,38,0,0
BRDA:460,39,0,0
BRDA:460,39,1,0
BRDA:480,40,0,0
BRDA:480,41,0,0
BRDA:480,41,1,0
BRDA:493,42,0,0
BRDA:524,43,0,0
BRDA:533,44,0,0
BRDA:533,44,1,0
BRDA:554,45,0,0
BRDA:554,46,0,0
BRDA:554,46,1,0
BRDA:572,47,0,0
BRDA:580,48,0,0
BRDA:580,48,1,0
BRDA:582,49,0,0
BRDA:582,49,1,0
BRDA:582,50,0,0
BRDA:582,50,1,0
BRDA:584,51,0,0
BRDA:584,51,1,0
BRDA:586,52,0,0
BRDA:591,53,0,0
BRDA:591,53,1,0
BRDA:617,54,0,0
BRDA:617,54,1,0
BRDA:619,55,0,0
BRDA:619,55,1,0
BRDA:670,56,0,0
BRDA:679,57,0,0
BRDA:679,57,1,0
BRDA:700,58,0,0
BRDA:739,59,0,0
BRDA:739,59,1,0
BRDA:739,59,2,0
BRDA:739,59,3,0
BRDA:739,59,4,0
BRDA:739,59,5,0
BRDA:781,60,0,0
BRDA:799,61,0,0
BRDA:799,61,1,0
BRDA:799,62,0,0
BRDA:799,62,1,0
BRDA:801,63,0,0
BRDA:801,63,1,0
BRDA:801,64,0,0
BRDA:801,64,1,0
BRDA:803,65,0,0
BRDA:812,66,0,0
BRDA:812,66,1,0
BRDA:816,67,0,0
BRDA:824,68,0,0
BRDA:824,68,1,0
BRDA:832,69,0,0
BRDA:832,69,1,0
BRDA:879,70,0,0
BRDA:879,70,1,0
BRDA:893,71,0,0
BRDA:893,72,0,0
BRDA:893,72,1,0
BRDA:895,73,0,0
BRDA:949,74,0,0
BRDA:949,75,0,0
BRDA:949,75,1,0
BRDA:950,76,0,0
BRDA:983,77,0,0
BRDA:983,77,1,0
BRDA:985,78,0,0
BRDA:985,78,1,0
BRDA:985,79,0,0
BRDA:985,79,1,0
BRDA:987,80,0,0
BRDA:987,80,1,0
BRDA:989,81,0,0
BRDA:1003,82,0,0
BRDA:1012,83,0,0
BRDA:1020,84,0,0
BRDA:1020,85,0,0
BRDA:1020,85,1,0
BRDA:1022,86,0,0
BRDA:1022,86,1,0
BRDA:1023,87,0,0
BRDA:1023,87,1,0
BRDA:1026,88,0,0
BRDA:1026,88,1,0
BRDA:1031,89,0,0
BRDA:1034,90,0,0
BRDA:1039,91,0,0
BRDA:1047,92,0,0
BRDA:1047,93,0,0
BRDA:1047,93,1,0
BRDA:1049,94,0,0
BRDA:1053,95,0,0
BRDA:1067,96,0,0
BRDA:1067,96,1,0
BRDA:1070,97,0,0
BRDA:1070,97,1,0
BRDA:1079,98,0,0
BRDA:1082,99,0,0
BRDA:1085,100,0,0
BRDA:1085,101,0,0
BRDA:1085,101,1,0
BRDA:1101,102,0,0
BRDA:1101,102,1,0
BRDA:1132,103,0,0
BRDA:1141,104,0,0
BRDA:1141,104,1,0
BRDA:1161,105,0,0
BRDA:1174,106,0,0
BRDA:1180,107,0,0
BRDA:1180,107,1,0
BRDA:1218,108,0,0
BRDA:1218,108,1,0
BRDA:1218,109,0,0
BRDA:1218,109,1,0
BRDA:1269,110,0,0
BRDA:1326,111,0,0
BRDA:1326,111,1,0
BRDA:1337,112,0,0
BRDA:1337,112,1,0
BRDA:1364,113,0,0
BRDA:1393,114,0,0
BRDA:1402,115,0,0
BRDA:1516,116,0,0
BRDA:1516,116,1,0
BRDA:1516,116,2,0
BRDA:1516,116,3,0
BRDA:1516,116,4,0
BRDA:1516,116,5,0
BRDA:1516,116,6,0
BRDA:1516,116,7,0
BRDA:1572,117,0,0
BRDA:1603,118,0,0
BRDA:1615,119,0,0
BRDA:1615,119,1,0
BRDA:1623,120,0,0
BRDA:1623,120,1,0
BRDA:1650,121,0,0
BRDA:1664,122,0,0
BRDA:1703,123,0,0
BRDA:1703,124,0,0
BRDA:1703,124,1,0
BRDA:1716,125,0,0
BRDA:1716,126,0,0
BRDA:1716,126,1,0
BRDA:1722,127,0,0
BRDA:1730,128,0,0
BRDA:1741,129,0,0
BRDA:1752,130,0,0
BRDA:1761,131,0,0
BRDA:1761,131,1,0
BRDA:1778,132,0,0
BRDA:1786,133,0,0
BRF:221
BRH:0
end_of_record
TN:
SF:src/providers/documentCreationWizard.ts
FN:10,(anonymous_9)
FN:104,(anonymous_10)
FN:114,(anonymous_11)
FN:126,(anonymous_12)
FN:134,(anonymous_13)
FN:141,(anonymous_14)
FN:172,(anonymous_15)
FN:200,(anonymous_16)
FN:201,(anonymous_17)
FN:205,(anonymous_18)
FN:213,(anonymous_19)
FN:217,(anonymous_20)
FN:238,(anonymous_21)
FN:239,(anonymous_22)
FN:240,(anonymous_23)
FN:248,(anonymous_24)
FN:271,(anonymous_25)
FN:295,(anonymous_26)
FN:321,(anonymous_27)
FN:400,(anonymous_28)
FN:412,(anonymous_29)
FN:434,(anonymous_30)
FN:449,(anonymous_31)
FN:488,(anonymous_32)
FN:526,(anonymous_33)
FN:536,(anonymous_34)
FN:576,(anonymous_35)
FN:628,(anonymous_36)
FN:644,(anonymous_37)
FN:660,(anonymous_38)
FN:663,(anonymous_39)
FN:680,(anonymous_40)
FN:708,(anonymous_41)
FN:710,(anonymous_42)
FN:771,(anonymous_43)
FN:798,(anonymous_44)
FN:809,(anonymous_45)
FN:840,(anonymous_46)
FN:861,(anonymous_47)
FN:884,(anonymous_48)
FN:909,(anonymous_49)
FN:941,(anonymous_50)
FN:966,(anonymous_51)
FN:995,(anonymous_52)
FN:1009,(anonymous_53)
FN:1067,(anonymous_54)
FN:1101,(anonymous_55)
FN:1120,(anonymous_56)
FN:1146,(anonymous_57)
FN:1195,(anonymous_58)
FN:1232,(anonymous_59)
FN:1265,(anonymous_60)
FN:1274,(anonymous_61)
FN:1315,(anonymous_62)
FN:1366,(anonymous_63)
FN:1380,getNonce
FNF:56
FNH:0
FNDA:0,(anonymous_9)
FNDA:0,(anonymous_10)
FNDA:0,(anonymous_11)
FNDA:0,(anonymous_12)
FNDA:0,(anonymous_13)
FNDA:0,(anonymous_14)
FNDA:0,(anonymous_15)
FNDA:0,(anonymous_16)
FNDA:0,(anonymous_17)
FNDA:0,(anonymous_18)
FNDA:0,(anonymous_19)
FNDA:0,(anonymous_20)
FNDA:0,(anonymous_21)
FNDA:0,(anonymous_22)
FNDA:0,(anonymous_23)
FNDA:0,(anonymous_24)
FNDA:0,(anonymous_25)
FNDA:0,(anonymous_26)
FNDA:0,(anonymous_27)
FNDA:0,(anonymous_28)
FNDA:0,(anonymous_29)
FNDA:0,(anonymous_30)
FNDA:0,(anonymous_31)
FNDA:0,(anonymous_32)
FNDA:0,(anonymous_33)
FNDA:0,(anonymous_34)
FNDA:0,(anonymous_35)
FNDA:0,(anonymous_36)
FNDA:0,(anonymous_37)
FNDA:0,(anonymous_38)
FNDA:0,(anonymous_39)
FNDA:0,(anonymous_40)
FNDA:0,(anonymous_41)
FNDA:0,(anonymous_42)
FNDA:0,(anonymous_43)
FNDA:0,(anonymous_44)
FNDA:0,(anonymous_45)
FNDA:0,(anonymous_46)
FNDA:0,(anonymous_47)
FNDA:0,(anonymous_48)
FNDA:0,(anonymous_49)
FNDA:0,(anonymous_50)
FNDA:0,(anonymous_51)
FNDA:0,(anonymous_52)
FNDA:0,(anonymous_53)
FNDA:0,(anonymous_54)
FNDA:0,(anonymous_55)
FNDA:0,(anonymous_56)
FNDA:0,(anonymous_57)
FNDA:0,(anonymous_58)
FNDA:0,(anonymous_59)
FNDA:0,(anonymous_60)
FNDA:0,(anonymous_61)
FNDA:0,(anonymous_62)
FNDA:0,(anonymous_63)
FNDA:0,getNonce
DA:1,0
DA:2,0
DA:3,0
DA:10,0
DA:11,0
DA:12,0
DA:13,0
DA:14,0
DA:15,0
DA:16,0
DA:47,0
DA:48,0
DA:53,0
DA:55,0
DA:109,0
DA:110,0
DA:111,0
DA:114,0
DA:115,0
DA:119,0
DA:127,0
DA:135,0
DA:142,0
DA:143,0
DA:145,0
DA:146,0
DA:156,0
DA:173,0
DA:174,0
DA:176,0
DA:177,0
DA:180,0
DA:191,0
DA:194,0
DA:201,0
DA:202,0
DA:205,0
DA:206,0
DA:215,0
DA:217,0
DA:226,0
DA:229,0
DA:230,0
DA:239,0
DA:240,0
DA:242,0
DA:250,0
DA:253,0
DA:256,0
DA:257,0
DA:272,0
DA:296,0
DA:298,0
DA:301,0
DA:304,0
DA:307,0
DA:310,0
DA:313,0
DA:322,0
DA:402,0
DA:403,0
DA:411,0
DA:412,0
DA:413,0
DA:417,0
DA:418,0
DA:430,0
DA:434,0
DA:451,0
DA:452,0
DA:460,0
DA:490,0
DA:491,0
DA:499,0
DA:527,0
DA:529,0
DA:530,0
DA:536,0
DA:578,0
DA:579,0
DA:587,0
DA:589,0
DA:628,0
DA:645,0
DA:647,0
DA:661,0
DA:663,0
DA:681,0
DA:682,0
DA:683,0
DA:685,0
DA:709,0
DA:711,0
DA:714,0
DA:715,0
DA:717,0
DA:720,0
DA:721,0
DA:724,0
DA:725,0
DA:728,0
DA:729,0
DA:732,0
DA:733,0
DA:736,0
DA:737,0
DA:740,0
DA:741,0
DA:744,0
DA:745,0
DA:748,0
DA:749,0
DA:752,0
DA:753,0
DA:756,0
DA:757,0
DA:760,0
DA:761,0
DA:772,0
DA:775,0
DA:776,0
DA:780,0
DA:783,0
DA:786,0
DA:789,0
DA:790,0
DA:799,0
DA:800,0
DA:803,0
DA:805,0
DA:806,0
DA:809,0
DA:810,0
DA:811,0
DA:812,0
DA:814,0
DA:817,0
DA:820,0
DA:826,0
DA:829,0
DA:841,0
DA:844,0
DA:845,0
DA:849,0
DA:852,0
DA:855,0
DA:863,0
DA:866,0
DA:867,0
DA:871,0
DA:874,0
DA:877,0
DA:886,0
DA:887,0
DA:895,0
DA:896,0
DA:900,0
DA:903,0
DA:911,0
DA:912,0
DA:916,0
DA:922,0
DA:923,0
DA:927,0
DA:930,0
DA:933,0
DA:943,0
DA:944,0
DA:948,0
DA:949,0
DA:956,0
DA:959,0
DA:968,0
DA:969,0
DA:973,0
DA:974,0
DA:978,0
DA:979,0
DA:983,0
DA:986,0
DA:989,0
DA:996,0
DA:997,0
DA:1000,0
DA:1010,0
DA:1011,0
DA:1015,0
DA:1016,0
DA:1020,0
DA:1023,0
DA:1025,0
DA:1031,0
DA:1032,0
DA:1033,0
DA:1034,0
DA:1035,0
DA:1041,0
DA:1043,0
DA:1049,0
DA:1050,0
DA:1052,0
DA:1055,0
DA:1056,0
DA:1058,0
DA:1067,0
DA:1068,0
DA:1072,0
DA:1075,0
DA:1081,0
DA:1084,0
DA:1085,0
DA:1088,0
DA:1094,0
DA:1103,0
DA:1104,0
DA:1108,0
DA:1111,0
DA:1114,0
DA:1122,0
DA:1123,0
DA:1127,0
DA:1128,0
DA:1132,0
DA:1135,0
DA:1138,0
DA:1147,0
DA:1149,0
DA:1152,0
DA:1153,0
DA:1154,0
DA:1156,0
DA:1160,0
DA:1161,0
DA:1162,0
DA:1164,0
DA:1168,0
DA:1169,0
DA:1170,0
DA:1172,0
DA:1176,0
DA:1177,0
DA:1178,0
DA:1180,0
DA:1184,0
DA:1185,0
DA:1188,0
DA:1196,0
DA:1197,0
DA:1201,0
DA:1204,0
DA:1212,0
DA:1218,0
DA:1224,0
DA:1225,0
DA:1234,0
DA:1235,0
DA:1236,0
DA:1240,0
DA:1253,0
DA:1259,0
DA:1262,0
DA:1265,0
DA:1266,0
DA:1275,0
DA:1276,0
DA:1280,0
DA:1284,0
DA:1288,0
DA:1293,0
DA:1296,0
DA:1298,0
DA:1316,0
DA:1367,0
DA:1368,0
DA:1369,0
DA:1370,0
DA:1372,0
DA:1381,0
DA:1382,0
DA:1383,0
DA:1384,0
DA:1386,0
LF:282
LH:0
BRDA:10,0,0,0
BRDA:10,0,1,0
BRDA:145,1,0,0
BRDA:145,1,1,0
BRDA:176,2,0,0
BRDA:176,3,0,0
BRDA:176,3,1,0
BRDA:182,4,0,0
BRDA:182,4,1,0
BRDA:183,5,0,0
BRDA:183,5,1,0
BRDA:187,6,0,0
BRDA:187,6,1,0
BRDA:188,7,0,0
BRDA:188,7,1,0
BRDA:229,8,0,0
BRDA:256,9,0,0
BRDA:256,10,0,0
BRDA:256,10,1,0
BRDA:273,11,0,0
BRDA:273,11,1,0
BRDA:273,12,0,0
BRDA:273,12,1,0
BRDA:276,13,0,0
BRDA:276,13,1,0
BRDA:296,14,0,0
BRDA:296,14,1,0
BRDA:296,14,2,0
BRDA:296,14,3,0
BRDA:296,14,4,0
BRDA:296,14,5,0
BRDA:324,15,0,0
BRDA:324,15,1,0
BRDA:335,16,0,0
BRDA:335,16,1,0
BRDA:346,17,0,0
BRDA:346,17,1,0
BRDA:357,18,0,0
BRDA:357,18,1,0
BRDA:368,19,0,0
BRDA:368,19,1,0
BRDA:382,20,0,0
BRDA:382,20,1,0
BRDA:402,21,0,0
BRDA:413,22,0,0
BRDA:413,22,1,0
BRDA:417,23,0,0
BRDA:435,24,0,0
BRDA:435,24,1,0
BRDA:451,25,0,0
BRDA:464,26,0,0
BRDA:464,26,1,0
BRDA:469,27,0,0
BRDA:469,27,1,0
BRDA:474,28,0,0
BRDA:474,28,1,0
BRDA:479,29,0,0
BRDA:479,29,1,0
BRDA:490,30,0,0
BRDA:527,31,0,0
BRDA:527,31,1,0
BRDA:529,32,0,0
BRDA:566,33,0,0
BRDA:566,33,1,0
BRDA:566,34,0,0
BRDA:566,34,1,0
BRDA:578,35,0,0
BRDA:578,36,0,0
BRDA:578,36,1,0
BRDA:587,37,0,0
BRDA:587,37,1,0
BRDA:610,38,0,0
BRDA:610,38,1,0
BRDA:614,39,0,0
BRDA:614,39,1,0
BRDA:618,40,0,0
BRDA:618,40,1,0
BRDA:625,41,0,0
BRDA:625,41,1,0
BRDA:664,42,0,0
BRDA:664,42,1,0
BRDA:664,43,0,0
BRDA:664,43,1,0
BRDA:666,44,0,0
BRDA:666,44,1,0
BRDA:687,45,0,0
BRDA:687,45,1,0
BRDA:694,46,0,0
BRDA:694,46,1,0
BRDA:711,47,0,0
BRDA:711,47,1,0
BRDA:711,47,2,0
BRDA:711,47,3,0
BRDA:711,47,4,0
BRDA:711,47,5,0
BRDA:711,47,6,0
BRDA:711,47,7,0
BRDA:711,47,8,0
BRDA:711,47,9,0
BRDA:711,47,10,0
BRDA:711,47,11,0
BRDA:714,48,0,0
BRDA:714,49,0,0
BRDA:714,49,1,0
BRDA:775,50,0,0
BRDA:789,51,0,0
BRDA:799,52,0,0
BRDA:799,53,0,0
BRDA:799,53,1,0
BRDA:810,54,0,0
BRDA:831,55,0,0
BRDA:831,55,1,0
BRDA:844,56,0,0
BRDA:866,57,0,0
BRDA:895,58,0,0
BRDA:895,59,0,0
BRDA:895,59,1,0
BRDA:911,60,0,0
BRDA:922,61,0,0
BRDA:922,62,0,0
BRDA:922,62,1,0
BRDA:943,63,0,0
BRDA:948,64,0,0
BRDA:948,65,0,0
BRDA:948,65,1,0
BRDA:968,66,0,0
BRDA:973,67,0,0
BRDA:973,68,0,0
BRDA:973,68,1,0
BRDA:978,69,0,0
BRDA:996,70,0,0
BRDA:996,71,0,0
BRDA:996,71,1,0
BRDA:1002,72,0,0
BRDA:1002,72,1,0
BRDA:1010,73,0,0
BRDA:1010,74,0,0
BRDA:1010,74,1,0
BRDA:1015,75,0,0
BRDA:1015,76,0,0
BRDA:1015,76,1,0
BRDA:1032,77,0,0
BRDA:1034,78,0,0
BRDA:1041,79,0,0
BRDA:1041,79,1,0
BRDA:1044,80,0,0
BRDA:1044,80,1,0
BRDA:1049,81,0,0
BRDA:1049,81,1,0
BRDA:1055,82,0,0
BRDA:1055,82,1,0
BRDA:1059,83,0,0
BRDA:1059,83,1,0
BRDA:1062,84,0,0
BRDA:1062,84,1,0
BRDA:1085,85,0,0
BRDA:1085,85,1,0
BRDA:1103,86,0,0
BRDA:1122,87,0,0
BRDA:1127,88,0,0
BRDA:1149,89,0,0
BRDA:1149,89,1,0
BRDA:1149,89,2,0
BRDA:1149,89,3,0
BRDA:1149,89,4,0
BRDA:1149,89,5,0
BRDA:1153,90,0,0
BRDA:1161,91,0,0
BRDA:1169,92,0,0
BRDA:1176,93,0,0
BRDA:1176,93,1,0
BRDA:1177,94,0,0
BRDA:1196,95,0,0
BRDA:1196,96,0,0
BRDA:1196,96,1,0
BRDA:1224,97,0,0
BRDA:1224,98,0,0
BRDA:1224,98,1,0
BRDA:1234,99,0,0
BRDA:1275,100,0,0
BRDA:1332,101,0,0
BRDA:1332,101,1,0
BRDA:1333,102,0,0
BRDA:1333,102,1,0
BRDA:1334,103,0,0
BRDA:1334,103,1,0
BRF:186
BRH:0
end_of_record
TN:
SF:src/providers/documentPreviewProvider.ts
FN:39,(anonymous_9)
FN:58,(anonymous_10)
FN:86,(anonymous_11)
FN:88,(anonymous_12)
FN:96,(anonymous_13)
FN:133,(anonymous_14)
FN:147,(anonymous_15)
FN:154,(anonymous_16)
FN:162,(anonymous_17)
FN:218,(anonymous_18)
FN:280,(anonymous_19)
FN:318,(anonymous_20)
FN:471,(anonymous_21)
FN:525,(anonymous_22)
FN:591,(anonymous_23)
FN:616,(anonymous_24)
FN:653,(anonymous_25)
FN:685,(anonymous_26)
FN:780,(anonymous_27)
FN:794,(anonymous_28)
FN:797,(anonymous_29)
FN:810,(anonymous_30)
FN:823,(anonymous_31)
FN:843,(anonymous_32)
FN:868,(anonymous_33)
FN:876,(anonymous_34)
FN:900,(anonymous_35)
FN:902,(anonymous_36)
FN:922,(anonymous_37)
FNF:29
FNH:0
FNDA:0,(anonymous_9)
FNDA:0,(anonymous_10)
FNDA:0,(anonymous_11)
FNDA:0,(anonymous_12)
FNDA:0,(anonymous_13)
FNDA:0,(anonymous_14)
FNDA:0,(anonymous_15)
FNDA:0,(anonymous_16)
FNDA:0,(anonymous_17)
FNDA:0,(anonymous_18)
FNDA:0,(anonymous_19)
FNDA:0,(anonymous_20)
FNDA:0,(anonymous_21)
FNDA:0,(anonymous_22)
FNDA:0,(anonymous_23)
FNDA:0,(anonymous_24)
FNDA:0,(anonymous_25)
FNDA:0,(anonymous_26)
FNDA:0,(anonymous_27)
FNDA:0,(anonymous_28)
FNDA:0,(anonymous_29)
FNDA:0,(anonymous_30)
FNDA:0,(anonymous_31)
FNDA:0,(anonymous_32)
FNDA:0,(anonymous_33)
FNDA:0,(anonymous_34)
FNDA:0,(anonymous_35)
FNDA:0,(anonymous_36)
FNDA:0,(anonymous_37)
DA:1,0
DA:2,0
DA:3,0
DA:4,0
DA:5,0
DA:6,0
DA:7,0
DA:8,0
DA:14,0
DA:15,0
DA:23,0
DA:24,0
DA:25,0
DA:33,0
DA:39,0
DA:40,0
DA:41,0
DA:42,0
DA:43,0
DA:46,0
DA:63,0
DA:66,0
DA:74,0
DA:77,0
DA:80,0
DA:88,0
DA:89,0
DA:97,0
DA:98,0
DA:102,0
DA:105,0
DA:106,0
DA:108,0
DA:109,0
DA:110,0
DA:111,0
DA:112,0
DA:113,0
DA:114,0
DA:115,0
DA:116,0
DA:117,0
DA:120,0
DA:121,0
DA:122,0
DA:126,0
DA:135,0
DA:137,0
DA:149,0
DA:150,0
DA:154,0
DA:155,0
DA:164,0
DA:165,0
DA:169,0
DA:171,0
DA:172,0
DA:175,0
DA:177,0
DA:180,0
DA:188,0
DA:189,0
DA:191,0
DA:198,0
DA:200,0
DA:201,0
DA:204,0
DA:209,0
DA:220,0
DA:225,0
DA:230,0
DA:235,0
DA:237,0
DA:243,0
DA:245,0
DA:257,0
DA:282,0
DA:287,0
DA:291,0
DA:320,0
DA:325,0
DA:329,0
DA:473,0
DA:478,0
DA:482,0
DA:527,0
DA:532,0
DA:536,0
DA:538,0
DA:593,0
DA:595,0
DA:596,0
DA:599,0
DA:600,0
DA:603,0
DA:604,0
DA:607,0
DA:608,0
DA:618,0
DA:620,0
DA:621,0
DA:624,0
DA:625,0
DA:628,0
DA:629,0
DA:632,0
DA:633,0
DA:636,0
DA:637,0
DA:640,0
DA:641,0
DA:645,0
DA:655,0
DA:657,0
DA:658,0
DA:661,0
DA:662,0
DA:665,0
DA:666,0
DA:669,0
DA:670,0
DA:673,0
DA:674,0
DA:678,0
DA:687,0
DA:688,0
DA:689,0
DA:692,0
DA:696,0
DA:698,0
DA:699,0
DA:702,0
DA:703,0
DA:706,0
DA:707,0
DA:710,0
DA:711,0
DA:714,0
DA:715,0
DA:718,0
DA:719,0
DA:723,0
DA:726,0
DA:727,0
DA:730,0
DA:737,0
DA:738,0
DA:742,0
DA:745,0
DA:746,0
DA:747,0
DA:748,0
DA:752,0
DA:755,0
DA:767,0
DA:768,0
DA:770,0
DA:773,0
DA:782,0
DA:783,0
DA:787,0
DA:796,0
DA:799,0
DA:801,0
DA:803,0
DA:809,0
DA:812,0
DA:814,0
DA:816,0
DA:822,0
DA:825,0
DA:827,0
DA:829,0
DA:845,0
DA:848,0
DA:856,0
DA:859,0
DA:861,0
DA:869,0
DA:877,0
DA:878,0
DA:881,0
DA:883,0
DA:891,0
DA:893,0
DA:895,0
DA:896,0
DA:899,0
DA:900,0
DA:901,0
DA:902,0
DA:907,0
DA:912,0
DA:913,0
DA:923,0
LF:195
LH:0
BRDA:97,0,0,0
BRDA:108,1,0,0
BRDA:108,1,1,0
BRDA:108,2,0,0
BRDA:108,2,1,0
BRDA:110,3,0,0
BRDA:110,3,1,0
BRDA:110,4,0,0
BRDA:110,4,1,0
BRDA:112,5,0,0
BRDA:112,5,1,0
BRDA:114,6,0,0
BRDA:114,6,1,0
BRDA:114,7,0,0
BRDA:114,7,1,0
BRDA:116,8,0,0
BRDA:116,8,1,0
BRDA:135,9,0,0
BRDA:135,10,0,0
BRDA:135,10,1,0
BRDA:149,11,0,0
BRDA:164,12,0,0
BRDA:169,13,0,0
BRDA:188,14,0,0
BRDA:188,14,1,0
BRDA:198,15,0,0
BRDA:198,15,1,0
BRDA:235,16,0,0
BRDA:235,16,1,0
BRDA:243,17,0,0
BRDA:243,17,1,0
BRDA:536,18,0,0
BRDA:536,18,1,0
BRDA:593,19,0,0
BRDA:593,19,1,0
BRDA:593,19,2,0
BRDA:593,19,3,0
BRDA:618,20,0,0
BRDA:618,20,1,0
BRDA:618,20,2,0
BRDA:618,20,3,0
BRDA:618,20,4,0
BRDA:618,20,5,0
BRDA:655,21,0,0
BRDA:655,21,1,0
BRDA:655,21,2,0
BRDA:655,21,3,0
BRDA:655,21,4,0
BRDA:687,22,0,0
BRDA:696,23,0,0
BRDA:696,23,1,0
BRDA:696,23,2,0
BRDA:696,23,3,0
BRDA:696,23,4,0
BRDA:696,23,5,0
BRDA:737,24,0,0
BRDA:746,25,0,0
BRDA:767,26,0,0
BRDA:767,26,1,0
BRDA:773,27,0,0
BRDA:773,27,1,0
BRDA:782,28,0,0
BRDA:801,29,0,0
BRDA:814,30,0,0
BRDA:827,31,0,0
BRDA:877,32,0,0
BRDA:893,33,0,0
BRDA:893,33,1,0
BRDA:899,34,0,0
BRDA:899,35,0,0
BRDA:899,35,1,0
BRDA:901,36,0,0
BRDA:901,36,1,0
BRDA:908,37,0,0
BRDA:908,37,1,0
BRF:75
BRH:0
end_of_record
TN:
SF:src/providers/documentShareProvider.ts
FN:32,(anonymous_9)
FN:41,(anonymous_10)
FN:43,(anonymous_11)
FN:46,(anonymous_12)
FN:49,(anonymous_13)
FN:58,(anonymous_14)
FN:121,(anonymous_15)
FN:131,(anonymous_16)
FN:163,(anonymous_17)
FN:170,(anonymous_18)
FN:180,(anonymous_19)
FN:195,(anonymous_20)
FN:219,(anonymous_21)
FN:365,(anonymous_22)
FN:369,(anonymous_23)
FN:393,(anonymous_24)
FN:431,(anonymous_25)
FN:442,(anonymous_26)
FN:450,(anonymous_27)
FN:458,(anonymous_28)
FN:466,(anonymous_29)
FN:478,(anonymous_30)
FN:495,(anonymous_31)
FN:506,(anonymous_32)
FN:514,(anonymous_33)
FN:518,(anonymous_34)
FN:524,(anonymous_35)
FN:534,(anonymous_36)
FNF:28
FNH:0
FNDA:0,(anonymous_9)
FNDA:0,(anonymous_10)
FNDA:0,(anonymous_11)
FNDA:0,(anonymous_12)
FNDA:0,(anonymous_13)
FNDA:0,(anonymous_14)
FNDA:0,(anonymous_15)
FNDA:0,(anonymous_16)
FNDA:0,(anonymous_17)
FNDA:0,(anonymous_18)
FNDA:0,(anonymous_19)
FNDA:0,(anonymous_20)
FNDA:0,(anonymous_21)
FNDA:0,(anonymous_22)
FNDA:0,(anonymous_23)
FNDA:0,(anonymous_24)
FNDA:0,(anonymous_25)
FNDA:0,(anonymous_26)
FNDA:0,(anonymous_27)
FNDA:0,(anonymous_28)
FNDA:0,(anonymous_29)
FNDA:0,(anonymous_30)
FNDA:0,(anonymous_31)
FNDA:0,(anonymous_32)
FNDA:0,(anonymous_33)
FNDA:0,(anonymous_34)
FNDA:0,(anonymous_35)
FNDA:0,(anonymous_36)
DA:1,0
DA:2,0
DA:26,0
DA:27,0
DA:28,0
DA:29,0
DA:33,0
DA:34,0
DA:35,0
DA:37,0
DA:38,0
DA:42,0
DA:44,0
DA:47,0
DA:50,0
DA:59,0
DA:60,0
DA:61,0
DA:62,0
DA:63,0
DA:67,0
DA:68,0
DA:69,0
DA:73,0
DA:74,0
DA:78,0
DA:79,0
DA:80,0
DA:82,0
DA:96,0
DA:97,0
DA:100,0
DA:102,0
DA:103,0
DA:107,0
DA:110,0
DA:111,0
DA:113,0
DA:114,0
DA:122,0
DA:130,0
DA:131,0
DA:139,0
DA:140,0
DA:143,0
DA:148,0
DA:149,0
DA:152,0
DA:164,0
DA:173,0
DA:174,0
DA:181,0
DA:191,0
DA:194,0
DA:196,0
DA:198,0
DA:199,0
DA:200,0
DA:202,0
DA:203,0
DA:204,0
DA:207,0
DA:208,0
DA:220,0
DA:224,0
DA:367,0
DA:369,0
DA:376,0
DA:377,0
DA:378,0
DA:381,0
DA:385,0
DA:386,0
DA:394,0
DA:395,0
DA:396,0
DA:397,0
DA:401,0
DA:402,0
DA:403,0
DA:404,0
DA:405,0
DA:409,0
DA:410,0
DA:411,0
DA:415,0
DA:416,0
DA:417,0
DA:420,0
DA:421,0
DA:423,0
DA:424,0
DA:433,0
DA:444,0
DA:451,0
DA:452,0
DA:459,0
DA:460,0
DA:467,0
DA:468,0
DA:470,0
DA:471,0
DA:472,0
DA:479,0
DA:480,0
DA:481,0
DA:482,0
DA:483,0
DA:484,0
DA:486,0
DA:487,0
DA:488,0
DA:489,0
DA:496,0
DA:497,0
DA:498,0
DA:499,0
DA:507,0
DA:508,0
DA:515,0
DA:516,0
DA:518,0
DA:519,0
DA:520,0
DA:524,0
DA:526,0
DA:527,0
DA:536,0
LF:128
LH:0
BRDA:61,0,0,0
BRDA:68,1,0,0
BRDA:73,2,0,0
BRDA:87,3,0,0
BRDA:87,3,1,0
BRDA:91,4,0,0
BRDA:91,4,1,0
BRDA:102,5,0,0
BRDA:110,6,0,0
BRDA:133,7,0,0
BRDA:133,7,1,0
BRDA:139,8,0,0
BRDA:148,9,0,0
BRDA:196,10,0,0
BRDA:196,10,1,0
BRDA:196,10,2,0
BRDA:220,11,0,0
BRDA:220,11,1,0
BRDA:313,12,0,0
BRDA:313,12,1,0
BRDA:314,13,0,0
BRDA:314,13,1,0
BRDA:329,14,0,0
BRDA:329,14,1,0
BRDA:372,15,0,0
BRDA:372,15,1,0
BRDA:372,16,0,0
BRDA:372,16,1,0
BRDA:376,17,0,0
BRDA:385,18,0,0
BRDA:385,19,0,0
BRDA:385,19,1,0
BRDA:395,20,0,0
BRDA:401,21,0,0
BRDA:401,22,0,0
BRDA:401,22,1,0
BRDA:411,23,0,0
BRDA:411,23,1,0
BRDA:415,24,0,0
BRDA:415,24,1,0
BRDA:423,25,0,0
BRDA:452,26,0,0
BRDA:452,26,1,0
BRDA:460,27,0,0
BRDA:460,27,1,0
BRDA:467,28,0,0
BRDA:467,29,0,0
BRDA:467,29,1,0
BRDA:486,30,0,0
BRDA:486,31,0,0
BRDA:486,31,1,0
BRDA:487,32,0,0
BRDA:487,33,0,0
BRDA:487,33,1,0
BRDA:488,34,0,0
BRDA:488,35,0,0
BRDA:488,35,1,0
BRDA:497,36,0,0
BRDA:519,37,0,0
BRDA:519,38,0,0
BRDA:519,38,1,0
BRDA:526,39,0,0
BRF:62
BRH:0
end_of_record
TN:
SF:src/providers/documentTreeProvider.ts
FN:35,(anonymous_9)
FN:56,(anonymous_10)
FN:113,(anonymous_11)
FN:162,(anonymous_12)
FN:190,(anonymous_13)
FN:193,(anonymous_14)
FN:201,(anonymous_15)
FN:215,(anonymous_16)
FN:224,(anonymous_17)
FN:233,(anonymous_18)
FN:256,(anonymous_19)
FN:267,(anonymous_20)
FN:289,(anonymous_21)
FN:291,(anonymous_22)
FN:315,(anonymous_23)
FN:317,(anonymous_24)
FN:360,(anonymous_25)
FN:373,(anonymous_26)
FN:375,(anonymous_27)
FN:380,(anonymous_28)
FN:392,(anonymous_29)
FN:427,(anonymous_30)
FN:434,(anonymous_31)
FN:538,(anonymous_32)
FN:558,(anonymous_33)
FN:560,(anonymous_34)
FN:568,(anonymous_35)
FN:578,(anonymous_36)
FN:586,(anonymous_37)
FN:595,(anonymous_38)
FN:604,(anonymous_39)
FN:608,(anonymous_40)
FN:640,(anonymous_41)
FN:687,(anonymous_42)
FN:689,(anonymous_43)
FN:723,(anonymous_44)
FN:732,(anonymous_45)
FN:745,(anonymous_46)
FN:764,(anonymous_47)
FN:769,(anonymous_48)
FN:774,(anonymous_49)
FN:786,(anonymous_50)
FN:790,(anonymous_51)
FN:795,(anonymous_52)
FN:817,(anonymous_53)
FN:820,(anonymous_54)
FN:832,(anonymous_55)
FN:844,(anonymous_56)
FN:845,(anonymous_57)
FN:867,(anonymous_58)
FN:872,(anonymous_59)
FN:895,(anonymous_60)
FN:899,(anonymous_61)
FN:903,(anonymous_62)
FN:907,(anonymous_63)
FN:939,(anonymous_64)
FN:940,(anonymous_65)
FN:947,(anonymous_66)
FN:961,(anonymous_67)
FN:972,(anonymous_68)
FN:991,(anonymous_69)
FN:1000,(anonymous_70)
FN:1001,(anonymous_71)
FN:1018,(anonymous_72)
FN:1043,(anonymous_73)
FN:1063,(anonymous_74)
FN:1083,(anonymous_75)
FN:1085,(anonymous_76)
FN:1086,(anonymous_77)
FN:1090,(anonymous_78)
FN:1101,(anonymous_79)
FN:1120,(anonymous_80)
FN:1131,(anonymous_81)
FN:1146,(anonymous_82)
FN:1148,(anonymous_83)
FN:1153,(anonymous_84)
FN:1160,(anonymous_85)
FN:1173,(anonymous_86)
FN:1188,(anonymous_87)
FN:1192,(anonymous_88)
FN:1201,(anonymous_89)
FN:1210,(anonymous_90)
FN:1219,(anonymous_91)
FN:1229,(anonymous_92)
FNF:84
FNH:0
FNDA:0,(anonymous_9)
FNDA:0,(anonymous_10)
FNDA:0,(anonymous_11)
FNDA:0,(anonymous_12)
FNDA:0,(anonymous_13)
FNDA:0,(anonymous_14)
FNDA:0,(anonymous_15)
FNDA:0,(anonymous_16)
FNDA:0,(anonymous_17)
FNDA:0,(anonymous_18)
FNDA:0,(anonymous_19)
FNDA:0,(anonymous_20)
FNDA:0,(anonymous_21)
FNDA:0,(anonymous_22)
FNDA:0,(anonymous_23)
FNDA:0,(anonymous_24)
FNDA:0,(anonymous_25)
FNDA:0,(anonymous_26)
FNDA:0,(anonymous_27)
FNDA:0,(anonymous_28)
FNDA:0,(anonymous_29)
FNDA:0,(anonymous_30)
FNDA:0,(anonymous_31)
FNDA:0,(anonymous_32)
FNDA:0,(anonymous_33)
FNDA:0,(anonymous_34)
FNDA:0,(anonymous_35)
FNDA:0,(anonymous_36)
FNDA:0,(anonymous_37)
FNDA:0,(anonymous_38)
FNDA:0,(anonymous_39)
FNDA:0,(anonymous_40)
FNDA:0,(anonymous_41)
FNDA:0,(anonymous_42)
FNDA:0,(anonymous_43)
FNDA:0,(anonymous_44)
FNDA:0,(anonymous_45)
FNDA:0,(anonymous_46)
FNDA:0,(anonymous_47)
FNDA:0,(anonymous_48)
FNDA:0,(anonymous_49)
FNDA:0,(anonymous_50)
FNDA:0,(anonymous_51)
FNDA:0,(anonymous_52)
FNDA:0,(anonymous_53)
FNDA:0,(anonymous_54)
FNDA:0,(anonymous_55)
FNDA:0,(anonymous_56)
FNDA:0,(anonymous_57)
FNDA:0,(anonymous_58)
FNDA:0,(anonymous_59)
FNDA:0,(anonymous_60)
FNDA:0,(anonymous_61)
FNDA:0,(anonymous_62)
FNDA:0,(anonymous_63)
FNDA:0,(anonymous_64)
FNDA:0,(anonymous_65)
FNDA:0,(anonymous_66)
FNDA:0,(anonymous_67)
FNDA:0,(anonymous_68)
FNDA:0,(anonymous_69)
FNDA:0,(anonymous_70)
FNDA:0,(anonymous_71)
FNDA:0,(anonymous_72)
FNDA:0,(anonymous_73)
FNDA:0,(anonymous_74)
FNDA:0,(anonymous_75)
FNDA:0,(anonymous_76)
FNDA:0,(anonymous_77)
FNDA:0,(anonymous_78)
FNDA:0,(anonymous_79)
FNDA:0,(anonymous_80)
FNDA:0,(anonymous_81)
FNDA:0,(anonymous_82)
FNDA:0,(anonymous_83)
FNDA:0,(anonymous_84)
FNDA:0,(anonymous_85)
FNDA:0,(anonymous_86)
FNDA:0,(anonymous_87)
FNDA:0,(anonymous_88)
FNDA:0,(anonymous_89)
FNDA:0,(anonymous_90)
FNDA:0,(anonymous_91)
FNDA:0,(anonymous_92)
DA:1,0
DA:2,0
DA:5,0
DA:7,0
DA:35,0
DA:36,0
DA:37,0
DA:38,0
DA:39,0
DA:45,0
DA:63,0
DA:65,0
DA:66,0
DA:68,0
DA:69,0
DA:70,0
DA:71,0
DA:74,0
DA:75,0
DA:81,0
DA:88,0
DA:89,0
DA:91,0
DA:92,0
DA:93,0
DA:95,0
DA:96,0
DA:99,0
DA:102,0
DA:103,0
DA:114,0
DA:119,0
DA:124,0
DA:129,0
DA:132,0
DA:140,0
DA:141,0
DA:142,0
DA:145,0
DA:146,0
DA:147,0
DA:148,0
DA:149,0
DA:150,0
DA:152,0
DA:154,0
DA:167,0
DA:168,0
DA:171,0
DA:172,0
DA:175,0
DA:178,0
DA:179,0
DA:183,0
DA:192,0
DA:194,0
DA:195,0
DA:200,0
DA:202,0
DA:203,0
DA:204,0
DA:214,0
DA:216,0
DA:217,0
DA:223,0
DA:225,0
DA:226,0
DA:232,0
DA:234,0
DA:235,0
DA:242,0
DA:243,0
DA:244,0
DA:245,0
DA:247,0
DA:255,0
DA:257,0
DA:262,0
DA:263,0
DA:264,0
DA:267,0
DA:268,0
DA:269,0
DA:272,0
DA:279,0
DA:281,0
DA:288,0
DA:290,0
DA:291,0
DA:293,0
DA:294,0
DA:300,0
DA:301,0
DA:302,0
DA:303,0
DA:305,0
DA:314,0
DA:316,0
DA:317,0
DA:319,0
DA:321,0
DA:322,0
DA:329,0
DA:330,0
DA:333,0
DA:340,0
DA:341,0
DA:345,0
DA:346,0
DA:347,0
DA:349,0
[...]
DA:469,0
DA:478,0
DA:491,0
DA:500,0
DA:509,0
DA:518,0
DA:525,0
DA:581,0
DA:593,0
DA:594,0
DA:596,0
DA:617,0
DA:629,0
DA:630,0
DA:632,0
DA:652,0
DA:653,0
DA:654,0
DA:656,0
LF:99
LH:0
BRDA:62,0,0,0
BRDA:94,1,0,0
BRDA:98,2,0,0
BRDA:106,3,0,0
BRDA:112,4,0,0
BRDA:112,4,1,0
BRDA:112,4,2,0
BRDA:112,4,3,0
BRDA:132,5,0,0
BRDA:136,6,0,0
BRDA:155,7,0,0
BRDA:155,7,1,0
BRDA:155,7,2,0
BRDA:155,7,3,0
BRDA:155,7,4,0
BRDA:182,8,0,0
BRDA:205,9,0,0
BRDA:223,10,0,0
BRDA:240,11,0,0
BRDA:257,12,0,0
BRDA:268,13,0,0
BRDA:268,14,0,0
BRDA:268,14,1,0
BRDA:273,15,0,0
BRDA:273,15,1,0
BRDA:294,16,0,0
BRDA:294,17,0,0
BRDA:294,17,1,0
BRDA:300,18,0,0
BRDA:300,18,1,0
BRDA:325,19,0,0
BRDA:358,20,0,0
BRDA:358,20,1,0
BRDA:447,21,0,0
BRDA:452,22,0,0
BRDA:457,23,0,0
BRDA:593,24,0,0
BRDA:593,24,1,0
BRDA:594,25,0,0
BRDA:594,25,1,0
BRDA:594,26,0,0
BRDA:594,26,1,0
BRDA:604,27,0,0
BRDA:604,27,1,0
BRDA:620,28,0,0
BRDA:620,28,1,0
BRDA:629,29,0,0
BRDA:629,29,1,0
BRDA:630,30,0,0
BRDA:630,30,1,0
BRDA:639,31,0,0
BRDA:639,31,1,0
BRDA:652,32,0,0
BRDA:652,32,1,0
BRDA:653,33,0,0
BRDA:653,33,1,0
BRDA:654,34,0,0
BRDA:654,34,1,0
BRDA:658,35,0,0
BRDA:658,35,1,0
BRDA:658,36,0,0
BRDA:658,36,1,0
BRF:62
BRH:0
end_of_record
TN:
SF:src/utils/schemaValidator.ts
FN:64,(anonymous_0)
FN:84,(anonymous_1)
FN:108,(anonymous_2)
FN:130,(anonymous_3)
FN:145,(anonymous_4)
FN:170,(anonymous_5)
FN:186,(anonymous_6)
FN:198,(anonymous_7)
FN:211,(anonymous_8)
FN:224,(anonymous_9)
FN:237,(anonymous_10)
FN:261,validateAgainstSchema
FN:271,(anonymous_12)
FN:313,validateObject
FN:355,(anonymous_14)
FN:406,createSchemaFromInterface
FNF:16
FNH:0
FNDA:0,(anonymous_0)
FNDA:0,(anonymous_1)
FNDA:0,(anonymous_2)
FNDA:0,(anonymous_3)
FNDA:0,(anonymous_4)
FNDA:0,(anonymous_5)
FNDA:0,(anonymous_6)
FNDA:0,(anonymous_7)
FNDA:0,(anonymous_8)
FNDA:0,(anonymous_9)
FNDA:0,(anonymous_10)
FNDA:0,validateAgainstSchema
FNDA:0,(anonymous_12)
FNDA:0,validateObject
FNDA:0,(anonymous_14)
FNDA:0,createSchemaFromInterface
DA:65,0
DA:70,0
DA:71,0
DA:74,0
DA:85,0
DA:90,0
DA:91,0
DA:94,0
DA:95,0
DA:98,0
DA:109,0
DA:114,0
DA:115,0
DA:118,0
DA:119,0
DA:122,0
DA:131,0
DA:146,0
DA:152,0
DA:153,0
DA:156,0
DA:157,0
DA:160,0
DA:171,0
DA:187,0
DA:199,0
DA:212,0
DA:225,0
DA:238,0
DA:248,0
DA:253,0
DA:262,0
DA:263,0
DA:264,0
DA:266,0
DA:267,0
DA:271,0
DA:273,0
DA:274,0
DA:275,0
DA:276,0
DA:278,0
DA:280,0
DA:282,0
DA:284,0
DA:286,0
DA:288,0
DA:295,0
DA:297,0
DA:301,0
DA:319,0
DA:322,0
DA:328,0
DA:331,0
DA:334,0
DA:335,0
DA:336,0
DA:344,0
DA:346,0
DA:347,0
DA:355,0
DA:357,0
DA:358,0
DA:359,0
DA:360,0
DA:362,0
DA:364,0
DA:366,0
DA:368,0
DA:370,0
DA:372,0
DA:379,0
DA:381,0
DA:385,0
DA:391,0
DA:411,0
LF:76
LH:0
BRDA:70,0,0,0
BRDA:90,1,0,0
BRDA:94,2,0,0
BRDA:114,3,0,0
BRDA:118,4,0,0
BRDA:152,5,0,0
BRDA:156,6,0,0
BRDA:170,7,0,0
BRDA:266,8,0,0
BRDA:271,9,0,0
BRDA:271,9,1,0
BRDA:274,10,0,0
BRDA:274,10,1,0
BRDA:275,11,0,0
BRDA:275,11,1,0
BRDA:275,11,2,0
BRDA:276,12,0,0
BRDA:276,12,1,0
BRDA:278,13,0,0
BRDA:278,13,1,0
BRDA:278,13,2,0
BRDA:278,13,3,0
BRDA:278,13,4,0
BRDA:278,13,5,0
BRDA:278,13,6,0
BRDA:278,13,7,0
BRDA:278,13,8,0
BRDA:278,13,9,0
BRDA:278,13,10,0
BRDA:278,13,11,0
BRDA:297,14,0,0
BRDA:297,14,1,0
BRDA:301,15,0,0
BRDA:301,15,1,0
BRDA:317,16,0,0
BRDA:325,17,0,0
BRDA:325,17,1,0
BRDA:335,18,0,0
BRDA:346,19,0,0
BRDA:355,20,0,0
BRDA:355,20,1,0
BRDA:358,21,0,0
BRDA:358,21,1,0
BRDA:359,22,0,0
BRDA:359,22,1,0
BRDA:359,22,2,0
BRDA:360,23,0,0
BRDA:360,23,1,0
BRDA:362,24,0,0
BRDA:362,24,1,0
BRDA:362,24,2,0
BRDA:362,24,3,0
BRDA:362,24,4,0
BRDA:362,24,5,0
BRDA:362,24,6,0
BRDA:362,24,7,0
BRDA:362,24,8,0
BRDA:362,24,9,0
BRDA:362,24,10,0
BRDA:362,24,11,0
BRDA:381,25,0,0
BRDA:381,25,1,0
BRDA:394,26,0,0
BRDA:394,26,1,0
BRDA:409,27,0,0
BRF:65
BRH:0
end_of_record
TN:
SF:src/utils/securityManager.ts
FN:155,(anonymous_9)
FN:165,(anonymous_10)
FN:199,(anonymous_11)
FN:230,(anonymous_12)
FN:260,(anonymous_13)
FN:274,(anonymous_14)
FN:287,(anonymous_15)
FN:296,(anonymous_16)
FN:306,(anonymous_17)
FN:324,(anonymous_18)
FN:342,(anonymous_19)
FN:363,(anonymous_20)
FN:392,(anonymous_21)
FN:405,(anonymous_22)
FN:435,(anonymous_23)
FN:447,(anonymous_24)
FN:471,(anonymous_25)
FN:492,(anonymous_26)
FN:501,(anonymous_27)
FN:552,(anonymous_28)
FN:595,(anonymous_29)
FN:632,(anonymous_30)
FN:651,(anonymous_31)
FN:681,(anonymous_32)
FN:715,(anonymous_33)
FN:742,(anonymous_34)
FN:753,(anonymous_35)
FN:763,(anonymous_36)
FN:772,(anonymous_37)
FN:782,(anonymous_38)
FN:792,(anonymous_39)
FNF:31
FNH:0
FNDA:0,(anonymous_9)
FNDA:0,(anonymous_10)
FNDA:0,(anonymous_11)
FNDA:0,(anonymous_12)
FNDA:0,(anonymous_13)
FNDA:0,(anonymous_14)
FNDA:0,(anonymous_15)
FNDA:0,(anonymous_16)
FNDA:0,(anonymous_17)
FNDA:0,(anonymous_18)
FNDA:0,(anonymous_19)
FNDA:0,(anonymous_20)
FNDA:0,(anonymous_21)
FNDA:0,(anonymous_22)
FNDA:0,(anonymous_23)
FNDA:0,(anonymous_24)
FNDA:0,(anonymous_25)
FNDA:0,(anonymous_26)
FNDA:0,(anonymous_27)
FNDA:0,(anonymous_28)
FNDA:0,(anonymous_29)
FNDA:0,(anonymous_30)
FNDA:0,(anonymous_31)
FNDA:0,(anonymous_32)
FNDA:0,(anonymous_33)
FNDA:0,(anonymous_34)
FNDA:0,(anonymous_35)
FNDA:0,(anonymous_36)
FNDA:0,(anonymous_37)
FNDA:0,(anonymous_38)
FNDA:0,(anonymous_39)
DA:2,1
DA:3,1
DA:5,1
DA:131,1
DA:135,0
DA:140,0
DA:149,0
DA:156,0
DA:166,0
DA:167,0
DA:174,0
DA:175,0
DA:178,0
DA:179,0
DA:183,0
DA:184,0
DA:188,0
DA:189,0
DA:190,0
DA:192,0
DA:193,0
DA:198,0
DA:199,0
DA:200,0
DA:201,0
DA:204,0
DA:205,0
DA:210,0
DA:211,0
DA:218,0
DA:231,0
DA:232,0
DA:236,0
DA:239,0
DA:240,0
DA:244,0
DA:247,0
DA:249,0
DA:252,0
DA:261,0
DA:262,0
DA:266,0
DA:275,0
DA:276,0
DA:279,0
DA:288,0
DA:297,0
DA:307,0
DA:308,0
DA:311,0
DA:312,0
DA:314,0
DA:315,0
DA:325,0
DA:326,0
DA:329,0
DA:330,0
DA:332,0
DA:333,0
DA:343,0
DA:344,0
DA:347,0
DA:348,0
DA:350,0
DA:351,0
DA:369,0
DA:370,0
DA:373,0
DA:374,0
DA:384,0
DA:393,0
DA:394,0
DA:411,0
DA:412,0
DA:415,0
DA:416,0
DA:426,0
DA:436,0
DA:437,0
DA:448,0
DA:449,0
DA:452,0
DA:453,0
DA:454,0
DA:463,0
DA:472,0
DA:473,0
DA:475,0
DA:476,0
DA:479,0
DA:480,0
DA:482,0
DA:483,0
DA:493,0
DA:495,0
DA:498,0
DA:501,0
DA:502,0
DA:508,0
DA:510,0
DA:511,0
DA:513,0
DA:516,0
DA:517,0
DA:520,0
DA:521,0
DA:522,0
DA:525,0
DA:528,0
DA:529,0
DA:534,0
DA:537,0
DA:540,0
DA:541,0
DA:558,0
DA:561,0
DA:570,0
DA:573,0
DA:579,0
DA:584,0
DA:602,0
DA:605,0
DA:614,0
DA:620,0
DA:625,0
DA:634,0
DA:637,0
DA:638,0
DA:639,0
DA:642,0
DA:656,0
DA:658,0
DA:661,0
DA:664,0
DA:665,0
DA:666,0
DA:669,0
DA:671,0
DA:672,0
DA:682,0
DA:684,0
DA:685,0
DA:686,0
DA:690,0
DA:693,0
DA:695,0
DA:696,0
DA:700,0
DA:706,0
DA:707,0
DA:716,0
DA:721,0
DA:722,0
DA:723,0
DA:728,0
DA:729,0
DA:731,0
DA:732,0
DA:743,0
DA:754,0
DA:755,0
DA:764,0
DA:774,0
DA:784,0
DA:787,0
DA:792,0
LF:166
LH:4
BRDA:165,0,0,0
BRDA:166,1,0,0
BRDA:178,2,0,0
BRDA:178,3,0,0
BRDA:178,3,1,0
BRDA:183,4,0,0
BRDA:183,5,0,0
BRDA:183,5,1,0
BRDA:188,6,0,0
BRDA:190,7,0,0
BRDA:190,7,1,0
BRDA:192,8,0,0
BRDA:198,9,0,0
BRDA:198,10,0,0
BRDA:198,10,1,0
BRDA:204,11,0,0
BRDA:210,12,0,0
BRDA:230,13,0,0
BRDA:231,14,0,0
BRDA:239,15,0,0
BRDA:239,16,0,0
BRDA:239,16,1,0
BRDA:247,17,0,0
BRDA:247,18,0,0
BRDA:247,18,1,0
BRDA:261,19,0,0
BRDA:275,20,0,0
BRDA:307,21,0,0
BRDA:307,22,0,0
BRDA:307,22,1,0
BRDA:315,23,0,0
BRDA:315,23,1,0
BRDA:325,24,0,0
BRDA:333,25,0,0
BRDA:333,25,1,0
BRDA:343,26,0,0
BRDA:351,27,0,0
BRDA:351,27,1,0
BRDA:369,28,0,0
BRDA:369,29,0,0
BRDA:369,29,1,0
BRDA:376,30,0,0
BRDA:376,30,1,0
BRDA:378,31,0,0
BRDA:378,31,1,0
BRDA:411,32,0,0
BRDA:411,33,0,0
BRDA:411,33,1,0
BRDA:411,33,2,0
BRDA:418,34,0,0
BRDA:418,34,1,0
BRDA:448,35,0,0
BRDA:448,36,0,0
BRDA:448,36,1,0
BRDA:456,37,0,0
BRDA:456,37,1,0
BRDA:475,38,0,0
BRDA:483,39,0,0
BRDA:483,39,1,0
BRDA:502,40,0,0
BRDA:502,40,1,0
BRDA:502,40,2,0
BRDA:511,41,0,0
BRDA:517,42,0,0
BRDA:528,43,0,0
BRDA:541,44,0,0
BRDA:541,44,1,0
BRDA:555,45,0,0
BRDA:564,46,0,0
BRDA:564,46,1,0
BRDA:565,47,0,0
BRDA:565,47,1,0
BRDA:566,48,0,0
BRDA:566,48,1,0
BRDA:570,49,0,0
BRDA:570,49,1,0
BRDA:574,50,0,0
BRDA:574,50,1,0
BRDA:599,51,0,0
BRDA:608,52,0,0
BRDA:608,52,1,0
BRDA:609,53,0,0
BRDA:609,53,1,0
BRDA:610,54,0,0
BRDA:610,54,1,0
BRDA:615,55,0,0
BRDA:615,55,1,0
BRDA:637,56,0,0
BRDA:672,57,0,0
BRDA:672,57,1,0
BRDA:685,58,0,0
BRDA:693,59,0,0
BRDA:693,60,0,0
BRDA:693,60,1,0
BRDA:707,61,0,0
BRDA:707,61,1,0
BRDA:722,62,0,0
BRDA:722,63,0,0
BRDA:722,63,1,0
BRDA:742,64,0,0
BRDA:753,65,0,0
BRDA:763,66,0,0
BRF:102
BRH:0
end_of_record
TN:
SF:src/utils/templateIntegrityChecker.ts
FN:67,(anonymous_0)
FN:99,(anonymous_1)
FN:130,(anonymous_2)
FN:159,(anonymous_3)
FN:205,(anonymous_4)
FN:288,(anonymous_5)
FN:341,(anonymous_6)
FN:398,(anonymous_7)
FN:428,(anonymous_8)
FN:480,(anonymous_9)
FN:548,(anonymous_10)
FN:566,(anonymous_11)
FN:591,(anonymous_12)
FNF:13
FNH:0
FNDA:0,(anonymous_0)
FNDA:0,(anonymous_1)
FNDA:0,(anonymous_2)
FNDA:0,(anonymous_3)
FNDA:0,(anonymous_4)
FNDA:0,(anonymous_5)
FNDA:0,(anonymous_6)
FNDA:0,(anonymous_7)
FNDA:0,(anonymous_8)
FNDA:0,(anonymous_9)
FNDA:0,(anonymous_10)
FNDA:0,(anonymous_11)
FNDA:0,(anonymous_12)
DA:44,0
DA:50,0
DA:68,0
DA:69,0
DA:74,0
DA:75,0
DA:76,0
DA:77,0
DA:100,0
DA:101,0
DA:104,0
DA:105,0
DA:106,0
DA:107,0
DA:108,0
DA:110,0
DA:131,0
DA:132,0
DA:133,0
DA:135,0
DA:136,0
DA:160,0
DA:161,0
DA:164,0
DA:165,0
DA:166,0
DA:168,0
DA:169,0
DA:171,0
DA:172,0
DA:174,0
DA:206,0
DA:207,0
DA:210,0
DA:211,0
DA:214,0
DA:215,0
DA:217,0
DA:218,0
DA:222,0
DA:223,0
DA:225,0
DA:226,0
DA:227,0
DA:228,0
DA:229,0
DA:234,0
DA:235,0
DA:236,0
DA:237,0
DA:238,0
DA:243,0
DA:244,0
DA:245,0
DA:246,0
DA:247,0
DA:252,0
DA:253,0
DA:255,0
DA:256,0
DA:289,0
DA:290,0
DA:293,0
DA:295,0
DA:298,0
DA:301,0
DA:302,0
DA:303,0
DA:306,0
DA:307,0
DA:309,0
DA:311,0
DA:342,0
DA:343,0
DA:346,0
DA:347,0
DA:350,0
DA:351,0
DA:353,0
DA:354,0
DA:358,0
DA:361,0
DA:364,0
DA:367,0
DA:368,0
DA:369,0
DA:371,0
DA:372,0
DA:399,0
DA:400,0
DA:403,0
DA:429,0
DA:430,0
DA:433,0
DA:434,0
DA:435,0
DA:438,0
DA:441,0
DA:442,0
DA:446,0
DA:487,0
DA:488,0
DA:492,0
DA:500,0
DA:502,0
DA:505,0
DA:508,0
DA:509,0
DA:510,0
DA:511,0
DA:512,0
DA:514,0
DA:515,0
DA:518,0
DA:521,0
DA:526,0
DA:528,0
DA:530,0
DA:531,0
DA:549,0
DA:567,0
DA:568,0
DA:593,0
DA:594,0
LF:124
LH:0
BRDA:99,0,0,0
BRDA:100,1,0,0
BRDA:100,2,0,0
BRDA:100,2,1,0
BRDA:130,3,0,0
BRDA:160,4,0,0
BRDA:160,5,0,0
BRDA:160,5,1,0
BRDA:206,6,0,0
BRDA:206,7,0,0
BRDA:206,7,1,0
BRDA:228,8,0,0
BRDA:234,9,0,0
BRDA:236,10,0,0
BRDA:243,11,0,0
BRDA:245,12,0,0
BRDA:289,13,0,0
BRDA:289,14,0,0
BRDA:289,14,1,0
BRDA:289,14,2,0
BRDA:289,14,3,0
BRDA:342,15,0,0
BRDA:342,16,0,0
BRDA:342,16,1,0
BRDA:342,16,2,0
BRDA:342,16,3,0
BRDA:399,17,0,0
BRDA:399,18,0,0
BRDA:399,18,1,0
BRDA:429,19,0,0
BRDA:429,20,0,0
BRDA:429,20,1,0
BRDA:429,20,2,0
BRDA:434,21,0,0
BRDA:438,22,0,0
BRDA:487,23,0,0
BRDA:487,24,0,0
BRDA:487,24,1,0
BRDA:510,25,0,0
BRDA:514,26,0,0
BRDA:514,26,1,0
BRDA:526,27,0,0
BRDA:526,27,1,0
BRDA:526,27,2,0
BRDA:567,28,0,0
BRDA:567,29,0,0
BRDA:567,29,1,0
BRF:47
BRH:0
end_of_record
TN:
SF:src/utils/templateTagger.ts
FN:86,(anonymous_0)
FN:95,(anonymous_1)
FN:105,(anonymous_2)
FN:134,(anonymous_3)
FN:156,(anonymous_4)
FN:170,(anonymous_5)
FN:188,(anonymous_6)
FN:226,(anonymous_7)
FN:254,(anonymous_8)
FN:282,(anonymous_9)
FN:302,(anonymous_10)
FN:329,(anonymous_11)
FN:355,(anonymous_12)
FN:357,(anonymous_13)
FN:358,(anonymous_14)
FN:372,(anonymous_15)
FN:383,(anonymous_16)
FN:390,(anonymous_17)
FN:400,(anonymous_18)
FN:409,(anonymous_19)
FN:501,(anonymous_20)
FN:519,(anonymous_21)
FN:536,(anonymous_22)
FN:545,(anonymous_23)
FN:566,(anonymous_24)
FN:604,(anonymous_25)
FNF:26
FNH:0
FNDA:0,(anonymous_0)
FNDA:0,(anonymous_1)
FNDA:0,(anonymous_2)
FNDA:0,(anonymous_3)
FNDA:0,(anonymous_4)
FNDA:0,(anonymous_5)
FNDA:0,(anonymous_6)
FNDA:0,(anonymous_7)
FNDA:0,(anonymous_8)
FNDA:0,(anonymous_9)
FNDA:0,(anonymous_10)
FNDA:0,(anonymous_11)
FNDA:0,(anonymous_12)
FNDA:0,(anonymous_13)
FNDA:0,(anonymous_14)
FNDA:0,(anonymous_15)
FNDA:0,(anonymous_16)
FNDA:0,(anonymous_17)
FNDA:0,(anonymous_18)
FNDA:0,(anonymous_19)
FNDA:0,(anonymous_20)
FNDA:0,(anonymous_21)
FNDA:0,(anonymous_22)
FNDA:0,(anonymous_23)
FNDA:0,(anonymous_24)
FNDA:0,(anonymous_25)
DA:52,0
DA:57,0
DA:69,0
DA:87,0
DA:88,0
DA:89,0
DA:96,0
DA:97,0
DA:99,0
DA:106,0
DA:107,0
DA:108,0
DA:117,0
DA:118,0
DA:119,0
DA:120,0
DA:122,0
DA:123,0
DA:128,0
DA:135,0
DA:137,0
DA:139,0
DA:141,0
DA:143,0
DA:145,0
DA:147,0
DA:149,0
DA:157,0
DA:158,0
DA:160,0
DA:161,0
DA:162,0
DA:171,0
DA:172,0
DA:174,0
DA:175,0
DA:178,0
DA:190,0
DA:192,0
DA:193,0
DA:197,0
DA:198,0
DA:202,0
DA:203,0
DA:207,0
DA:208,0
DA:212,0
DA:215,0
DA:217,0
DA:228,0
DA:230,0
DA:231,0
DA:235,0
DA:236,0
DA:237,0
DA:241,0
DA:244,0
DA:246,0
DA:255,0
DA:257,0
DA:265,0
DA:266,0
DA:269,0
DA:270,0
DA:274,0
DA:284,0
DA:285,0
DA:286,0
DA:290,0
DA:291,0
DA:292,0
DA:294,0
DA:303,0
DA:305,0
DA:306,0
DA:309,0
DA:310,0
DA:311,0
DA:313,0
DA:321,0
DA:330,0
DA:332,0
DA:333,0
DA:336,0
DA:337,0
DA:338,0
DA:340,0
DA:348,0
DA:356,0
DA:357,0
DA:360,0
DA:361,0
DA:362,0
DA:363,0
DA:373,0
DA:374,0
DA:384,0
DA:386,0
DA:387,0
DA:390,0
DA:391,0
DA:401,0
DA:410,0
DA:413,0
DA:414,0
DA:415,0
DA:416,0
DA:419,0
DA:422,0
DA:425,0
DA:428,0
DA:431,0
DA:436,0
DA:439,0
DA:442,0
DA:446,0
DA:448,0
DA:449,0
DA:451,0
DA:452,0
DA:454,0
DA:455,0
DA:457,0
DA:458,0
DA:462,0
DA:464,0
DA:467,0
DA:469,0
DA:472,0
DA:474,0
DA:477,0
DA:479,0
DA:482,0
DA:484,0
DA:487,0
DA:490,0
DA:493,0
DA:502,0
DA:503,0
DA:505,0
DA:506,0
DA:507,0
DA:511,0
DA:520,0
DA:522,0
DA:523,0
DA:524,0
DA:528,0
DA:537,0
DA:538,0
DA:546,0
DA:548,0
DA:549,0
DA:550,0
DA:558,0
DA:568,0
DA:571,0
DA:572,0
DA:573,0
DA:574,0
DA:575,0
DA:576,0
DA:577,0
DA:578,0
DA:579,0
DA:580,0
DA:584,0
DA:585,0
DA:586,0
DA:587,0
DA:588,0
DA:589,0
DA:593,0
DA:594,0
DA:595,0
DA:596,0
DA:597,0
DA:598,0
DA:601,0
DA:602,0
DA:604,0
DA:605,0
DA:606,0
DA:607,0
DA:608,0
DA:609,0
DA:610,0
DA:613,0
DA:614,0
DA:616,0
DA:617,0
DA:618,0
DA:625,0
DA:628,0
LF:194
LH:0
BRDA:96,0,0,0
BRDA:107,1,0,0
BRDA:107,1,1,0
BRDA:110,2,0,0
BRDA:110,2,1,0
BRDA:119,3,0,0
BRDA:120,4,0,0
BRDA:120,4,1,0
BRDA:122,5,0,0
BRDA:135,6,0,0
BRDA:135,6,1,0
BRDA:135,6,2,0
BRDA:135,6,3,0
BRDA:135,6,4,0
BRDA:135,6,5,0
BRDA:135,6,6,0
BRDA:157,7,0,0
BRDA:171,8,0,0
BRDA:192,9,0,0
BRDA:197,10,0,0
BRDA:202,11,0,0
BRDA:207,12,0,0
BRDA:230,13,0,0
BRDA:230,14,0,0
BRDA:230,14,1,0
BRDA:230,14,2,0
BRDA:236,15,0,0
BRDA:254,16,0,0
BRDA:255,17,0,0
BRDA:255,17,1,0
BRDA:261,18,0,0
BRDA:261,18,1,0
BRDA:269,19,0,0
BRDA:269,20,0,0
BRDA:269,20,1,0
BRDA:305,21,0,0
BRDA:309,22,0,0
BRDA:309,22,1,0
BRDA:332,23,0,0
BRDA:336,24,0,0
BRDA:336,24,1,0
BRDA:357,25,0,0
BRDA:357,25,1,0
BRDA:360,26,0,0
BRDA:360,27,0,0
BRDA:360,27,1,0
BRDA:361,28,0,0
BRDA:361,29,0,0
BRDA:361,29,1,0
BRDA:362,30,0,0
BRDA:386,31,0,0
BRDA:416,32,0,0
BRDA:416,32,1,0
BRDA:419,33,0,0
BRDA:419,34,0,0
BRDA:419,34,1,0
BRDA:419,34,2,0
BRDA:425,35,0,0
BRDA:425,36,0,0
BRDA:425,36,1,0
BRDA:425,36,2,0
BRDA:431,37,0,0
BRDA:431,38,0,0
BRDA:431,38,1,0
BRDA:431,38,2,0
BRDA:431,38,3,0
BRDA:431,38,4,0
BRDA:439,39,0,0
BRDA:439,40,0,0
BRDA:439,40,1,0
BRDA:439,40,2,0
BRDA:446,41,0,0
BRDA:446,41,1,0
BRDA:446,41,2,0
BRDA:446,41,3,0
BRDA:462,42,0,0
BRDA:462,43,0,0
BRDA:462,43,1,0
BRDA:467,44,0,0
BRDA:467,45,0,0
BRDA:467,45,1,0
BRDA:472,46,0,0
BRDA:472,47,0,0
BRDA:472,47,1,0
BRDA:477,48,0,0
BRDA:477,49,0,0
BRDA:477,49,1,0
BRDA:482,50,0,0
BRDA:482,51,0,0
BRDA:482,51,1,0
BRDA:487,52,0,0
BRDA:487,53,0,0
BRDA:487,53,1,0
BRDA:487,53,2,0
BRDA:506,54,0,0
BRDA:523,55,0,0
BRDA:528,56,0,0
BRDA:528,56,1,0
BRDA:549,57,0,0
BRDA:571,58,0,0
BRDA:571,58,1,0
BRDA:573,59,0,0
BRDA:573,59,1,0
BRDA:577,60,0,0
BRDA:584,61,0,0
BRDA:584,61,1,0
BRDA:586,62,0,0
BRDA:593,63,0,0
BRDA:595,64,0,0
BRDA:601,65,0,0
BRDA:601,65,1,0
BRDA:605,66,0,0
BRDA:606,67,0,0
BRDA:607,68,0,0
BRDA:608,69,0,0
BRDA:609,70,0,0
BRDA:613,71,0,0
BRDA:613,71,1,0
BRDA:628,72,0,0
BRDA:628,72,1,0
BRF:120
BRH:0
end_of_record
TN:
SF:src/utils/webviewOptimizer.ts
FN:59,(anonymous_9)
FN:89,(anonymous_10)
FN:101,(anonymous_11)
FN:108,(anonymous_12)
FN:114,(anonymous_13)
FN:121,(anonymous_14)
FN:135,(anonymous_15)
FN:142,(anonymous_16)
FN:149,(anonymous_17)
FN:161,(anonymous_18)
FN:168,(anonymous_19)
FN:189,(anonymous_20)
FN:197,(anonymous_21)
FN:208,(anonymous_22)
FN:218,(anonymous_23)
FN:231,(anonymous_24)
FN:231,(anonymous_25)
FN:232,(anonymous_26)
FN:233,(anonymous_27)
FN:237,(anonymous_28)
FN:245,(anonymous_29)
FN:274,(anonymous_30)
FN:282,(anonymous_31)
FN:288,(anonymous_32)
FN:292,(anonymous_33)
FN:296,(anonymous_34)
FN:301,(anonymous_35)
FN:306,(anonymous_36)
FN:330,(anonymous_37)
FN:409,(anonymous_38)
FN:413,(anonymous_39)
FN:474,(anonymous_40)
FN:490,(anonymous_41)
FN:496,(anonymous_42)
FN:503,(anonymous_43)
FN:515,(anonymous_44)
FN:520,(anonymous_45)
FN:528,(anonymous_46)
FN:551,(anonymous_47)
FN:581,(anonymous_48)
FN:589,(anonymous_49)
FN:590,(anonymous_50)
FNF:42
FNH:0
FNDA:0,(anonymous_9)
FNDA:0,(anonymous_10)
FNDA:0,(anonymous_11)
FNDA:0,(anonymous_12)
FNDA:0,(anonymous_13)
FNDA:0,(anonymous_14)
FNDA:0,(anonymous_15)
FNDA:0,(anonymous_16)
FNDA:0,(anonymous_17)
FNDA:0,(anonymous_18)
FNDA:0,(anonymous_19)
FNDA:0,(anonymous_20)
FNDA:0,(anonymous_21)
FNDA:0,(anonymous_22)
FNDA:0,(anonymous_23)
FNDA:0,(anonymous_24)
FNDA:0,(anonymous_25)
FNDA:0,(anonymous_26)
FNDA:0,(anonymous_27)
FNDA:0,(anonymous_28)
FNDA:0,(anonymous_29)
FNDA:0,(anonymous_30)
FNDA:0,(anonymous_31)
FNDA:0,(anonymous_32)
FNDA:0,(anonymous_33)
FNDA:0,(anonymous_34)
FNDA:0,(anonymous_35)
FNDA:0,(anonymous_36)
FNDA:0,(anonymous_37)
FNDA:0,(anonymous_38)
FNDA:0,(anonymous_39)
FNDA:0,(anonymous_40)
FNDA:0,(anonymous_41)
FNDA:0,(anonymous_42)
FNDA:0,(anonymous_43)
FNDA:0,(anonymous_44)
FNDA:0,(anonymous_45)
FNDA:0,(anonymous_46)
FNDA:0,(anonymous_47)
FNDA:0,(anonymous_48)
FNDA:0,(anonymous_49)
FNDA:0,(anonymous_50)
DA:1,0
DA:2,0
DA:51,0
DA:54,0
DA:55,0
DA:60,0
DA:74,0
DA:75,0
DA:81,0
DA:82,0
DA:93,0
DA:94,0
DA:97,0
DA:101,0
DA:102,0
DA:104,0
DA:105,0
DA:108,0
DA:109,0
DA:110,0
DA:114,0
DA:115,0
DA:116,0
DA:117,0
DA:121,0
DA:122,0
DA:123,0
DA:124,0
DA:125,0
DA:129,0
DA:139,0
DA:142,0
DA:143,0
DA:145,0
DA:146,0
DA:147,0
DA:148,0
DA:149,0
DA:150,0
DA:151,0
DA:152,0
DA:166,0
DA:168,0
DA:169,0
DA:170,0
DA:171,0
DA:175,0
DA:176,0
DA:177,0
DA:178,0
DA:181,0
DA:184,0
DA:185,0
DA:188,0
DA:189,0
DA:190,0
DA:192,0
DA:197,0
DA:198,0
DA:199,0
DA:200,0
DA:201,0
DA:208,0
DA:209,0
DA:212,0
DA:228,0
DA:230,0
DA:231,0
DA:232,0
DA:233,0
DA:237,0
DA:238,0
DA:239,0
DA:240,0
DA:242,0
DA:245,0
DA:246,0
DA:247,0
DA:250,0
DA:251,0
DA:257,0
DA:258,0
DA:259,0
DA:264,0
DA:265,0
DA:266,0
DA:271,0
DA:274,0
DA:276,0
DA:288,0
DA:289,0
DA:292,0
DA:293,0
DA:296,0
DA:297,0
DA:298,0
DA:301,0
DA:302,0
DA:303,0
DA:306,0
DA:307,0
DA:308,0
DA:309,0
DA:310,0
DA:312,0
DA:316,0
DA:319,0
DA:340,0
DA:358,0
DA:409,0
DA:410,0
DA:413,0
DA:414,0
DA:417,0
DA:479,0
DA:480,0
DA:488,0
DA:490,0
DA:491,0
DA:493,0
DA:496,0
DA:497,0
DA:498,0
DA:499,0
DA:503,0
DA:504,0
DA:505,0
DA:506,0
DA:509,0
DA:510,0
DA:515,0
DA:516,0
DA:517,0
DA:520,0
DA:522,0
DA:530,0
DA:531,0
DA:533,0
DA:536,0
DA:537,0
DA:538,0
DA:542,0
DA:545,0
DA:552,0
DA:553,0
DA:554,0
DA:558,0
DA:559,0
DA:560,0
DA:561,0
DA:565,0
DA:566,0
DA:568,0
DA:575,0
DA:583,0
DA:590,0
DA:592,0
DA:595,0
DA:596,0
DA:597,0
DA:598,0
DA:600,0
DA:601,0
DA:602,0
DA:603,0
DA:609,0
DA:610,0
DA:617,0
LF:168
LH:0
BRDA:59,0,0,0
BRDA:61,1,0,0
BRDA:61,1,1,0
BRDA:62,2,0,0
BRDA:62,2,1,0
BRDA:63,3,0,0
BRDA:63,3,1,0
BRDA:64,4,0,0
BRDA:64,4,1,0
BRDA:65,5,0,0
BRDA:65,5,1,0
BRDA:66,6,0,0
BRDA:66,6,1,0
BRDA:67,7,0,0
BRDA:67,7,1,0
BRDA:68,8,0,0
BRDA:68,8,1,0
BRDA:69,9,0,0
BRDA:69,9,1,0
BRDA:70,10,0,0
BRDA:70,10,1,0
BRDA:71,11,0,0
BRDA:71,11,1,0
BRDA:81,12,0,0
BRDA:93,13,0,0
BRDA:97,14,0,0
BRDA:97,14,1,0
BRDA:104,15,0,0
BRDA:115,16,0,0
BRDA:122,17,0,0
BRDA:137,18,0,0
BRDA:145,19,0,0
BRDA:145,19,1,0
BRDA:148,20,0,0
BRDA:169,21,0,0
BRDA:176,22,0,0
BRDA:184,23,0,0
BRDA:184,23,1,0
BRDA:188,24,0,0
BRDA:198,25,0,0
BRDA:198,25,1,0
BRDA:200,26,0,0
BRDA:228,27,0,0
BRDA:228,28,0,0
BRDA:228,28,1,0
BRDA:250,29,0,0
BRDA:258,30,0,0
BRDA:264,31,0,0
BRDA:302,32,0,0
BRDA:340,33,0,0
BRDA:340,33,1,0
BRDA:491,34,0,0
BRDA:504,35,0,0
BRDA:509,36,0,0
BRDA:536,37,0,0
BRDA:553,38,0,0
BRDA:553,39,0,0
BRDA:553,39,1,0
BRDA:559,40,0,0
BRDA:565,41,0,0
BRDA:565,41,1,0
BRDA:597,42,0,0
BRDA:601,43,0,0
BRDA:609,44,0,0
BRF:64
BRH:0
end_of_record
