TN:
SF:src\core\aiDocumentGenerator.ts
FN:460,(anonymous_0)
FN:470,(anonymous_1)
FN:546,(anonymous_2)
FN:553,(anonymous_3)
FN:590,(anonymous_4)
FN:598,(anonymous_5)
FN:618,(anonymous_6)
FN:643,(anonymous_7)
FN:648,(anonymous_8)
FN:687,(anonymous_9)
FN:716,(anonymous_10)
FN:761,(anonymous_11)
FN:779,(anonymous_12)
FN:793,(anonymous_13)
FN:800,(anonymous_14)
FN:801,(anonymous_15)
FN:811,(anonymous_16)
FN:833,(anonymous_17)
FN:843,(anonymous_18)
FN:903,(anonymous_19)
FN:938,(anonymous_20)
FN:939,(anonymous_21)
FN:947,(anonymous_22)
FN:949,(anonymous_23)
FN:957,(anonymous_24)
FN:959,(anonymous_25)
FN:967,(anonymous_26)
FN:968,(anonymous_27)
FN:973,(anonymous_28)
FN:982,(anonymous_29)
FN:1016,(anonymous_30)
FNF:31
FNH:0
FNDA:0,(anonymous_0)
FNDA:0,(anonymous_1)
FNDA:0,(anonymous_2)
FNDA:0,(anonymous_3)
FNDA:0,(anonymous_4)
FNDA:0,(anonymous_5)
FNDA:0,(anonymous_6)
FNDA:0,(anonymous_7)
FNDA:0,(anonymous_8)
FNDA:0,(anonymous_9)
FNDA:0,(anonymous_10)
FNDA:0,(anonymous_11)
FNDA:0,(anonymous_12)
FNDA:0,(anonymous_13)
FNDA:0,(anonymous_14)
FNDA:0,(anonymous_15)
FNDA:0,(anonymous_16)
FNDA:0,(anonymous_17)
FNDA:0,(anonymous_18)
FNDA:0,(anonymous_19)
FNDA:0,(anonymous_20)
FNDA:0,(anonymous_21)
FNDA:0,(anonymous_22)
FNDA:0,(anonymous_23)
FNDA:0,(anonymous_24)
FNDA:0,(anonymous_25)
FNDA:0,(anonymous_26)
FNDA:0,(anonymous_27)
FNDA:0,(anonymous_28)
FNDA:0,(anonymous_29)
FNDA:0,(anonymous_30)
DA:144,0
DA:146,0
DA:411,0
DA:461,0
DA:462,0
DA:472,0
DA:475,0
DA:477,0
DA:478,0
DA:481,0
DA:483,0
DA:484,0
DA:486,0
DA:488,0
DA:489,0
DA:490,0
DA:492,0
DA:497,0
DA:498,0
DA:499,0
DA:504,0
DA:506,0
DA:507,0
DA:509,0
DA:510,0
DA:512,0
DA:513,0
DA:515,0
DA:516,0
DA:518,0
DA:521,0
DA:526,0
DA:528,0
DA:529,0
DA:530,0
DA:531,0
DA:536,0
DA:537,0
DA:547,0
DA:548,0
DA:551,0
DA:552,0
DA:553,0
DA:557,0
DA:558,0
DA:560,0
DA:563,0
DA:565,0
DA:566,0
DA:567,0
DA:568,0
DA:569,0
DA:570,0
DA:571,0
DA:575,0
DA:576,0
DA:580,0
DA:590,0
DA:599,0
DA:600,0
DA:603,0
DA:604,0
DA:607,0
DA:608,0
DA:616,0
DA:617,0
DA:618,0
DA:619,0
DA:620,0
DA:623,0
DA:625,0
DA:626,0
DA:627,0
DA:630,0
DA:634,0
DA:645,0
DA:648,0
DA:649,0
DA:655,0
DA:657,0
DA:658,0
DA:660,0
DA:661,0
DA:663,0
DA:664,0
DA:666,0
DA:667,0
DA:669,0
DA:670,0
DA:672,0
DA:673,0
DA:676,0
DA:680,0
DA:682,0
DA:685,0
DA:687,0
DA:689,0
DA:691,0
DA:695,0
DA:707,0
DA:717,0
DA:720,0
DA:721,0
DA:722,0
DA:726,0
DA:727,0
DA:728,0
DA:732,0
DA:733,0
DA:734,0
DA:735,0
DA:736,0
DA:742,0
DA:743,0
DA:744,0
DA:745,0
DA:746,0
DA:747,0
DA:748,0
DA:752,0
DA:762,0
DA:763,0
DA:766,0
DA:767,0
DA:768,0
DA:771,0
DA:773,0
DA:774,0
DA:778,0
DA:779,0
DA:780,0
DA:782,0
DA:783,0
DA:784,0
DA:785,0
DA:790,0
DA:791,0
DA:793,0
DA:794,0
DA:795,0
DA:796,0
DA:797,0
DA:800,0
DA:801,0
DA:802,0
DA:803,0
DA:804,0
DA:808,0
DA:810,0
DA:811,0
DA:812,0
DA:814,0
DA:815,0
DA:816,0
DA:817,0
DA:818,0
DA:823,0
DA:824,0
DA:833,0
DA:852,0
DA:890,0
DA:891,0
DA:892,0
DA:894,0
DA:908,0
DA:909,0
DA:910,0
DA:911,0
DA:914,0
DA:917,0
DA:920,0
DA:939,0
DA:949,0
DA:959,0
DA:968,0
DA:969,0
DA:970,0
DA:973,0
DA:974,0
DA:984,0
DA:985,0
DA:988,0
DA:989,0
DA:990,0
DA:994,0
DA:995,0
DA:998,0
DA:1000,0
DA:1006,0
DA:1017,0
DA:1020,0
DA:1021,0
DA:1022,0
DA:1023,0
DA:1027,0
DA:1030,0
DA:1031,0
DA:1032,0
DA:1034,0
DA:1037,0
DA:1038,0
DA:1040,0
DA:1041,0
DA:1043,0
DA:1047,0
DA:1048,0
DA:1050,0
DA:1051,0
DA:1053,0
DA:1057,0
DA:1058,0
DA:1060,0
DA:1064,0
DA:1065,0
DA:1067,0
DA:1071,0
DA:1072,0
DA:1076,0
DA:1077,0
DA:1080,0
LF:220
LH:0
BRDA:486,0,0,0
BRDA:490,1,0,0
BRDA:490,1,1,0
BRDA:498,2,0,0
BRDA:504,3,0,0
BRDA:504,3,1,0
BRDA:504,4,0,0
BRDA:504,4,1,0
BRDA:504,4,2,0
BRDA:507,5,0,0
BRDA:507,5,1,0
BRDA:507,6,0,0
BRDA:507,6,1,0
BRDA:507,6,2,0
BRDA:510,7,0,0
BRDA:510,7,1,0
BRDA:510,8,0,0
BRDA:510,8,1,0
BRDA:510,8,2,0
BRDA:513,9,0,0
BRDA:513,9,1,0
BRDA:513,10,0,0
BRDA:513,10,1,0
BRDA:513,10,2,0
BRDA:513,10,3,0
BRDA:516,11,0,0
BRDA:516,12,0,0
BRDA:516,12,1,0
BRDA:516,12,2,0
BRDA:529,13,0,0
BRDA:537,14,0,0
BRDA:537,14,1,0
BRDA:551,15,0,0
BRDA:558,16,0,0
BRDA:563,17,0,0
BRDA:563,17,1,0
BRDA:563,18,0,0
BRDA:563,18,1,0
BRDA:563,18,2,0
BRDA:566,19,0,0
BRDA:566,19,1,0
BRDA:566,20,0,0
BRDA:566,20,1,0
BRDA:568,21,0,0
BRDA:568,21,1,0
BRDA:570,22,0,0
BRDA:575,23,0,0
BRDA:575,24,0,0
BRDA:575,24,1,0
BRDA:575,24,2,0
BRDA:582,25,0,0
BRDA:582,25,1,0
BRDA:607,26,0,0
BRDA:616,27,0,0
BRDA:616,27,1,0
BRDA:620,28,0,0
BRDA:620,28,1,0
BRDA:620,28,2,0
BRDA:623,29,0,0
BRDA:623,30,0,0
BRDA:623,30,1,0
BRDA:623,30,2,0
BRDA:623,30,3,0
BRDA:626,31,0,0
BRDA:655,32,0,0
BRDA:655,32,1,0
BRDA:655,32,2,0
BRDA:655,32,3,0
BRDA:655,32,4,0
BRDA:655,32,5,0
BRDA:680,33,0,0
BRDA:689,34,0,0
BRDA:689,34,1,0
BRDA:692,35,0,0
BRDA:692,35,1,0
BRDA:697,36,0,0
BRDA:697,36,1,0
BRDA:721,37,0,0
BRDA:721,38,0,0
BRDA:721,38,1,0
BRDA:727,39,0,0
BRDA:727,40,0,0
BRDA:727,40,1,0
BRDA:732,41,0,0
BRDA:734,42,0,0
BRDA:734,43,0,0
BRDA:734,43,1,0
BRDA:746,44,0,0
BRDA:746,45,0,0
BRDA:746,45,1,0
BRDA:771,46,0,0
BRDA:771,47,0,0
BRDA:771,47,1,0
BRDA:771,47,2,0
BRDA:778,48,0,0
BRDA:778,49,0,0
BRDA:778,49,1,0
BRDA:782,50,0,0
BRDA:794,51,0,0
BRDA:801,52,0,0
BRDA:801,53,0,0
BRDA:801,53,1,0
BRDA:808,54,0,0
BRDA:814,55,0,0
BRDA:823,56,0,0
BRDA:890,57,0,0
BRDA:890,57,1,0
BRDA:892,58,0,0
BRDA:892,58,1,0
BRDA:917,59,0,0
BRDA:917,59,1,0
BRDA:929,60,0,0
BRDA:929,60,1,0
BRDA:969,61,0,0
BRDA:990,62,0,0
BRDA:990,62,1,0
BRDA:1020,63,0,0
BRDA:1020,63,1,0
BRDA:1022,64,0,0
BRDA:1027,65,0,0
BRDA:1027,65,1,0
BRDA:1027,65,2,0
BRDA:1027,65,3,0
BRDA:1027,65,4,0
BRDA:1027,65,5,0
BRDA:1027,65,6,0
BRDA:1027,65,7,0
BRDA:1027,65,8,0
BRDA:1031,66,0,0
BRDA:1037,67,0,0
BRDA:1040,68,0,0
BRDA:1040,69,0,0
BRDA:1040,69,1,0
BRDA:1047,70,0,0
BRDA:1047,71,0,0
BRDA:1047,71,1,0
BRDA:1050,72,0,0
BRDA:1050,73,0,0
BRDA:1050,73,1,0
BRDA:1057,74,0,0
BRDA:1064,75,0,0
BRDA:1071,76,0,0
BRDA:1076,77,0,0
BRF:143
BRH:0
end_of_record
TN:
SF:src\core\chartGenerator.ts
FN:185,(anonymous_0)
FN:219,(anonymous_1)
FN:295,(anonymous_2)
FN:296,(anonymous_3)
FN:338,(anonymous_4)
FN:475,(anonymous_5)
FN:647,(anonymous_6)
FN:659,(anonymous_7)
FN:765,(anonymous_8)
FN:904,(anonymous_9)
FN:956,(anonymous_10)
FN:985,(anonymous_11)
FNF:12
FNH:12
FNDA:13,(anonymous_0)
FNDA:9,(anonymous_1)
FNDA:9,(anonymous_2)
FNDA:9,(anonymous_3)
FNDA:4,(anonymous_4)
FNDA:1,(anonymous_5)
FNDA:2,(anonymous_6)
FNDA:7,(anonymous_7)
FNDA:1,(anonymous_8)
FNDA:8,(anonymous_9)
FNDA:5,(anonymous_10)
FNDA:10,(anonymous_11)
DA:2,1
DA:3,1
DA:4,1
DA:169,1
DA:175,13
DA:185,13
DA:220,9
DA:222,9
DA:223,9
DA:226,9
DA:227,9
DA:230,9
DA:231,9
DA:234,9
DA:237,9
DA:239,4
DA:240,4
DA:242,1
DA:243,1
DA:246,2
DA:247,2
DA:249,1
DA:250,1
DA:252,1
DA:256,8
DA:257,8
DA:258,8
DA:259,8
DA:260,8
DA:264,8
DA:265,8
DA:267,8
DA:268,8
DA:270,8
DA:271,7
DA:273,7
DA:275,2
DA:276,2
DA:296,9
DA:297,9
DA:298,9
DA:300,9
DA:301,6
DA:304,9
DA:305,6
DA:308,9
DA:309,6
DA:344,4
DA:345,4
DA:346,4
DA:347,4
DA:348,4
DA:350,4
DA:351,4
DA:353,4
DA:354,4
DA:355,4
DA:356,4
DA:359,4
DA:360,4
DA:361,4
DA:362,4
DA:366,4
DA:369,4
DA:370,4
DA:373,4
DA:374,4
DA:375,4
DA:376,4
DA:379,4
DA:380,4
DA:381,4
DA:382,4
DA:385,4
DA:386,4
DA:387,4
DA:388,4
DA:389,4
DA:391,4
DA:392,24
DA:393,24
DA:395,24
DA:398,24
DA:399,24
DA:400,24
DA:401,24
DA:402,24
DA:406,4
DA:407,20
DA:408,20
DA:411,20
DA:412,20
DA:413,20
DA:414,20
DA:415,20
DA:416,20
DA:417,20
DA:420,20
DA:421,20
DA:422,20
DA:423,20
DA:425,20
DA:426,20
DA:429,20
DA:433,20
DA:436,20
DA:440,20
DA:441,20
DA:446,4
DA:481,1
DA:482,1
DA:483,1
DA:484,1
DA:485,1
DA:487,1
DA:488,1
DA:490,1
DA:493,1
DA:494,1
DA:495,1
DA:496,1
DA:500,1
DA:503,1
DA:504,1
DA:507,1
DA:508,1
DA:509,1
DA:510,1
DA:513,1
DA:514,1
DA:515,1
DA:516,1
DA:519,1
DA:520,1
DA:521,1
DA:522,1
DA:523,1
DA:525,1
DA:526,6
DA:527,6
DA:529,6
DA:532,6
DA:533,6
DA:534,6
DA:535,6
DA:536,6
DA:540,1
DA:541,5
DA:542,5
DA:544,5
DA:545,5
DA:546,5
DA:547,5
DA:548,5
DA:549,5
DA:550,5
DA:553,5
DA:554,5
DA:555,5
DA:556,5
DA:557,5
DA:561,1
DA:562,1
DA:565,1
DA:566,1
DA:569,1
DA:571,1
DA:572,5
DA:573,5
DA:575,5
DA:576,1
DA:578,4
DA:582,1
DA:585,1
DA:586,1
DA:587,1
DA:588,1
DA:590,1
DA:595,1
DA:596,1
DA:597,1
DA:601,1
DA:602,5
DA:603,5
DA:605,5
DA:606,5
DA:607,5
DA:610,5
DA:612,5
DA:613,5
DA:614,5
DA:619,1
DA:654,2
DA:655,2
DA:658,2
DA:659,7
DA:662,2
DA:663,2
DA:664,2
DA:667,2
DA:669,2
DA:670,7
DA:671,7
DA:673,7
DA:674,7
DA:675,7
DA:676,7
DA:679,7
DA:682,7
DA:685,7
DA:686,7
DA:687,7
DA:690,7
DA:691,4
DA:692,4
DA:693,4
DA:694,4
DA:698,7
DA:699,7
DA:700,7
DA:701,7
DA:704,7
DA:705,7
DA:707,7
DA:708,7
DA:709,7
DA:710,7
DA:711,7
DA:714,7
DA:718,2
DA:719,2
DA:721,2
DA:722,2
DA:723,2
DA:725,2
DA:726,7
DA:727,7
DA:730,7
DA:733,7
DA:736,7
DA:737,7
DA:771,1
DA:772,1
DA:773,1
DA:774,1
DA:775,1
DA:777,1
DA:778,1
DA:781,1
DA:782,1
DA:784,1
DA:785,1
DA:786,4
DA:787,4
DA:792,1
DA:793,1
DA:796,1
DA:797,1
DA:800,1
DA:801,1
DA:802,1
DA:803,1
DA:806,1
DA:807,1
DA:808,1
DA:809,1
DA:812,1
DA:813,1
DA:814,1
DA:815,1
DA:816,1
DA:818,1
DA:819,6
DA:820,6
DA:822,6
DA:825,6
DA:826,6
DA:827,6
DA:828,6
DA:829,6
DA:833,1
DA:834,1
DA:835,1
DA:837,1
DA:838,6
DA:839,6
DA:841,6
DA:844,6
DA:845,6
DA:846,6
DA:847,6
DA:848,6
DA:852,1
DA:853,1
DA:855,1
DA:856,4
DA:857,4
DA:858,4
DA:861,4
DA:862,4
DA:863,4
DA:866,4
DA:868,4
DA:869,4
DA:870,4
DA:873,4
DA:874,4
DA:875,4
DA:876,4
DA:877,4
DA:882,1
DA:910,8
DA:912,1
DA:915,7
DA:916,7
DA:917,7
DA:919,7
DA:920,7
DA:921,7
DA:923,7
DA:924,7
DA:925,7
DA:928,7
DA:931,7
DA:934,7
DA:935,7
DA:958,5
DA:961,5
DA:962,5
DA:963,5
DA:966,5
DA:986,10
DA:987,10
DA:989,2
LF:334
LH:334
BRDA:222,0,0,9
BRDA:222,0,1,5
BRDA:223,1,0,9
BRDA:223,1,1,5
BRDA:237,2,0,4
BRDA:237,2,1,1
BRDA:237,2,2,1
BRDA:237,2,3,2
BRDA:237,2,4,1
BRDA:237,2,5,1
BRDA:256,3,0,8
BRDA:276,4,0,2
BRDA:276,4,1,0
BRDA:300,5,0,6
BRDA:304,6,0,6
BRDA:308,7,0,6
BRDA:345,8,0,4
BRDA:345,8,1,0
BRDA:429,9,0,0
BRDA:429,9,1,20
BRDA:436,10,0,0
BRDA:436,10,1,20
BRDA:440,11,0,20
BRDA:440,11,1,0
BRDA:482,12,0,1
BRDA:482,12,1,0
BRDA:566,13,0,0
BRDA:566,13,1,1
BRDA:569,14,0,1
BRDA:569,14,1,0
BRDA:575,15,0,1
BRDA:575,15,1,4
BRDA:585,16,0,1
BRDA:590,17,0,0
BRDA:590,17,1,1
BRDA:607,18,0,0
BRDA:607,18,1,5
BRDA:655,19,0,2
BRDA:655,19,1,0
BRDA:679,20,0,0
BRDA:679,20,1,7
BRDA:690,21,0,4
BRDA:704,22,0,7
BRDA:730,23,0,0
BRDA:730,23,1,7
BRDA:772,24,0,1
BRDA:772,24,1,0
BRDA:855,25,0,5
BRDA:855,25,1,4
BRDA:863,26,0,0
BRDA:863,26,1,4
BRDA:910,27,0,1
BRDA:910,28,0,8
BRDA:910,28,1,7
BRDA:928,29,0,0
BRDA:928,29,1,7
BRF:56
BRH:40
end_of_record
TN:
SF:src\core\contentSuggestionEngine.ts
FN:74,(anonymous_0)
FN:83,(anonymous_1)
FN:94,(anonymous_2)
FN:108,(anonymous_3)
FN:109,(anonymous_4)
FN:121,(anonymous_5)
FN:163,(anonymous_6)
FN:188,(anonymous_7)
FN:232,(anonymous_8)
FN:254,(anonymous_9)
FN:258,(anonymous_10)
FN:259,(anonymous_11)
FN:265,(anonymous_12)
FN:272,(anonymous_13)
FN:299,(anonymous_14)
FN:339,(anonymous_15)
FN:343,(anonymous_16)
FN:344,(anonymous_17)
FN:369,(anonymous_18)
FN:389,(anonymous_19)
FN:406,(anonymous_20)
FN:407,(anonymous_21)
FN:437,(anonymous_22)
FN:464,(anonymous_23)
FN:481,(anonymous_24)
FNF:25
FNH:0
FNDA:0,(anonymous_0)
FNDA:0,(anonymous_1)
FNDA:0,(anonymous_2)
FNDA:0,(anonymous_3)
FNDA:0,(anonymous_4)
FNDA:0,(anonymous_5)
FNDA:0,(anonymous_6)
FNDA:0,(anonymous_7)
FNDA:0,(anonymous_8)
FNDA:0,(anonymous_9)
FNDA:0,(anonymous_10)
FNDA:0,(anonymous_11)
FNDA:0,(anonymous_12)
FNDA:0,(anonymous_13)
FNDA:0,(anonymous_14)
FNDA:0,(anonymous_15)
FNDA:0,(anonymous_16)
FNDA:0,(anonymous_17)
FNDA:0,(anonymous_18)
FNDA:0,(anonymous_19)
FNDA:0,(anonymous_20)
FNDA:0,(anonymous_21)
FNDA:0,(anonymous_22)
FNDA:0,(anonymous_23)
FNDA:0,(anonymous_24)
DA:23,0
DA:26,0
DA:27,0
DA:31,0
DA:75,0
DA:76,0
DA:84,0
DA:100,0
DA:101,0
DA:103,0
DA:108,0
DA:109,0
DA:111,0
DA:118,0
DA:119,0
DA:120,0
DA:121,0
DA:122,0
DA:124,0
DA:129,0
DA:131,0
DA:132,0
DA:133,0
DA:135,0
DA:139,0
DA:140,0
DA:141,0
DA:143,0
DA:147,0
DA:161,0
DA:162,0
DA:163,0
DA:164,0
DA:165,0
DA:169,0
DA:173,0
DA:190,0
DA:193,0
DA:196,0
DA:199,0
DA:201,0
DA:202,0
DA:203,0
DA:205,0
DA:210,0
DA:211,0
DA:214,0
DA:216,0
DA:217,0
DA:218,0
DA:222,0
DA:223,0
DA:224,0
DA:229,0
DA:231,0
DA:232,0
DA:233,0
DA:234,0
DA:238,0
DA:239,0
DA:240,0
DA:246,0
DA:258,0
DA:259,0
DA:260,0
DA:261,0
DA:264,0
DA:265,0
DA:266,0
DA:267,0
DA:268,0
DA:272,0
DA:273,0
DA:276,0
DA:278,0
DA:300,0
DA:302,0
DA:303,0
DA:304,0
DA:305,0
DA:307,0
DA:308,0
DA:311,0
DA:314,0
DA:343,0
DA:344,0
DA:346,0
DA:347,0
DA:350,0
DA:353,0
DA:354,0
DA:355,0
DA:356,0
DA:357,0
DA:358,0
DA:360,0
DA:370,0
DA:373,0
DA:374,0
DA:378,0
DA:379,0
DA:383,0
DA:384,0
DA:388,0
DA:389,0
DA:391,0
DA:392,0
DA:396,0
DA:397,0
DA:399,0
DA:400,0
DA:401,0
DA:405,0
DA:406,0
DA:407,0
DA:409,0
DA:410,0
DA:414,0
DA:419,0
DA:420,0
DA:421,0
DA:422,0
DA:423,0
DA:427,0
DA:428,0
DA:432,0
DA:437,0
DA:438,0
DA:441,0
DA:446,0
DA:447,0
DA:451,0
DA:452,0
DA:453,0
DA:456,0
DA:465,0
DA:467,0
DA:468,0
DA:471,0
DA:473,0
DA:482,0
DA:484,0
DA:501,0
DA:518,0
DA:543,0
DA:564,0
LF:146
LH:0
BRDA:101,0,0,0
BRDA:101,1,0,0
BRDA:101,1,1,0
BRDA:108,2,0,0
BRDA:108,2,1,0
BRDA:108,3,0,0
BRDA:108,3,1,0
BRDA:118,4,0,0
BRDA:119,5,0,0
BRDA:119,5,1,0
BRDA:129,6,0,0
BRDA:129,6,1,0
BRDA:129,6,2,0
BRDA:129,6,3,0
BRDA:129,6,4,0
BRDA:129,6,5,0
BRDA:131,7,0,0
BRDA:131,7,1,0
BRDA:139,8,0,0
BRDA:139,8,1,0
BRDA:162,9,0,0
BRDA:164,10,0,0
BRDA:193,11,0,0
BRDA:193,11,1,0
BRDA:193,11,2,0
BRDA:199,12,0,0
BRDA:202,13,0,0
BRDA:202,14,0,0
BRDA:202,14,1,0
BRDA:205,15,0,0
BRDA:210,16,0,0
BRDA:214,17,0,0
BRDA:217,18,0,0
BRDA:223,19,0,0
BRDA:229,20,0,0
BRDA:233,21,0,0
BRDA:239,22,0,0
BRDA:261,23,0,0
BRDA:261,23,1,0
BRDA:264,24,0,0
BRDA:264,24,1,0
BRDA:266,25,0,0
BRDA:266,25,1,0
BRDA:303,26,0,0
BRDA:303,26,1,0
BRDA:346,27,0,0
BRDA:346,28,0,0
BRDA:346,28,1,0
BRDA:353,29,0,0
BRDA:353,29,1,0
BRDA:355,30,0,0
BRDA:355,30,1,0
BRDA:357,31,0,0
BRDA:357,31,1,0
BRDA:373,32,0,0
BRDA:373,33,0,0
BRDA:373,33,1,0
BRDA:378,34,0,0
BRDA:378,35,0,0
BRDA:378,35,1,0
BRDA:383,36,0,0
BRDA:391,37,0,0
BRDA:400,38,0,0
BRDA:401,39,0,0
BRDA:401,39,1,0
BRDA:406,40,0,0
BRDA:406,40,1,0
BRDA:409,41,0,0
BRDA:422,42,0,0
BRDA:427,43,0,0
BRDA:441,44,0,0
BRDA:441,44,1,0
BRDA:441,44,2,0
BRDA:441,44,3,0
BRDA:446,45,0,0
BRDA:446,46,0,0
BRDA:446,46,1,0
BRDA:451,47,0,0
BRDA:482,48,0,0
BRDA:482,48,1,0
BRDA:482,48,2,0
BRDA:482,48,3,0
BRDA:482,48,4,0
BRF:83
BRH:0
end_of_record
TN:
SF:src\core\documentAnalyzer.ts
FN:41,(anonymous_0)
FN:52,(anonymous_1)
FN:118,(anonymous_2)
FN:173,(anonymous_3)
FN:177,(anonymous_4)
FN:192,(anonymous_5)
FN:209,(anonymous_6)
FN:310,(anonymous_7)
FN:311,(anonymous_8)
FN:319,(anonymous_9)
FN:330,(anonymous_10)
FN:337,(anonymous_11)
FN:372,(anonymous_12)
FN:405,(anonymous_13)
FN:407,(anonymous_14)
FN:421,(anonymous_15)
FN:456,(anonymous_16)
FN:463,(anonymous_17)
FN:469,(anonymous_18)
FN:476,(anonymous_19)
FN:482,(anonymous_20)
FN:489,(anonymous_21)
FN:495,(anonymous_22)
FN:507,(anonymous_23)
FN:514,(anonymous_24)
FNF:25
FNH:0
FNDA:0,(anonymous_0)
FNDA:0,(anonymous_1)
FNDA:0,(anonymous_2)
FNDA:0,(anonymous_3)
FNDA:0,(anonymous_4)
FNDA:0,(anonymous_5)
FNDA:0,(anonymous_6)
FNDA:0,(anonymous_7)
FNDA:0,(anonymous_8)
FNDA:0,(anonymous_9)
FNDA:0,(anonymous_10)
FNDA:0,(anonymous_11)
FNDA:0,(anonymous_12)
FNDA:0,(anonymous_13)
FNDA:0,(anonymous_14)
FNDA:0,(anonymous_15)
FNDA:0,(anonymous_16)
FNDA:0,(anonymous_17)
FNDA:0,(anonymous_18)
FNDA:0,(anonymous_19)
FNDA:0,(anonymous_20)
FNDA:0,(anonymous_21)
FNDA:0,(anonymous_22)
FNDA:0,(anonymous_23)
FNDA:0,(anonymous_24)
DA:2,0
DA:34,0
DA:42,0
DA:58,0
DA:61,0
DA:64,0
DA:67,0
DA:70,0
DA:73,0
DA:76,0
DA:79,0
DA:80,0
DA:82,0
DA:83,0
DA:84,0
DA:85,0
DA:89,0
DA:97,0
DA:122,0
DA:125,0
DA:127,0
DA:130,0
DA:131,0
DA:133,0
DA:135,0
DA:138,0
DA:139,0
DA:144,0
DA:145,0
DA:146,0
DA:149,0
DA:156,0
DA:161,0
DA:177,0
DA:178,0
DA:181,0
DA:182,0
DA:183,0
DA:186,0
DA:187,0
DA:192,0
DA:194,0
DA:215,0
DA:217,0
DA:218,0
DA:219,0
DA:220,0
DA:221,0
DA:222,0
DA:223,0
DA:224,0
DA:225,0
DA:226,0
DA:227,0
DA:228,0
DA:229,0
DA:230,0
DA:234,0
DA:236,0
DA:244,0
DA:245,0
DA:250,0
DA:251,0
DA:256,0
DA:257,0
DA:261,0
DA:262,0
DA:266,0
DA:267,0
DA:271,0
DA:272,0
DA:277,0
DA:278,0
DA:282,0
DA:283,0
DA:287,0
DA:291,0
DA:292,0
DA:293,0
DA:294,0
DA:295,0
DA:296,0
DA:297,0
DA:298,0
DA:302,0
DA:311,0
DA:326,0
DA:327,0
DA:328,0
DA:330,0
DA:331,0
DA:334,0
DA:337,0
DA:338,0
DA:342,0
DA:353,0
DA:354,0
DA:355,0
DA:356,0
DA:358,0
DA:361,0
DA:377,0
DA:386,0
DA:387,0
DA:390,0
DA:392,0
DA:393,0
DA:395,0
DA:396,0
DA:404,0
DA:405,0
DA:407,0
DA:409,0
DA:428,0
DA:431,0
DA:432,0
DA:433,0
DA:434,0
DA:438,0
DA:439,0
DA:440,0
DA:443,0
DA:444,0
DA:449,0
DA:450,0
DA:455,0
DA:456,0
DA:457,0
DA:460,0
DA:463,0
DA:464,0
DA:466,0
DA:469,0
DA:470,0
DA:473,0
DA:476,0
DA:477,0
DA:479,0
DA:482,0
DA:483,0
DA:486,0
DA:488,0
DA:489,0
DA:490,0
DA:492,0
DA:495,0
DA:496,0
DA:498,0
DA:500,0
DA:502,0
DA:503,0
DA:504,0
DA:507,0
DA:508,0
DA:511,0
DA:514,0
DA:515,0
DA:517,0
DA:522,0
DA:523,0
DA:526,0
DA:527,0
DA:531,0
LF:163
LH:0
BRDA:82,0,0,0
BRDA:125,1,0,0
BRDA:125,1,1,0
BRDA:133,2,0,0
BRDA:133,2,1,0
BRDA:149,3,0,0
BRDA:150,4,0,0
BRDA:150,4,1,0
BRDA:150,4,2,0
BRDA:150,4,3,0
BRDA:150,4,4,0
BRDA:150,4,5,0
BRDA:150,4,6,0
BRDA:182,5,0,0
BRDA:182,5,1,0
BRDA:187,6,0,0
BRDA:187,6,1,0
BRDA:217,7,0,0
BRDA:217,7,1,0
BRDA:217,8,0,0
BRDA:217,8,1,0
BRDA:219,9,0,0
BRDA:219,9,1,0
BRDA:221,10,0,0
BRDA:221,10,1,0
BRDA:223,11,0,0
BRDA:223,11,1,0
BRDA:223,12,0,0
BRDA:223,12,1,0
BRDA:225,13,0,0
BRDA:225,13,1,0
BRDA:225,14,0,0
BRDA:225,14,1,0
BRDA:227,15,0,0
BRDA:227,15,1,0
BRDA:227,16,0,0
BRDA:227,16,1,0
BRDA:229,17,0,0
BRDA:229,18,0,0
BRDA:229,18,1,0
BRDA:236,19,0,0
BRDA:236,19,1,0
BRDA:237,20,0,0
BRDA:237,20,1,0
BRDA:237,20,2,0
BRDA:237,20,3,0
BRDA:237,20,4,0
BRDA:245,21,0,0
BRDA:245,21,1,0
BRDA:246,22,0,0
BRDA:246,22,1,0
BRDA:246,22,2,0
BRDA:246,22,3,0
BRDA:251,23,0,0
BRDA:251,23,1,0
BRDA:252,24,0,0
BRDA:252,24,1,0
BRDA:252,24,2,0
BRDA:257,25,0,0
BRDA:257,25,1,0
BRDA:258,26,0,0
BRDA:258,26,1,0
BRDA:262,27,0,0
BRDA:262,27,1,0
BRDA:263,28,0,0
BRDA:263,28,1,0
BRDA:263,28,2,0
BRDA:267,29,0,0
BRDA:267,29,1,0
BRDA:268,30,0,0
BRDA:268,30,1,0
BRDA:272,31,0,0
BRDA:272,31,1,0
BRDA:273,32,0,0
BRDA:273,32,1,0
BRDA:273,32,2,0
BRDA:278,33,0,0
BRDA:278,33,1,0
BRDA:279,34,0,0
BRDA:279,34,1,0
BRDA:279,34,2,0
BRDA:283,35,0,0
BRDA:284,36,0,0
BRDA:284,36,1,0
BRDA:291,37,0,0
BRDA:291,37,1,0
BRDA:293,38,0,0
BRDA:293,38,1,0
BRDA:295,39,0,0
BRDA:295,39,1,0
BRDA:297,40,0,0
BRDA:327,41,0,0
BRDA:327,41,1,0
BRDA:334,42,0,0
BRDA:334,42,1,0
BRDA:338,43,0,0
BRDA:338,43,1,0
BRDA:353,44,0,0
BRDA:353,44,1,0
BRDA:355,45,0,0
BRDA:355,45,1,0
BRDA:387,46,0,0
BRDA:387,46,1,0
BRDA:395,47,0,0
BRDA:398,48,0,0
BRDA:398,48,1,0
BRDA:431,49,0,0
BRDA:431,49,1,0
BRDA:433,50,0,0
BRDA:433,51,0,0
BRDA:433,51,1,0
BRDA:438,52,0,0
BRDA:443,53,0,0
BRDA:449,54,0,0
BRDA:455,55,0,0
BRDA:455,55,1,0
BRDA:456,56,0,0
BRDA:457,57,0,0
BRDA:457,57,1,0
BRDA:463,58,0,0
BRDA:469,59,0,0
BRDA:470,60,0,0
BRDA:470,60,1,0
BRDA:476,61,0,0
BRDA:482,62,0,0
BRDA:483,63,0,0
BRDA:483,63,1,0
BRDA:488,64,0,0
BRDA:488,64,1,0
BRDA:489,65,0,0
BRDA:495,66,0,0
BRDA:500,67,0,0
BRDA:500,67,1,0
BRDA:502,68,0,0
BRDA:503,69,0,0
BRDA:503,70,0,0
BRDA:503,70,1,0
BRDA:507,71,0,0
BRDA:508,72,0,0
BRDA:508,72,1,0
BRDA:514,73,0,0
BRDA:514,74,0,0
BRDA:514,74,1,0
BRDA:522,75,0,0
BRDA:522,76,0,0
BRDA:522,76,1,0
BRDA:526,77,0,0
BRDA:526,78,0,0
BRDA:526,78,1,0
BRF:149
BRH:0
end_of_record
TN:
SF:src\core\entityExtractor.ts
FN:90,(anonymous_0)
FN:99,(anonymous_1)
FN:111,(anonymous_2)
FN:136,(anonymous_3)
FN:144,(anonymous_4)
FN:231,(anonymous_5)
FN:239,(anonymous_6)
FN:255,(anonymous_7)
FN:257,(anonymous_8)
FN:270,(anonymous_9)
FNF:10
FNH:0
FNDA:0,(anonymous_0)
FNDA:0,(anonymous_1)
FNDA:0,(anonymous_2)
FNDA:0,(anonymous_3)
FNDA:0,(anonymous_4)
FNDA:0,(anonymous_5)
FNDA:0,(anonymous_6)
FNDA:0,(anonymous_7)
FNDA:0,(anonymous_8)
FNDA:0,(anonymous_9)
DA:37,0
DA:39,0
DA:100,0
DA:103,0
DA:112,0
DA:113,0
DA:116,0
DA:117,0
DA:120,0
DA:121,0
DA:122,0
DA:127,0
DA:129,0
DA:136,0
DA:146,0
DA:149,0
DA:152,0
DA:153,0
DA:161,0
DA:163,0
DA:164,0
DA:172,0
DA:174,0
DA:175,0
DA:183,0
DA:185,0
DA:186,0
DA:194,0
DA:196,0
DA:197,0
DA:205,0
DA:207,0
DA:208,0
DA:216,0
DA:218,0
DA:219,0
DA:229,0
DA:230,0
DA:231,0
DA:232,0
DA:239,0
DA:240,0
DA:247,0
DA:256,0
DA:257,0
DA:271,0
DA:274,0
DA:275,0
DA:276,0
DA:277,0
DA:279,0
DA:283,0
DA:285,0
DA:286,0
DA:287,0
DA:290,0
DA:291,0
DA:292,0
DA:293,0
DA:294,0
DA:295,0
DA:296,0
DA:297,0
DA:298,0
DA:299,0
DA:300,0
DA:303,0
DA:306,0
DA:307,0
DA:310,0
DA:311,0
DA:312,0
DA:314,0
DA:315,0
DA:316,0
DA:317,0
DA:318,0
DA:319,0
DA:320,0
DA:321,0
DA:322,0
DA:325,0
DA:328,0
DA:329,0
DA:332,0
DA:333,0
DA:334,0
DA:337,0
DA:338,0
DA:339,0
DA:341,0
DA:344,0
DA:347,0
DA:348,0
DA:349,0
DA:350,0
DA:351,0
DA:352,0
DA:353,0
DA:354,0
DA:355,0
DA:356,0
DA:357,0
DA:362,0
DA:363,0
DA:364,0
DA:365,0
DA:367,0
DA:370,0
DA:373,0
DA:374,0
DA:375,0
DA:379,0
DA:380,0
DA:381,0
DA:386,0
DA:387,0
DA:388,0
DA:389,0
DA:391,0
DA:394,0
DA:397,0
DA:398,0
DA:399,0
DA:403,0
DA:404,0
DA:405,0
DA:410,0
DA:411,0
DA:412,0
DA:413,0
DA:415,0
DA:419,0
DA:420,0
DA:421,0
DA:422,0
DA:423,0
DA:427,0
DA:428,0
DA:429,0
DA:430,0
DA:434,0
LF:142
LH:0
BRDA:121,0,0,0
BRDA:127,1,0,0
BRDA:127,1,1,0
BRDA:232,2,0,0
BRDA:232,2,1,0
BRDA:232,2,2,0
BRDA:232,2,3,0
BRDA:276,3,0,0
BRDA:283,4,0,0
BRDA:283,4,1,0
BRDA:283,4,2,0
BRDA:283,4,3,0
BRDA:283,4,4,0
BRDA:283,4,5,0
BRDA:283,4,6,0
BRDA:283,4,7,0
BRDA:290,5,0,0
BRDA:292,6,0,0
BRDA:292,6,1,0
BRDA:295,7,0,0
BRDA:295,7,1,0
BRDA:298,8,0,0
BRDA:298,9,0,0
BRDA:298,9,1,0
BRDA:310,10,0,0
BRDA:314,11,0,0
BRDA:314,11,1,0
BRDA:317,12,0,0
BRDA:317,12,1,0
BRDA:320,13,0,0
BRDA:320,14,0,0
BRDA:320,14,1,0
BRDA:332,15,0,0
BRDA:332,15,1,0
BRDA:347,16,0,0
BRDA:349,17,0,0
BRDA:349,17,1,0
BRDA:352,18,0,0
BRDA:352,18,1,0
BRDA:352,19,0,0
BRDA:352,19,1,0
BRDA:355,20,0,0
BRDA:362,21,0,0
BRDA:373,22,0,0
BRDA:379,23,0,0
BRDA:386,24,0,0
BRDA:397,25,0,0
BRDA:403,26,0,0
BRDA:410,27,0,0
BRF:49
BRH:0
end_of_record
TN:
SF:src\core\feedbackLearningEngine.ts
FN:29,(anonymous_0)
FN:43,(anonymous_1)
FN:79,(anonymous_2)
FN:84,(anonymous_3)
FN:94,(anonymous_4)
FN:96,(anonymous_5)
FN:105,(anonymous_6)
FN:111,(anonymous_7)
FN:112,(anonymous_8)
FN:133,(anonymous_9)
FN:138,(anonymous_10)
FN:143,(anonymous_11)
FN:162,(anonymous_12)
FN:169,(anonymous_13)
FN:199,(anonymous_14)
FN:200,(anonymous_15)
FN:203,(anonymous_16)
FN:208,(anonymous_17)
FN:210,(anonymous_18)
FN:213,(anonymous_19)
FN:215,(anonymous_20)
FN:227,(anonymous_21)
FN:242,(anonymous_22)
FN:253,(anonymous_23)
FN:263,(anonymous_24)
FN:279,(anonymous_25)
FNF:26
FNH:0
FNDA:0,(anonymous_0)
FNDA:0,(anonymous_1)
FNDA:0,(anonymous_2)
FNDA:0,(anonymous_3)
FNDA:0,(anonymous_4)
FNDA:0,(anonymous_5)
FNDA:0,(anonymous_6)
FNDA:0,(anonymous_7)
FNDA:0,(anonymous_8)
FNDA:0,(anonymous_9)
FNDA:0,(anonymous_10)
FNDA:0,(anonymous_11)
FNDA:0,(anonymous_12)
FNDA:0,(anonymous_13)
FNDA:0,(anonymous_14)
FNDA:0,(anonymous_15)
FNDA:0,(anonymous_16)
FNDA:0,(anonymous_17)
FNDA:0,(anonymous_18)
FNDA:0,(anonymous_19)
FNDA:0,(anonymous_20)
FNDA:0,(anonymous_21)
FNDA:0,(anonymous_22)
FNDA:0,(anonymous_23)
FNDA:0,(anonymous_24)
FNDA:0,(anonymous_25)
DA:19,0
DA:20,0
DA:22,0
DA:23,0
DA:30,0
DA:31,0
DA:52,0
DA:62,0
DA:65,0
DA:66,0
DA:70,0
DA:84,0
DA:85,0
DA:86,0
DA:93,0
DA:94,0
DA:96,0
DA:107,0
DA:108,0
DA:111,0
DA:112,0
DA:115,0
DA:116,0
DA:117,0
DA:118,0
DA:123,0
DA:124,0
DA:135,0
DA:138,0
DA:139,0
DA:143,0
DA:145,0
DA:146,0
DA:150,0
DA:151,0
DA:154,0
DA:155,0
DA:158,0
DA:162,0
DA:175,0
DA:177,0
DA:178,0
DA:179,0
DA:185,0
DA:187,0
DA:188,0
DA:190,0
DA:191,0
DA:192,0
DA:198,0
DA:199,0
DA:200,0
DA:202,0
DA:203,0
DA:207,0
DA:208,0
DA:210,0
DA:212,0
DA:213,0
DA:215,0
DA:217,0
DA:228,0
DA:229,0
DA:230,0
DA:231,0
DA:234,0
DA:235,0
DA:243,0
DA:244,0
DA:246,0
DA:254,0
DA:255,0
DA:264,0
DA:265,0
DA:266,0
DA:267,0
DA:269,0
DA:270,0
DA:280,0
DA:281,0
DA:282,0
DA:283,0
DA:285,0
DA:287,0
DA:290,0
DA:291,0
DA:294,0
DA:295,0
DA:298,0
DA:300,0
DA:301,0
LF:91
LH:0
BRDA:65,0,0,0
BRDA:79,1,0,0
BRDA:117,2,0,0
BRDA:124,3,0,0
BRDA:124,3,1,0
BRDA:133,4,0,0
BRDA:139,5,0,0
BRDA:139,5,1,0
BRDA:145,6,0,0
BRDA:145,7,0,0
BRDA:145,7,1,0
BRDA:150,8,0,0
BRDA:151,9,0,0
BRDA:154,10,0,0
BRDA:154,11,0,0
BRDA:154,11,1,0
BRDA:155,12,0,0
BRDA:155,13,0,0
BRDA:155,13,1,0
BRDA:178,14,0,0
BRDA:180,15,0,0
BRDA:180,15,1,0
BRDA:191,16,0,0
BRDA:192,17,0,0
BRDA:192,17,1,0
BRDA:202,18,0,0
BRDA:202,18,1,0
BRDA:230,19,0,0
BRDA:285,20,0,0
BRDA:290,21,0,0
BRF:30
BRH:0
end_of_record
TN:
SF:src\core\sentimentAnalyzer.ts
FN:23,(anonymous_0)
FN:30,(anonymous_1)
FN:134,(anonymous_2)
FN:195,(anonymous_3)
FN:229,(anonymous_4)
FN:237,(anonymous_5)
FN:245,(anonymous_6)
FN:271,(anonymous_7)
FN:321,(anonymous_8)
FN:337,(anonymous_9)
FNF:10
FNH:0
FNDA:0,(anonymous_0)
FNDA:0,(anonymous_1)
FNDA:0,(anonymous_2)
FNDA:0,(anonymous_3)
FNDA:0,(anonymous_4)
FNDA:0,(anonymous_5)
FNDA:0,(anonymous_6)
FNDA:0,(anonymous_7)
FNDA:0,(anonymous_8)
FNDA:0,(anonymous_9)
DA:15,0
DA:17,0
DA:18,0
DA:24,0
DA:32,0
DA:76,0
DA:119,0
DA:120,0
DA:124,0
DA:125,0
DA:135,0
DA:136,0
DA:144,0
DA:147,0
DA:149,0
DA:150,0
DA:153,0
DA:154,0
DA:155,0
DA:156,0
DA:157,0
DA:158,0
DA:159,0
DA:164,0
DA:168,0
DA:173,0
DA:174,0
DA:175,0
DA:176,0
DA:177,0
DA:178,0
DA:180,0
DA:183,0
DA:196,0
DA:198,0
DA:204,0
DA:210,0
DA:217,0
DA:230,0
DA:237,0
DA:246,0
DA:254,0
DA:255,0
DA:257,0
DA:258,0
DA:259,0
DA:263,0
DA:273,0
DA:282,0
DA:291,0
DA:292,0
DA:295,0
DA:296,0
DA:297,0
DA:302,0
DA:303,0
DA:304,0
DA:309,0
DA:310,0
DA:313,0
DA:322,0
DA:337,0
DA:339,0
DA:340,0
DA:344,0
DA:347,0
DA:348,0
DA:350,0
DA:351,0
DA:352,0
DA:353,0
DA:354,0
DA:355,0
DA:357,0
LF:74
LH:0
BRDA:135,0,0,0
BRDA:135,1,0,0
BRDA:135,1,1,0
BRDA:154,2,0,0
BRDA:154,2,1,0
BRDA:155,3,0,0
BRDA:155,3,1,0
BRDA:157,4,0,0
BRDA:158,5,0,0
BRDA:158,5,1,0
BRDA:164,6,0,0
BRDA:164,6,1,0
BRDA:173,7,0,0
BRDA:173,7,1,0
BRDA:175,8,0,0
BRDA:175,8,1,0
BRDA:177,9,0,0
BRDA:177,9,1,0
BRDA:196,10,0,0
BRDA:196,10,1,0
BRDA:196,10,2,0
BRDA:196,10,3,0
BRDA:196,10,4,0
BRDA:199,11,0,0
BRDA:199,11,1,0
BRDA:200,12,0,0
BRDA:200,12,1,0
BRDA:205,13,0,0
BRDA:205,13,1,0
BRDA:206,14,0,0
BRDA:206,14,1,0
BRDA:258,15,0,0
BRDA:296,16,0,0
BRDA:303,17,0,0
BRDA:339,18,0,0
BRDA:350,19,0,0
BRDA:350,19,1,0
BRDA:352,20,0,0
BRDA:352,20,1,0
BRDA:354,21,0,0
BRDA:354,21,1,0
BRF:41
BRH:0
end_of_record
TN:
SF:src\models\documentAnnotation.ts
FN:11,(anonymous_0)
FN:270,(anonymous_1)
FN:275,(anonymous_2)
FN:285,(anonymous_3)
FN:307,(anonymous_4)
FN:326,(anonymous_5)
FN:367,(anonymous_6)
FN:378,(anonymous_7)
FN:407,(anonymous_8)
FN:417,(anonymous_9)
FN:431,(anonymous_10)
FN:443,(anonymous_11)
FN:479,(anonymous_12)
FN:492,(anonymous_13)
FN:540,(anonymous_14)
FN:561,(anonymous_15)
FN:568,(anonymous_16)
FNF:17
FNH:0
FNDA:0,(anonymous_0)
FNDA:0,(anonymous_1)
FNDA:0,(anonymous_2)
FNDA:0,(anonymous_3)
FNDA:0,(anonymous_4)
FNDA:0,(anonymous_5)
FNDA:0,(anonymous_6)
FNDA:0,(anonymous_7)
FNDA:0,(anonymous_8)
FNDA:0,(anonymous_9)
FNDA:0,(anonymous_10)
FNDA:0,(anonymous_11)
FNDA:0,(anonymous_12)
FNDA:0,(anonymous_13)
FNDA:0,(anonymous_14)
FNDA:0,(anonymous_15)
FNDA:0,(anonymous_16)
DA:6,0
DA:11,0
DA:15,0
DA:20,0
DA:25,0
DA:30,0
DA:35,0
DA:40,0
DA:256,0
DA:265,0
DA:276,0
DA:277,0
DA:279,0
DA:286,0
DA:289,0
DA:290,0
DA:293,0
DA:296,0
DA:297,0
DA:299,0
DA:300,0
DA:311,0
DA:313,0
DA:315,0
DA:316,0
DA:318,0
DA:319,0
DA:332,0
DA:335,0
DA:338,0
DA:356,0
DA:359,0
DA:361,0
DA:372,0
DA:375,0
DA:378,0
DA:380,0
DA:381,0
DA:385,0
DA:396,0
DA:399,0
DA:401,0
DA:411,0
DA:414,0
DA:417,0
DA:420,0
DA:421,0
DA:425,0
DA:437,0
DA:440,0
DA:443,0
DA:445,0
DA:446,0
DA:450,0
DA:460,0
DA:461,0
DA:465,0
DA:468,0
DA:471,0
DA:473,0
DA:481,0
DA:482,0
DA:483,0
DA:488,0
DA:489,0
DA:490,0
DA:492,0
DA:493,0
DA:495,0
DA:506,0
DA:510,0
DA:541,0
DA:543,0
DA:545,0
DA:547,0
DA:549,0
DA:551,0
DA:554,0
DA:562,0
DA:571,0
DA:572,0
DA:575,0
DA:576,0
DA:584,0
DA:585,0
DA:597,0
LF:86
LH:0
BRDA:11,0,0,0
BRDA:11,0,1,0
BRDA:276,1,0,0
BRDA:289,2,0,0
BRDA:290,3,0,0
BRDA:290,3,1,0
BRDA:330,4,0,0
BRDA:343,5,0,0
BRDA:343,5,1,0
BRDA:361,6,0,0
BRDA:361,6,1,0
BRDA:380,7,0,0
BRDA:401,8,0,0
BRDA:401,8,1,0
BRDA:420,9,0,0
BRDA:435,10,0,0
BRDA:445,11,0,0
BRDA:460,12,0,0
BRDA:473,13,0,0
BRDA:473,13,1,0
BRDA:483,14,0,0
BRDA:483,14,1,0
BRDA:489,15,0,0
BRDA:489,16,0,0
BRDA:489,16,1,0
BRDA:527,17,0,0
BRDA:527,17,1,0
BRDA:541,18,0,0
BRDA:541,18,1,0
BRDA:541,18,2,0
BRDA:541,18,3,0
BRDA:541,18,4,0
BRDA:541,18,5,0
BRDA:541,18,6,0
BRDA:571,19,0,0
BRDA:575,20,0,0
BRDA:584,21,0,0
BRF:37
BRH:0
end_of_record
TN:
SF:src\models\documentTemplate.ts
FN:18,(anonymous_0)
FN:52,(anonymous_1)
FN:70,(anonymous_2)
FNF:3
FNH:0
FNDA:0,(anonymous_0)
FNDA:0,(anonymous_1)
FNDA:0,(anonymous_2)
DA:18,0
DA:19,0
DA:20,0
DA:21,0
DA:22,0
DA:52,0
DA:53,0
DA:54,0
DA:55,0
DA:56,0
DA:57,0
DA:58,0
DA:59,0
DA:60,0
DA:61,0
DA:70,0
DA:71,0
DA:72,0
DA:73,0
DA:74,0
DA:75,0
DA:76,0
DA:77,0
LF:23
LH:0
BRDA:18,0,0,0
BRDA:18,0,1,0
BRDA:52,1,0,0
BRDA:52,1,1,0
BRDA:70,2,0,0
BRDA:70,2,1,0
BRF:6
BRH:0
end_of_record
TN:
SF:src\models\mcpTool.ts
FN:56,(anonymous_0)
FNF:1
FNH:0
FNDA:0,(anonymous_0)
DA:49,0
DA:57,0
DA:58,0
DA:59,0
LF:4
LH:0
BRF:0
BRH:0
end_of_record
TN:
SF:src\models\previewOptions.ts
FN:11,(anonymous_0)
FN:352,(anonymous_1)
FN:359,(anonymous_2)
FN:369,(anonymous_3)
FN:418,(anonymous_4)
FN:505,(anonymous_5)
FN:526,(anonymous_6)
FN:565,(anonymous_7)
FN:585,(anonymous_8)
FN:592,(anonymous_9)
FN:643,(anonymous_10)
FN:650,(anonymous_11)
FN:657,(anonymous_12)
FN:695,(anonymous_13)
FN:702,(anonymous_14)
FNF:15
FNH:0
FNDA:0,(anonymous_0)
FNDA:0,(anonymous_1)
FNDA:0,(anonymous_2)
FNDA:0,(anonymous_3)
FNDA:0,(anonymous_4)
FNDA:0,(anonymous_5)
FNDA:0,(anonymous_6)
FNDA:0,(anonymous_7)
FNDA:0,(anonymous_8)
FNDA:0,(anonymous_9)
FNDA:0,(anonymous_10)
FNDA:0,(anonymous_11)
FNDA:0,(anonymous_12)
FNDA:0,(anonymous_13)
FNDA:0,(anonymous_14)
DA:11,0
DA:15,0
DA:20,0
DA:25,0
DA:30,0
DA:35,0
DA:40,0
DA:45,0
DA:50,0
DA:328,0
DA:337,0
DA:342,0
DA:347,0
DA:353,0
DA:360,0
DA:361,0
DA:363,0
DA:371,0
DA:418,0
DA:419,0
DA:425,0
DA:443,0
DA:462,0
DA:482,0
DA:506,0
DA:509,0
DA:510,0
DA:513,0
DA:516,0
DA:518,0
DA:519,0
DA:531,0
DA:533,0
DA:535,0
DA:540,0
DA:553,0
DA:555,0
DA:557,0
DA:558,0
DA:569,0
DA:571,0
DA:573,0
DA:575,0
DA:577,0
DA:578,0
DA:586,0
DA:593,0
DA:644,0
DA:651,0
DA:662,0
DA:665,0
DA:668,0
DA:669,0
DA:670,0
DA:671,0
DA:672,0
DA:673,0
DA:674,0
DA:675,0
DA:676,0
DA:679,0
DA:680,0
DA:681,0
DA:682,0
DA:683,0
DA:684,0
DA:685,0
DA:686,0
DA:687,0
DA:689,0
DA:696,0
DA:697,0
DA:700,0
DA:702,0
DA:703,0
DA:704,0
DA:707,0
DA:708,0
DA:711,0
DA:720,0
DA:723,0
DA:727,0
LF:82
LH:0
BRDA:11,0,0,0
BRDA:11,0,1,0
BRDA:360,1,0,0
BRDA:509,2,0,0
BRDA:510,3,0,0
BRDA:510,3,1,0
BRDA:529,4,0,0
BRDA:535,5,0,0
BRDA:535,5,1,0
BRDA:541,6,0,0
BRDA:541,6,1,0
BRDA:542,7,0,0
BRDA:542,7,1,0
BRDA:547,8,0,0
BRDA:547,8,1,0
BRDA:548,9,0,0
BRDA:548,9,1,0
BRDA:586,10,0,0
BRDA:586,10,1,0
BRDA:668,11,0,0
BRDA:669,12,0,0
BRDA:670,13,0,0
BRDA:671,14,0,0
BRDA:672,15,0,0
BRDA:673,16,0,0
BRDA:674,17,0,0
BRDA:675,18,0,0
BRDA:676,19,0,0
BRDA:679,20,0,0
BRDA:680,21,0,0
BRDA:681,22,0,0
BRDA:682,23,0,0
BRDA:683,24,0,0
BRDA:684,25,0,0
BRDA:685,26,0,0
BRDA:686,27,0,0
BRDA:687,28,0,0
BRDA:696,29,0,0
BRDA:707,30,0,0
BRDA:711,31,0,0
BRDA:711,31,1,0
BRDA:712,32,0,0
BRDA:712,32,1,0
BRDA:712,32,2,0
BRDA:712,32,3,0
BRDA:712,32,4,0
BRDA:712,32,5,0
BRF:47
BRH:0
end_of_record
TN:
SF:src\models\webviewState.ts
FN:26,(anonymous_0)
FN:34,(anonymous_1)
FN:45,(anonymous_2)
FN:51,(anonymous_3)
FN:64,(anonymous_4)
FN:83,(anonymous_5)
FN:93,(anonymous_6)
FN:117,(anonymous_7)
FN:130,(anonymous_8)
FN:132,(anonymous_9)
FN:138,(anonymous_10)
FN:144,(anonymous_11)
FN:154,(anonymous_12)
FNF:13
FNH:0
FNDA:0,(anonymous_0)
FNDA:0,(anonymous_1)
FNDA:0,(anonymous_2)
FNDA:0,(anonymous_3)
FNDA:0,(anonymous_4)
FNDA:0,(anonymous_5)
FNDA:0,(anonymous_6)
FNDA:0,(anonymous_7)
FNDA:0,(anonymous_8)
FNDA:0,(anonymous_9)
FNDA:0,(anonymous_10)
FNDA:0,(anonymous_11)
FNDA:0,(anonymous_12)
DA:17,0
DA:21,0
DA:27,0
DA:35,0
DA:36,0
DA:38,0
DA:46,0
DA:49,0
DA:50,0
DA:51,0
DA:52,0
DA:65,0
DA:72,0
DA:73,0
DA:75,0
DA:84,0
DA:94,0
DA:95,0
DA:96,0
DA:100,0
DA:105,0
DA:106,0
DA:107,0
DA:109,0
DA:118,0
DA:119,0
DA:120,0
DA:122,0
DA:131,0
DA:132,0
DA:139,0
DA:140,0
DA:143,0
DA:144,0
DA:145,0
DA:148,0
DA:155,0
DA:156,0
DA:157,0
LF:39
LH:0
BRDA:35,0,0,0
BRDA:50,1,0,0
BRDA:64,2,0,0
BRDA:95,3,0,0
BRDA:119,4,0,0
BRDA:139,5,0,0
BRDA:156,6,0,0
BRF:7
BRH:0
end_of_record
TN:
SF:src\models\tools\analyzeDocumentTool.ts
FN:7,(anonymous_0)
FN:36,(anonymous_1)
FN:79,(anonymous_2)
FN:80,(anonymous_3)
FN:88,(anonymous_4)
FN:90,(anonymous_5)
FN:98,(anonymous_6)
FN:100,(anonymous_7)
FN:108,(anonymous_8)
FN:109,(anonymous_9)
FN:114,(anonymous_10)
FN:123,(anonymous_11)
FN:177,(anonymous_12)
FNF:13
FNH:0
FNDA:0,(anonymous_0)
FNDA:0,(anonymous_1)
FNDA:0,(anonymous_2)
FNDA:0,(anonymous_3)
FNDA:0,(anonymous_4)
FNDA:0,(anonymous_5)
FNDA:0,(anonymous_6)
FNDA:0,(anonymous_7)
FNDA:0,(anonymous_8)
FNDA:0,(anonymous_9)
FNDA:0,(anonymous_10)
FNDA:0,(anonymous_11)
FNDA:0,(anonymous_12)
DA:1,0
DA:6,0
DA:8,0
DA:37,0
DA:39,0
DA:45,0
DA:46,0
DA:47,0
DA:48,0
DA:51,0
DA:54,0
DA:57,0
DA:69,0
DA:70,0
DA:80,0
DA:90,0
DA:100,0
DA:109,0
DA:110,0
DA:111,0
DA:114,0
DA:115,0
DA:127,0
DA:128,0
DA:130,0
DA:131,0
DA:133,0
DA:136,0
DA:138,0
DA:143,0
DA:144,0
DA:151,0
DA:152,0
DA:155,0
DA:160,0
DA:161,0
DA:167,0
DA:178,0
DA:181,0
DA:182,0
DA:183,0
DA:184,0
DA:188,0
DA:190,0
DA:191,0
DA:192,0
DA:194,0
DA:197,0
DA:198,0
DA:200,0
DA:201,0
DA:203,0
DA:206,0
DA:207,0
DA:209,0
DA:210,0
DA:212,0
DA:215,0
DA:216,0
DA:218,0
DA:221,0
DA:222,0
DA:224,0
DA:228,0
DA:229,0
DA:233,0
DA:234,0
DA:237,0
LF:68
LH:0
BRDA:39,0,0,0
BRDA:70,1,0,0
BRDA:70,1,1,0
BRDA:110,2,0,0
BRDA:138,3,0,0
BRDA:138,3,1,0
BRDA:139,4,0,0
BRDA:139,4,1,0
BRDA:139,4,2,0
BRDA:139,4,3,0
BRDA:139,4,4,0
BRDA:139,4,5,0
BRDA:143,5,0,0
BRDA:143,6,0,0
BRDA:143,6,1,0
BRDA:160,7,0,0
BRDA:160,8,0,0
BRDA:160,8,1,0
BRDA:181,9,0,0
BRDA:181,9,1,0
BRDA:183,10,0,0
BRDA:188,11,0,0
BRDA:188,11,1,0
BRDA:188,11,2,0
BRDA:188,11,3,0
BRDA:188,11,4,0
BRDA:191,12,0,0
BRDA:197,13,0,0
BRDA:200,14,0,0
BRDA:200,15,0,0
BRDA:200,15,1,0
BRDA:206,16,0,0
BRDA:206,17,0,0
BRDA:206,17,1,0
BRDA:209,18,0,0
BRDA:209,19,0,0
BRDA:209,19,1,0
BRDA:215,20,0,0
BRDA:221,21,0,0
BRDA:228,22,0,0
BRDA:233,23,0,0
BRF:41
BRH:0
end_of_record
TN:
SF:src\models\tools\generateChartTool.ts
FN:13,(anonymous_0)
FN:91,(anonymous_1)
FNF:2
FNH:0
FNDA:0,(anonymous_0)
FNDA:0,(anonymous_1)
DA:2,0
DA:8,0
DA:13,0
DA:14,0
DA:105,0
DA:107,0
DA:119,0
DA:122,0
DA:130,0
DA:131,0
LF:10
LH:0
BRDA:126,0,0,0
BRDA:126,0,1,0
BRDA:127,1,0,0
BRDA:127,1,1,0
BRDA:131,2,0,0
BRDA:131,2,1,0
BRF:6
BRH:0
end_of_record
TN:
SF:src\providers\conversationHistoryManager.ts
FN:23,(anonymous_0)
FN:33,(anonymous_1)
FN:46,(anonymous_2)
FN:55,(anonymous_3)
FN:66,(anonymous_4)
FN:75,(anonymous_5)
FN:76,(anonymous_6)
FN:87,(anonymous_7)
FN:88,(anonymous_8)
FN:98,(anonymous_9)
FN:121,(anonymous_10)
FN:133,(anonymous_11)
FNF:12
FNH:0
FNDA:0,(anonymous_0)
FNDA:0,(anonymous_1)
FNDA:0,(anonymous_2)
FNDA:0,(anonymous_3)
FNDA:0,(anonymous_4)
FNDA:0,(anonymous_5)
FNDA:0,(anonymous_6)
FNDA:0,(anonymous_7)
FNDA:0,(anonymous_8)
FNDA:0,(anonymous_9)
FNDA:0,(anonymous_10)
FNDA:0,(anonymous_11)
DA:1,0
DA:15,0
DA:16,0
DA:17,0
DA:24,0
DA:25,0
DA:34,0
DA:37,0
DA:38,0
DA:47,0
DA:56,0
DA:57,0
DA:60,0
DA:67,0
DA:76,0
DA:88,0
DA:89,0
DA:99,0
DA:100,0
DA:105,0
DA:106,0
DA:108,0
DA:109,0
DA:111,0
DA:112,0
DA:122,0
DA:123,0
DA:124,0
DA:125,0
DA:128,0
DA:129,0
DA:133,0
DA:135,0
DA:136,0
DA:139,0
DA:143,0
DA:144,0
DA:146,0
DA:147,0
LF:39
LH:0
BRDA:24,0,0,0
BRDA:24,1,0,0
BRDA:24,1,1,0
BRDA:37,2,0,0
BRDA:56,3,0,0
BRDA:89,4,0,0
BRDA:89,4,1,0
BRDA:128,5,0,0
BRDA:128,6,0,0
BRDA:128,6,1,0
BRDA:135,7,0,0
BRF:11
BRH:0
end_of_record
TN:
SF:src\providers\documentAssistant.ts
FN:18,getNonce
FN:60,(anonymous_1)
FN:79,(anonymous_2)
FN:91,(anonymous_3)
FN:125,(anonymous_4)
FN:137,(anonymous_5)
FN:138,(anonymous_6)
FN:142,(anonymous_7)
FN:151,(anonymous_8)
FN:155,(anonymous_9)
FN:159,(anonymous_10)
FN:167,(anonymous_11)
FN:195,(anonymous_12)
FN:210,(anonymous_13)
FN:352,(anonymous_14)
FN:353,(anonymous_15)
FN:361,(anonymous_16)
FN:381,(anonymous_17)
FN:401,(anonymous_18)
FN:479,(anonymous_19)
FN:553,(anonymous_20)
FN:699,(anonymous_21)
FN:773,(anonymous_22)
FN:779,(anonymous_23)
FN:791,(anonymous_24)
FN:903,(anonymous_25)
FN:957,(anonymous_26)
FN:1014,(anonymous_27)
FN:1036,(anonymous_28)
FN:1038,(anonymous_29)
FN:1038,(anonymous_30)
FN:1044,(anonymous_31)
FN:1046,(anonymous_32)
FN:1046,(anonymous_33)
FN:1109,(anonymous_34)
FN:1169,(anonymous_35)
FN:1401,(anonymous_36)
FN:1410,(anonymous_37)
FN:1459,(anonymous_38)
FN:1522,(anonymous_39)
FN:1524,(anonymous_40)
FN:1580,(anonymous_41)
FN:1611,(anonymous_42)
FN:1654,(anonymous_43)
FN:1701,(anonymous_44)
FN:1777,(anonymous_45)
FNF:46
FNH:0
FNDA:0,getNonce
FNDA:0,(anonymous_1)
FNDA:0,(anonymous_2)
FNDA:0,(anonymous_3)
FNDA:0,(anonymous_4)
FNDA:0,(anonymous_5)
FNDA:0,(anonymous_6)
FNDA:0,(anonymous_7)
FNDA:0,(anonymous_8)
FNDA:0,(anonymous_9)
FNDA:0,(anonymous_10)
FNDA:0,(anonymous_11)
FNDA:0,(anonymous_12)
FNDA:0,(anonymous_13)
FNDA:0,(anonymous_14)
FNDA:0,(anonymous_15)
FNDA:0,(anonymous_16)
FNDA:0,(anonymous_17)
FNDA:0,(anonymous_18)
FNDA:0,(anonymous_19)
FNDA:0,(anonymous_20)
FNDA:0,(anonymous_21)
FNDA:0,(anonymous_22)
FNDA:0,(anonymous_23)
FNDA:0,(anonymous_24)
FNDA:0,(anonymous_25)
FNDA:0,(anonymous_26)
FNDA:0,(anonymous_27)
FNDA:0,(anonymous_28)
FNDA:0,(anonymous_29)
FNDA:0,(anonymous_30)
FNDA:0,(anonymous_31)
FNDA:0,(anonymous_32)
FNDA:0,(anonymous_33)
FNDA:0,(anonymous_34)
FNDA:0,(anonymous_35)
FNDA:0,(anonymous_36)
FNDA:0,(anonymous_37)
FNDA:0,(anonymous_38)
FNDA:0,(anonymous_39)
FNDA:0,(anonymous_40)
FNDA:0,(anonymous_41)
FNDA:0,(anonymous_42)
FNDA:0,(anonymous_43)
FNDA:0,(anonymous_44)
FNDA:0,(anonymous_45)
DA:1,0
DA:2,0
DA:3,0
DA:9,0
DA:10,0
DA:11,0
DA:12,0
DA:19,0
DA:46,0
DA:68,0
DA:69,0
DA:70,0
DA:71,0
DA:72,0
DA:73,0
DA:76,0
DA:79,0
DA:80,0
DA:81,0
DA:82,0
DA:93,0
DA:94,0
DA:98,0
DA:99,0
DA:100,0
DA:104,0
DA:119,0
DA:122,0
DA:125,0
DA:126,0
DA:130,0
DA:131,0
DA:138,0
DA:139,0
DA:142,0
DA:143,0
DA:144,0
DA:145,0
DA:147,0
DA:151,0
DA:152,0
DA:155,0
DA:156,0
DA:159,0
DA:160,0
DA:168,0
DA:170,0
DA:183,0
DA:189,0
DA:196,0
DA:198,0
DA:200,0
DA:211,0
DA:213,0
DA:215,0
DA:216,0
DA:217,0
DA:220,0
DA:228,0
DA:234,0
DA:237,0
DA:238,0
DA:240,0
DA:241,0
DA:242,0
DA:243,0
DA:244,0
DA:245,0
DA:246,0
DA:247,0
DA:251,0
DA:254,0
DA:257,0
DA:274,0
DA:275,0
DA:284,0
DA:285,0
DA:293,0
DA:294,0
DA:302,0
DA:316,0
DA:322,0
DA:324,0
DA:325,0
DA:327,0
DA:329,0
DA:336,0
DA:342,0
DA:353,0
DA:363,0
DA:364,0
DA:365,0
DA:366,0
DA:367,0
DA:368,0
DA:369,0
DA:370,0
DA:372,0
DA:382,0
DA:384,0
DA:385,0
DA:386,0
DA:387,0
DA:388,0
DA:389,0
DA:390,0
DA:391,0
DA:393,0
DA:402,0
DA:403,0
DA:406,0
DA:408,0
DA:413,0
DA:415,0
DA:416,0
DA:420,0
DA:423,0
DA:428,0
DA:441,0
DA:447,0
DA:449,0
DA:451,0
DA:453,0
DA:458,0
DA:465,0
DA:471,0
DA:480,0
DA:481,0
DA:484,0
DA:486,0
DA:491,0
DA:493,0
DA:494,0
DA:498,0
DA:501,0
DA:506,0
DA:514,0
DA:520,0
DA:522,0
DA:524,0
DA:526,0
DA:531,0
DA:538,0
DA:544,0
DA:554,0
DA:555,0
DA:558,0
DA:560,0
DA:561,0
DA:562,0
DA:565,0
DA:570,0
DA:572,0
DA:573,0
DA:577,0
DA:578,0
DA:580,0
DA:581,0
DA:582,0
DA:583,0
DA:584,0
DA:585,0
DA:586,0
DA:587,0
DA:591,0
DA:594,0
DA:597,0
DA:615,0
DA:617,0
DA:619,0
DA:623,0
DA:634,0
DA:637,0
DA:641,0
DA:646,0
DA:660,0
DA:666,0
DA:668,0
DA:670,0
DA:672,0
DA:677,0
DA:684,0
DA:690,0
DA:700,0
DA:703,0
DA:711,0
DA:717,0
DA:720,0
DA:721,0
DA:727,0
DA:728,0
DA:730,0
DA:731,0
DA:734,0
DA:739,0
DA:741,0
DA:742,0
DA:745,0
DA:746,0
DA:749,0
DA:750,0
DA:753,0
DA:754,0
DA:758,0
DA:759,0
DA:779,0
DA:792,0
DA:795,0
DA:799,0
DA:801,0
DA:804,0
DA:805,0
DA:806,0
DA:809,0
DA:810,0
DA:811,0
DA:812,0
DA:813,0
DA:814,0
DA:815,0
DA:820,0
DA:827,0
DA:828,0
DA:833,0
DA:835,0
DA:837,0
DA:843,0
DA:845,0
DA:853,0
DA:860,0
DA:873,0
DA:877,0
DA:883,0
DA:887,0
DA:895,0
DA:902,0
DA:903,0
DA:904,0
DA:906,0
DA:919,0
DA:925,0
DA:929,0
DA:932,0
DA:937,0
DA:944,0
DA:950,0
DA:958,0
DA:959,0
DA:960,0
DA:967,0
DA:972,0
DA:974,0
DA:978,0
DA:982,0
DA:984,0
DA:985,0
DA:986,0
DA:989,0
DA:990,0
DA:992,0
DA:993,0
DA:994,0
DA:995,0
DA:996,0
DA:997,0
DA:998,0
DA:999,0
DA:1003,0
DA:1006,0
DA:1009,0
DA:1012,0
DA:1013,0
DA:1014,0
DA:1015,0
DA:1017,0
DA:1021,0
DA:1022,0
DA:1023,0
DA:1024,0
DA:1025,0
DA:1029,0
DA:1030,0
DA:1031,0
DA:1032,0
DA:1035,0
DA:1036,0
DA:1037,0
DA:1038,0
DA:1040,0
DA:1041,0
DA:1043,0
DA:1044,0
DA:1045,0
DA:1046,0
DA:1048,0
DA:1049,0
DA:1052,0
DA:1056,0
DA:1057,0
DA:1058,0
DA:1059,0
DA:1060,0
DA:1062,0
DA:1063,0
DA:1064,0
DA:1066,0
DA:1070,0
DA:1073,0
DA:1076,0
DA:1077,0
DA:1078,0
DA:1079,0
DA:1080,0
DA:1081,0
DA:1083,0
DA:1084,0
DA:1088,0
DA:1089,0
DA:1091,0
DA:1092,0
DA:1094,0
DA:1095,0
DA:1099,0
DA:1100,0
DA:1109,0
DA:1110,0
DA:1111,0
DA:1113,0
DA:1118,0
DA:1127,0
DA:1131,0
DA:1137,0
DA:1139,0
DA:1141,0
DA:1143,0
DA:1148,0
DA:1155,0
DA:1161,0
DA:1170,0
DA:1173,0
DA:1177,0
DA:1179,0
DA:1180,0
DA:1181,0
DA:1183,0
DA:1184,0
DA:1185,0
DA:1186,0
DA:1189,0
DA:1190,0
DA:1191,0
DA:1221,0
DA:1227,0
DA:1228,0
DA:1229,0
DA:1272,0
DA:1278,0
DA:1279,0
DA:1280,0
DA:1298,0
DA:1308,0
DA:1335,0
DA:1338,0
DA:1346,0
DA:1349,0
DA:1358,0
DA:1363,0
DA:1369,0
DA:1371,0
DA:1373,0
DA:1375,0
DA:1380,0
DA:1387,0
DA:1393,0
DA:1402,0
DA:1405,0
DA:1410,0
DA:1411,0
DA:1414,0
DA:1418,0
DA:1444,0
DA:1450,0
DA:1461,0
DA:1465,0
DA:1470,0
DA:1472,0
DA:1523,0
DA:1525,0
DA:1528,0
DA:1529,0
DA:1533,0
DA:1534,0
DA:1538,0
DA:1539,0
DA:1543,0
DA:1544,0
DA:1548,0
DA:1549,0
DA:1553,0
DA:1554,0
DA:1558,0
DA:1559,0
DA:1563,0
DA:1564,0
DA:1568,0
DA:1581,0
DA:1582,0
DA:1583,0
DA:1586,0
DA:1587,0
DA:1588,0
DA:1590,0
DA:1591,0
DA:1596,0
DA:1599,0
DA:1600,0
DA:1602,0
DA:1603,0
DA:1612,0
DA:1613,0
DA:1614,0
DA:1617,0
DA:1618,0
DA:1619,0
DA:1624,0
DA:1626,0
DA:1629,0
DA:1630,0
DA:1631,0
DA:1638,0
DA:1641,0
DA:1642,0
DA:1644,0
DA:1646,0
DA:1647,0
DA:1655,0
DA:1657,0
DA:1659,0
DA:1660,0
DA:1661,0
DA:1665,0
DA:1673,0
DA:1674,0
DA:1678,0
DA:1685,0
DA:1688,0
DA:1689,0
DA:1691,0
DA:1693,0
DA:1694,0
DA:1702,0
DA:1704,0
DA:1712,0
DA:1713,0
DA:1717,0
DA:1718,0
DA:1719,0
DA:1722,0
DA:1725,0
DA:1726,0
DA:1730,0
DA:1731,0
DA:1732,0
DA:1739,0
DA:1740,0
DA:1744,0
DA:1748,0
DA:1750,0
DA:1751,0
DA:1755,0
DA:1758,0
DA:1761,0
DA:1762,0
DA:1763,0
DA:1769,0
DA:1770,0
DA:1778,0
DA:1780,0
DA:1787,0
DA:1788,0
DA:1792,0
DA:1795,0
DA:1796,0
DA:1801,0
DA:1804,0
DA:1806,0
DA:1807,0
LF:487
LH:0
BRDA:80,0,0,0
BRDA:93,1,0,0
BRDA:98,2,0,0
BRDA:143,3,0,0
BRDA:143,3,1,0
BRDA:168,4,0,0
BRDA:196,5,0,0
BRDA:196,6,0,0
BRDA:196,6,1,0
BRDA:211,7,0,0
BRDA:211,8,0,0
BRDA:211,8,1,0
BRDA:240,9,0,0
BRDA:240,9,1,0
BRDA:242,10,0,0
BRDA:242,10,1,0
BRDA:242,11,0,0
BRDA:242,11,1,0
BRDA:244,12,0,0
BRDA:244,12,1,0
BRDA:246,13,0,0
BRDA:267,14,0,0
BRDA:267,14,1,0
BRDA:274,15,0,0
BRDA:274,16,0,0
BRDA:274,16,1,0
BRDA:284,17,0,0
BRDA:293,18,0,0
BRDA:327,19,0,0
BRDA:363,20,0,0
BRDA:363,20,1,0
BRDA:363,21,0,0
BRDA:363,21,1,0
BRDA:365,22,0,0
BRDA:365,22,1,0
BRDA:365,23,0,0
BRDA:365,23,1,0
BRDA:367,24,0,0
BRDA:367,24,1,0
BRDA:369,25,0,0
BRDA:369,25,1,0
BRDA:369,26,0,0
BRDA:369,26,1,0
BRDA:384,27,0,0
BRDA:384,27,1,0
BRDA:384,28,0,0
BRDA:384,28,1,0
BRDA:384,28,2,0
BRDA:386,29,0,0
BRDA:386,29,1,0
BRDA:386,30,0,0
BRDA:386,30,1,0
BRDA:386,30,2,0
BRDA:388,31,0,0
BRDA:388,31,1,0
BRDA:388,32,0,0
BRDA:388,32,1,0
BRDA:388,32,2,0
BRDA:390,33,0,0
BRDA:390,33,1,0
BRDA:390,34,0,0
BRDA:390,34,1,0
BRDA:390,34,2,0
BRDA:402,35,0,0
BRDA:402,36,0,0
BRDA:402,36,1,0
BRDA:415,37,0,0
BRDA:451,38,0,0
BRDA:460,39,0,0
BRDA:460,39,1,0
BRDA:480,40,0,0
BRDA:480,41,0,0
BRDA:480,41,1,0
BRDA:493,42,0,0
BRDA:524,43,0,0
BRDA:533,44,0,0
BRDA:533,44,1,0
BRDA:554,45,0,0
BRDA:554,46,0,0
BRDA:554,46,1,0
BRDA:572,47,0,0
BRDA:580,48,0,0
BRDA:580,48,1,0
BRDA:582,49,0,0
BRDA:582,49,1,0
BRDA:582,50,0,0
BRDA:582,50,1,0
BRDA:584,51,0,0
BRDA:584,51,1,0
BRDA:586,52,0,0
BRDA:591,53,0,0
BRDA:591,53,1,0
BRDA:617,54,0,0
BRDA:617,54,1,0
BRDA:619,55,0,0
BRDA:619,55,1,0
BRDA:670,56,0,0
BRDA:679,57,0,0
BRDA:679,57,1,0
BRDA:700,58,0,0
BRDA:739,59,0,0
BRDA:739,59,1,0
BRDA:739,59,2,0
BRDA:739,59,3,0
BRDA:739,59,4,0
BRDA:739,59,5,0
BRDA:785,60,0,0
BRDA:785,60,1,0
BRDA:792,61,0,0
BRDA:810,62,0,0
BRDA:810,62,1,0
BRDA:810,63,0,0
BRDA:810,63,1,0
BRDA:812,64,0,0
BRDA:812,64,1,0
BRDA:812,65,0,0
BRDA:812,65,1,0
BRDA:814,66,0,0
BRDA:823,67,0,0
BRDA:823,67,1,0
BRDA:827,68,0,0
BRDA:835,69,0,0
BRDA:835,69,1,0
BRDA:843,70,0,0
BRDA:843,70,1,0
BRDA:890,71,0,0
BRDA:890,71,1,0
BRDA:902,72,0,0
BRDA:902,73,0,0
BRDA:902,73,1,0
BRDA:904,74,0,0
BRDA:958,75,0,0
BRDA:958,76,0,0
BRDA:958,76,1,0
BRDA:959,77,0,0
BRDA:992,78,0,0
BRDA:992,78,1,0
BRDA:994,79,0,0
BRDA:994,79,1,0
BRDA:994,80,0,0
BRDA:994,80,1,0
BRDA:996,81,0,0
BRDA:996,81,1,0
BRDA:998,82,0,0
BRDA:1012,83,0,0
BRDA:1021,84,0,0
BRDA:1029,85,0,0
BRDA:1029,86,0,0
BRDA:1029,86,1,0
BRDA:1031,87,0,0
BRDA:1031,87,1,0
BRDA:1032,88,0,0
BRDA:1032,88,1,0
BRDA:1035,89,0,0
BRDA:1035,89,1,0
BRDA:1040,90,0,0
BRDA:1043,91,0,0
BRDA:1048,92,0,0
BRDA:1056,93,0,0
BRDA:1056,94,0,0
BRDA:1056,94,1,0
BRDA:1058,95,0,0
BRDA:1062,96,0,0
BRDA:1076,97,0,0
BRDA:1076,97,1,0
BRDA:1079,98,0,0
BRDA:1079,98,1,0
BRDA:1088,99,0,0
BRDA:1091,100,0,0
BRDA:1094,101,0,0
BRDA:1094,102,0,0
BRDA:1094,102,1,0
BRDA:1110,103,0,0
BRDA:1110,103,1,0
BRDA:1141,104,0,0
BRDA:1150,105,0,0
BRDA:1150,105,1,0
BRDA:1170,106,0,0
BRDA:1183,107,0,0
BRDA:1189,108,0,0
BRDA:1189,108,1,0
BRDA:1227,109,0,0
BRDA:1227,109,1,0
BRDA:1227,110,0,0
BRDA:1227,110,1,0
BRDA:1278,111,0,0
BRDA:1335,112,0,0
BRDA:1335,112,1,0
BRDA:1346,113,0,0
BRDA:1346,113,1,0
BRDA:1373,114,0,0
BRDA:1402,115,0,0
BRDA:1411,116,0,0
BRDA:1525,117,0,0
BRDA:1525,117,1,0
BRDA:1525,117,2,0
BRDA:1525,117,3,0
BRDA:1525,117,4,0
BRDA:1525,117,5,0
BRDA:1525,117,6,0
BRDA:1525,117,7,0
BRDA:1581,118,0,0
BRDA:1612,119,0,0
BRDA:1624,120,0,0
BRDA:1624,120,1,0
BRDA:1632,121,0,0
BRDA:1632,121,1,0
BRDA:1659,122,0,0
BRDA:1673,123,0,0
BRDA:1712,124,0,0
BRDA:1712,125,0,0
BRDA:1712,125,1,0
BRDA:1725,126,0,0
BRDA:1725,127,0,0
BRDA:1725,127,1,0
BRDA:1731,128,0,0
BRDA:1739,129,0,0
BRDA:1750,130,0,0
BRDA:1761,131,0,0
BRDA:1770,132,0,0
BRDA:1770,132,1,0
BRDA:1787,133,0,0
BRDA:1795,134,0,0
BRF:223
BRH:0
end_of_record
TN:
SF:src\providers\documentCreationWizard.ts
FN:10,(anonymous_0)
FN:104,(anonymous_1)
FN:114,(anonymous_2)
FN:126,(anonymous_3)
FN:134,(anonymous_4)
FN:141,(anonymous_5)
FN:172,(anonymous_6)
FN:200,(anonymous_7)
FN:201,(anonymous_8)
FN:205,(anonymous_9)
FN:213,(anonymous_10)
FN:217,(anonymous_11)
FN:238,(anonymous_12)
FN:239,(anonymous_13)
FN:240,(anonymous_14)
FN:248,(anonymous_15)
FN:271,(anonymous_16)
FN:295,(anonymous_17)
FN:321,(anonymous_18)
FN:400,(anonymous_19)
FN:433,(anonymous_20)
FN:472,(anonymous_21)
FN:510,(anonymous_22)
FN:520,(anonymous_23)
FN:560,(anonymous_24)
FN:612,(anonymous_25)
FN:628,(anonymous_26)
FN:644,(anonymous_27)
FN:647,(anonymous_28)
FN:664,(anonymous_29)
FN:692,(anonymous_30)
FN:694,(anonymous_31)
FN:751,(anonymous_32)
FN:775,(anonymous_33)
FN:785,(anonymous_34)
FN:815,(anonymous_35)
FN:834,(anonymous_36)
FN:859,(anonymous_37)
FN:891,(anonymous_38)
FN:916,(anonymous_39)
FN:945,(anonymous_40)
FN:959,(anonymous_41)
FN:988,(anonymous_42)
FN:1018,(anonymous_43)
FN:1037,(anonymous_44)
FN:1063,(anonymous_45)
FN:1112,(anonymous_46)
FN:1149,(anonymous_47)
FN:1182,(anonymous_48)
FN:1191,(anonymous_49)
FN:1232,(anonymous_50)
FN:1273,(anonymous_51)
FN:1287,getNonce
FNF:53
FNH:0
FNDA:0,(anonymous_0)
FNDA:0,(anonymous_1)
FNDA:0,(anonymous_2)
FNDA:0,(anonymous_3)
FNDA:0,(anonymous_4)
FNDA:0,(anonymous_5)
FNDA:0,(anonymous_6)
FNDA:0,(anonymous_7)
FNDA:0,(anonymous_8)
FNDA:0,(anonymous_9)
FNDA:0,(anonymous_10)
FNDA:0,(anonymous_11)
FNDA:0,(anonymous_12)
FNDA:0,(anonymous_13)
FNDA:0,(anonymous_14)
FNDA:0,(anonymous_15)
FNDA:0,(anonymous_16)
FNDA:0,(anonymous_17)
FNDA:0,(anonymous_18)
FNDA:0,(anonymous_19)
FNDA:0,(anonymous_20)
FNDA:0,(anonymous_21)
FNDA:0,(anonymous_22)
FNDA:0,(anonymous_23)
FNDA:0,(anonymous_24)
FNDA:0,(anonymous_25)
FNDA:0,(anonymous_26)
FNDA:0,(anonymous_27)
FNDA:0,(anonymous_28)
FNDA:0,(anonymous_29)
FNDA:0,(anonymous_30)
FNDA:0,(anonymous_31)
FNDA:0,(anonymous_32)
FNDA:0,(anonymous_33)
FNDA:0,(anonymous_34)
FNDA:0,(anonymous_35)
FNDA:0,(anonymous_36)
FNDA:0,(anonymous_37)
FNDA:0,(anonymous_38)
FNDA:0,(anonymous_39)
FNDA:0,(anonymous_40)
FNDA:0,(anonymous_41)
FNDA:0,(anonymous_42)
FNDA:0,(anonymous_43)
FNDA:0,(anonymous_44)
FNDA:0,(anonymous_45)
FNDA:0,(anonymous_46)
FNDA:0,(anonymous_47)
FNDA:0,(anonymous_48)
FNDA:0,(anonymous_49)
FNDA:0,(anonymous_50)
FNDA:0,(anonymous_51)
FNDA:0,getNonce
DA:1,0
DA:3,0
DA:10,0
DA:11,0
DA:12,0
DA:13,0
DA:14,0
DA:15,0
DA:16,0
DA:47,0
DA:48,0
DA:53,0
DA:55,0
DA:109,0
DA:110,0
DA:111,0
DA:114,0
DA:115,0
DA:119,0
DA:127,0
DA:135,0
DA:142,0
DA:143,0
DA:145,0
DA:146,0
DA:156,0
DA:173,0
DA:174,0
DA:176,0
DA:177,0
DA:180,0
DA:191,0
DA:194,0
DA:201,0
DA:202,0
DA:205,0
DA:206,0
DA:215,0
DA:217,0
DA:226,0
DA:229,0
DA:230,0
DA:239,0
DA:240,0
DA:242,0
DA:250,0
DA:253,0
DA:256,0
DA:257,0
DA:272,0
DA:296,0
DA:298,0
DA:301,0
DA:304,0
DA:307,0
DA:310,0
DA:313,0
DA:322,0
DA:402,0
DA:403,0
DA:411,0
DA:435,0
DA:436,0
DA:444,0
DA:474,0
DA:475,0
DA:483,0
DA:511,0
DA:513,0
DA:514,0
DA:520,0
DA:562,0
DA:563,0
DA:571,0
DA:573,0
DA:612,0
DA:629,0
DA:631,0
DA:645,0
DA:647,0
DA:665,0
DA:666,0
DA:667,0
DA:669,0
DA:693,0
DA:695,0
DA:698,0
DA:699,0
DA:701,0
DA:704,0
DA:705,0
DA:708,0
DA:709,0
DA:712,0
DA:713,0
DA:716,0
DA:717,0
DA:720,0
DA:721,0
DA:724,0
DA:725,0
DA:728,0
DA:729,0
DA:732,0
DA:733,0
DA:736,0
DA:737,0
DA:740,0
DA:741,0
DA:752,0
DA:755,0
DA:756,0
DA:760,0
DA:763,0
DA:766,0
DA:767,0
DA:776,0
DA:777,0
DA:780,0
DA:782,0
DA:785,0
DA:786,0
DA:790,0
DA:796,0
DA:801,0
DA:804,0
DA:816,0
DA:819,0
DA:820,0
DA:824,0
DA:827,0
DA:836,0
DA:837,0
DA:845,0
DA:846,0
DA:850,0
DA:853,0
DA:861,0
DA:862,0
DA:866,0
DA:872,0
DA:873,0
DA:877,0
DA:880,0
DA:883,0
DA:893,0
DA:894,0
DA:898,0
DA:899,0
DA:906,0
DA:909,0
DA:918,0
DA:919,0
DA:923,0
DA:924,0
DA:928,0
DA:929,0
DA:933,0
DA:936,0
DA:939,0
DA:946,0
DA:947,0
DA:950,0
DA:960,0
DA:961,0
DA:965,0
DA:966,0
DA:970,0
DA:973,0
DA:975,0
DA:981,0
DA:988,0
DA:989,0
DA:993,0
DA:996,0
DA:1002,0
DA:1005,0
DA:1008,0
DA:1020,0
DA:1021,0
DA:1025,0
DA:1028,0
DA:1031,0
DA:1039,0
DA:1040,0
DA:1044,0
DA:1045,0
DA:1049,0
DA:1052,0
DA:1055,0
DA:1064,0
DA:1066,0
DA:1069,0
DA:1070,0
DA:1071,0
DA:1073,0
DA:1077,0
DA:1078,0
DA:1079,0
DA:1081,0
DA:1085,0
DA:1086,0
DA:1087,0
DA:1089,0
DA:1093,0
DA:1094,0
DA:1095,0
DA:1097,0
DA:1101,0
DA:1102,0
DA:1105,0
DA:1113,0
DA:1114,0
DA:1118,0
DA:1121,0
DA:1129,0
DA:1135,0
DA:1141,0
DA:1142,0
DA:1151,0
DA:1152,0
DA:1153,0
DA:1157,0
DA:1170,0
DA:1176,0
DA:1179,0
DA:1182,0
DA:1183,0
DA:1192,0
DA:1193,0
DA:1197,0
DA:1201,0
DA:1205,0
DA:1210,0
DA:1213,0
DA:1215,0
DA:1233,0
DA:1274,0
DA:1275,0
DA:1276,0
DA:1277,0
DA:1279,0
DA:1288,0
DA:1289,0
DA:1290,0
DA:1291,0
DA:1293,0
LF:247
LH:0
BRDA:10,0,0,0
BRDA:10,0,1,0
BRDA:145,1,0,0
BRDA:145,1,1,0
BRDA:176,2,0,0
BRDA:176,3,0,0
BRDA:176,3,1,0
BRDA:182,4,0,0
BRDA:182,4,1,0
BRDA:183,5,0,0
BRDA:183,5,1,0
BRDA:187,6,0,0
BRDA:187,6,1,0
BRDA:188,7,0,0
BRDA:188,7,1,0
BRDA:229,8,0,0
BRDA:256,9,0,0
BRDA:256,10,0,0
BRDA:256,10,1,0
BRDA:273,11,0,0
BRDA:273,11,1,0
BRDA:273,12,0,0
BRDA:273,12,1,0
BRDA:276,13,0,0
BRDA:276,13,1,0
BRDA:296,14,0,0
BRDA:296,14,1,0
BRDA:296,14,2,0
BRDA:296,14,3,0
BRDA:296,14,4,0
BRDA:296,14,5,0
BRDA:324,15,0,0
BRDA:324,15,1,0
BRDA:335,16,0,0
BRDA:335,16,1,0
BRDA:346,17,0,0
BRDA:346,17,1,0
BRDA:357,18,0,0
BRDA:357,18,1,0
BRDA:368,19,0,0
BRDA:368,19,1,0
BRDA:382,20,0,0
BRDA:382,20,1,0
BRDA:402,21,0,0
BRDA:435,22,0,0
BRDA:448,23,0,0
BRDA:448,23,1,0
BRDA:453,24,0,0
BRDA:453,24,1,0
BRDA:458,25,0,0
BRDA:458,25,1,0
BRDA:463,26,0,0
BRDA:463,26,1,0
BRDA:474,27,0,0
BRDA:511,28,0,0
BRDA:511,28,1,0
BRDA:513,29,0,0
BRDA:550,30,0,0
BRDA:550,30,1,0
BRDA:550,31,0,0
BRDA:550,31,1,0
BRDA:562,32,0,0
BRDA:562,33,0,0
BRDA:562,33,1,0
BRDA:571,34,0,0
BRDA:571,34,1,0
BRDA:594,35,0,0
BRDA:594,35,1,0
BRDA:598,36,0,0
BRDA:598,36,1,0
BRDA:602,37,0,0
BRDA:602,37,1,0
BRDA:609,38,0,0
BRDA:609,38,1,0
BRDA:648,39,0,0
BRDA:648,39,1,0
BRDA:648,40,0,0
BRDA:648,40,1,0
BRDA:650,41,0,0
BRDA:650,41,1,0
BRDA:671,42,0,0
BRDA:671,42,1,0
BRDA:678,43,0,0
BRDA:678,43,1,0
BRDA:695,44,0,0
BRDA:695,44,1,0
BRDA:695,44,2,0
BRDA:695,44,3,0
BRDA:695,44,4,0
BRDA:695,44,5,0
BRDA:695,44,6,0
BRDA:695,44,7,0
BRDA:695,44,8,0
BRDA:695,44,9,0
BRDA:695,44,10,0
BRDA:698,45,0,0
BRDA:698,46,0,0
BRDA:698,46,1,0
BRDA:755,47,0,0
BRDA:766,48,0,0
BRDA:776,49,0,0
BRDA:776,50,0,0
BRDA:776,50,1,0
BRDA:786,51,0,0
BRDA:786,51,1,0
BRDA:806,52,0,0
BRDA:806,52,1,0
BRDA:819,53,0,0
BRDA:845,54,0,0
BRDA:845,55,0,0
BRDA:845,55,1,0
BRDA:861,56,0,0
BRDA:872,57,0,0
BRDA:872,58,0,0
BRDA:872,58,1,0
BRDA:893,59,0,0
BRDA:898,60,0,0
BRDA:898,61,0,0
BRDA:898,61,1,0
BRDA:918,62,0,0
BRDA:923,63,0,0
BRDA:923,64,0,0
BRDA:923,64,1,0
BRDA:928,65,0,0
BRDA:946,66,0,0
BRDA:946,67,0,0
BRDA:946,67,1,0
BRDA:952,68,0,0
BRDA:952,68,1,0
BRDA:960,69,0,0
BRDA:960,70,0,0
BRDA:960,70,1,0
BRDA:965,71,0,0
BRDA:965,72,0,0
BRDA:965,72,1,0
BRDA:982,73,0,0
BRDA:982,73,1,0
BRDA:983,74,0,0
BRDA:983,74,1,0
BRDA:984,75,0,0
BRDA:984,75,1,0
BRDA:1010,76,0,0
BRDA:1010,76,1,0
BRDA:1020,77,0,0
BRDA:1039,78,0,0
BRDA:1044,79,0,0
BRDA:1066,80,0,0
BRDA:1066,80,1,0
BRDA:1066,80,2,0
BRDA:1066,80,3,0
BRDA:1066,80,4,0
BRDA:1066,80,5,0
BRDA:1070,81,0,0
BRDA:1078,82,0,0
BRDA:1086,83,0,0
BRDA:1093,84,0,0
BRDA:1093,84,1,0
BRDA:1094,85,0,0
BRDA:1113,86,0,0
BRDA:1113,87,0,0
BRDA:1113,87,1,0
BRDA:1141,88,0,0
BRDA:1141,89,0,0
BRDA:1141,89,1,0
BRDA:1151,90,0,0
BRDA:1192,91,0,0
BRDA:1249,92,0,0
BRDA:1249,92,1,0
BRDA:1250,93,0,0
BRDA:1250,93,1,0
BRDA:1251,94,0,0
BRDA:1251,94,1,0
BRF:172
BRH:0
end_of_record
TN:
SF:src\services\documentService.ts
FN:42,(anonymous_0)
FN:51,(anonymous_1)
FN:90,(anonymous_2)
FN:117,(anonymous_3)
FN:140,(anonymous_4)
FN:174,(anonymous_5)
FN:180,(anonymous_6)
FN:207,(anonymous_7)
FN:222,(anonymous_8)
FN:260,(anonymous_9)
FN:295,(anonymous_10)
FN:331,(anonymous_11)
FN:361,(anonymous_12)
FNF:13
FNH:0
FNDA:0,(anonymous_0)
FNDA:0,(anonymous_1)
FNDA:0,(anonymous_2)
FNDA:0,(anonymous_3)
FNDA:0,(anonymous_4)
FNDA:0,(anonymous_5)
FNDA:0,(anonymous_6)
FNDA:0,(anonymous_7)
FNDA:0,(anonymous_8)
FNDA:0,(anonymous_9)
FNDA:0,(anonymous_10)
FNDA:0,(anonymous_11)
FNDA:0,(anonymous_12)
DA:2,0
DA:3,0
DA:4,0
DA:7,0
DA:8,0
DA:9,0
DA:10,0
DA:36,0
DA:37,0
DA:52,0
DA:54,0
DA:55,0
DA:56,0
DA:60,0
DA:63,0
DA:66,0
DA:76,0
DA:78,0
DA:80,0
DA:81,0
DA:91,0
DA:93,0
DA:94,0
DA:97,0
DA:100,0
DA:103,0
DA:105,0
DA:107,0
DA:108,0
DA:118,0
DA:120,0
DA:123,0
DA:126,0
DA:128,0
DA:130,0
DA:131,0
DA:141,0
DA:143,0
DA:144,0
DA:146,0
DA:147,0
DA:151,0
DA:154,0
DA:162,0
DA:164,0
DA:165,0
DA:175,0
DA:177,0
DA:180,0
DA:181,0
DA:183,0
DA:184,0
DA:187,0
DA:188,0
DA:191,0
DA:199,0
DA:201,0
DA:202,0
DA:207,0
DA:209,0
DA:211,0
DA:212,0
DA:223,0
DA:225,0
DA:228,0
DA:230,0
DA:231,0
DA:233,0
DA:236,0
DA:237,0
DA:240,0
DA:245,0
DA:247,0
DA:248,0
DA:266,0
DA:268,0
DA:269,0
DA:272,0
DA:282,0
DA:284,0
DA:285,0
DA:296,0
DA:298,0
DA:301,0
DA:302,0
DA:303,0
DA:306,0
DA:309,0
DA:310,0
DA:311,0
DA:314,0
DA:315,0
DA:317,0
DA:319,0
DA:320,0
DA:336,0
DA:338,0
DA:339,0
DA:340,0
DA:341,0
DA:346,0
DA:348,0
DA:350,0
DA:351,0
DA:365,0
DA:367,0
DA:370,0
DA:373,0
DA:374,0
DA:377,0
DA:378,0
DA:380,0
DA:384,0
DA:386,0
DA:388,0
DA:389,0
LF:116
LH:0
BRDA:55,0,0,0
BRDA:81,1,0,0
BRDA:81,1,1,0
BRDA:108,2,0,0
BRDA:108,2,1,0
BRDA:131,3,0,0
BRDA:131,3,1,0
BRDA:144,4,0,0
BRDA:165,5,0,0
BRDA:165,5,1,0
BRDA:187,6,0,0
BRDA:212,7,0,0
BRDA:212,7,1,0
BRDA:236,8,0,0
BRDA:248,9,0,0
BRDA:248,9,1,0
BRDA:264,10,0,0
BRDA:268,11,0,0
BRDA:268,11,1,0
BRDA:275,12,0,0
BRDA:275,12,1,0
BRDA:285,13,0,0
BRDA:285,13,1,0
BRDA:320,14,0,0
BRDA:320,14,1,0
BRDA:338,15,0,0
BRDA:351,16,0,0
BRDA:351,16,1,0
BRDA:373,17,0,0
BRDA:373,18,0,0
BRDA:373,18,1,0
BRDA:389,19,0,0
BRDA:389,19,1,0
BRF:33
BRH:0
end_of_record
TN:
SF:src\types\docxtemplater.d.ts
FNF:0
FNH:0
LF:0
LH:0
BRF:0
BRH:0
end_of_record
TN:
SF:src\types\pizzip.d.ts
FNF:0
FNH:0
LF:0
LH:0
BRF:0
BRH:0
end_of_record
TN:
SF:src\types\vscode-extensions.d.ts
FNF:0
FNH:0
LF:0
LH:0
BRF:0
BRH:0
end_of_record
TN:
SF:src\utils\category-organizer-stub.ts
FN:22,(anonymous_0)
FN:32,(anonymous_1)
FN:54,(anonymous_2)
FN:89,(anonymous_3)
FNF:4
FNH:0
FNDA:0,(anonymous_0)
FNDA:0,(anonymous_1)
FNDA:0,(anonymous_2)
FNDA:0,(anonymous_3)
DA:8,0
DA:10,0
DA:23,0
DA:36,0
DA:37,0
DA:38,0
DA:39,0
DA:40,0
DA:41,0
DA:42,0
DA:43,0
DA:46,0
DA:56,0
DA:57,0
DA:58,0
DA:59,0
DA:60,0
DA:61,0
DA:62,0
DA:63,0
DA:64,0
DA:69,0
DA:70,0
DA:71,0
DA:72,0
DA:73,0
DA:74,0
DA:75,0
DA:76,0
DA:77,0
DA:81,0
DA:90,0
DA:93,0
DA:94,0
DA:98,0
DA:99,0
DA:100,0
DA:101,0
DA:102,0
DA:105,0
LF:40
LH:0
BRDA:32,0,0,0
BRDA:36,1,0,0
BRDA:36,1,1,0
BRDA:36,2,0,0
BRDA:36,2,1,0
BRDA:36,2,2,0
BRDA:36,2,3,0
BRDA:38,3,0,0
BRDA:38,3,1,0
BRDA:38,4,0,0
BRDA:38,4,1,0
BRDA:38,4,2,0
BRDA:40,5,0,0
BRDA:40,5,1,0
BRDA:40,6,0,0
BRDA:40,6,1,0
BRDA:40,6,2,0
BRDA:40,6,3,0
BRDA:42,7,0,0
BRDA:42,8,0,0
BRDA:42,8,1,0
BRDA:42,8,2,0
BRDA:56,9,0,0
BRDA:57,10,0,0
BRDA:57,10,1,0
BRDA:59,11,0,0
BRDA:59,11,1,0
BRDA:61,12,0,0
BRDA:61,12,1,0
BRDA:63,13,0,0
BRDA:70,14,0,0
BRDA:70,14,1,0
BRDA:70,15,0,0
BRDA:70,15,1,0
BRDA:70,15,2,0
BRDA:70,15,3,0
BRDA:72,16,0,0
BRDA:72,16,1,0
BRDA:72,17,0,0
BRDA:72,17,1,0
BRDA:72,17,2,0
BRDA:74,18,0,0
BRDA:74,18,1,0
BRDA:74,19,0,0
BRDA:74,19,1,0
BRDA:74,19,2,0
BRDA:76,20,0,0
BRDA:76,21,0,0
BRDA:76,21,1,0
BRDA:76,21,2,0
BRDA:100,22,0,0
BRDA:100,22,1,0
BRF:52
BRH:0
end_of_record
TN:
SF:src\utils\categoryOrganizer.ts
FN:80,(anonymous_0)
FN:89,(anonymous_1)
FN:100,(anonymous_2)
FN:109,(anonymous_3)
FN:124,(anonymous_4)
FN:146,(anonymous_5)
FN:156,(anonymous_6)
FN:170,(anonymous_7)
FN:185,(anonymous_8)
FN:192,(anonymous_9)
FN:207,(anonymous_10)
FN:223,(anonymous_11)
FN:225,(anonymous_12)
FN:236,(anonymous_13)
FN:253,(anonymous_14)
FN:262,(anonymous_15)
FN:274,(anonymous_16)
FN:275,(anonymous_17)
FN:277,(anonymous_18)
FN:287,(anonymous_19)
FN:342,(anonymous_20)
FN:343,(anonymous_21)
FN:365,(anonymous_22)
FN:366,(anonymous_23)
FN:372,(anonymous_24)
FN:444,(anonymous_25)
FNF:26
FNH:0
FNDA:0,(anonymous_0)
FNDA:0,(anonymous_1)
FNDA:0,(anonymous_2)
FNDA:0,(anonymous_3)
FNDA:0,(anonymous_4)
FNDA:0,(anonymous_5)
FNDA:0,(anonymous_6)
FNDA:0,(anonymous_7)
FNDA:0,(anonymous_8)
FNDA:0,(anonymous_9)
FNDA:0,(anonymous_10)
FNDA:0,(anonymous_11)
FNDA:0,(anonymous_12)
FNDA:0,(anonymous_13)
FNDA:0,(anonymous_14)
FNDA:0,(anonymous_15)
FNDA:0,(anonymous_16)
FNDA:0,(anonymous_17)
FNDA:0,(anonymous_18)
FNDA:0,(anonymous_19)
FNDA:0,(anonymous_20)
FNDA:0,(anonymous_21)
FNDA:0,(anonymous_22)
FNDA:0,(anonymous_23)
FNDA:0,(anonymous_24)
FNDA:0,(anonymous_25)
DA:6,0
DA:7,0
DA:56,0
DA:59,0
DA:68,0
DA:71,0
DA:81,0
DA:82,0
DA:83,0
DA:90,0
DA:91,0
DA:93,0
DA:101,0
DA:110,0
DA:111,0
DA:114,0
DA:115,0
DA:116,0
DA:125,0
DA:126,0
DA:129,0
DA:130,0
DA:131,0
DA:134,0
DA:135,0
DA:138,0
DA:140,0
DA:147,0
DA:148,0
DA:157,0
DA:158,0
DA:159,0
DA:162,0
DA:171,0
DA:172,0
DA:175,0
DA:176,0
DA:186,0
DA:194,0
DA:196,0
DA:197,0
DA:200,0
DA:201,0
DA:208,0
DA:209,0
DA:211,0
DA:213,0
DA:214,0
DA:225,0
DA:236,0
DA:237,0
DA:238,0
DA:239,0
DA:240,0
DA:241,0
DA:242,0
DA:243,0
DA:244,0
DA:246,0
DA:251,0
DA:252,0
DA:253,0
DA:255,0
DA:256,0
DA:262,0
DA:263,0
DA:264,0
DA:273,0
DA:274,0
DA:275,0
DA:277,0
DA:289,0
DA:292,0
DA:293,0
DA:297,0
DA:298,0
DA:301,0
DA:302,0
DA:305,0
DA:306,0
DA:309,0
DA:314,0
DA:318,0
DA:319,0
DA:322,0
DA:323,0
DA:326,0
DA:327,0
DA:330,0
DA:334,0
DA:343,0
DA:344,0
DA:349,0
DA:350,0
DA:351,0
DA:352,0
DA:353,0
DA:355,0
DA:366,0
DA:368,0
DA:369,0
DA:372,0
DA:373,0
DA:380,0
DA:381,0
DA:382,0
DA:383,0
DA:385,0
DA:386,0
DA:389,0
DA:397,0
DA:398,0
DA:399,0
DA:400,0
DA:402,0
DA:405,0
DA:409,0
DA:411,0
DA:415,0
DA:417,0
DA:421,0
DA:423,0
DA:427,0
DA:429,0
DA:432,0
DA:435,0
DA:445,0
LF:127
LH:0
BRDA:110,0,0,0
BRDA:125,1,0,0
BRDA:130,2,0,0
BRDA:158,3,0,0
BRDA:171,4,0,0
BRDA:185,5,0,0
BRDA:186,6,0,0
BRDA:186,6,1,0
BRDA:237,7,0,0
BRDA:237,7,1,0
BRDA:239,8,0,0
BRDA:239,8,1,0
BRDA:241,9,0,0
BRDA:241,9,1,0
BRDA:243,10,0,0
BRDA:243,10,1,0
BRDA:252,11,0,0
BRDA:252,11,1,0
BRDA:255,12,0,0
BRDA:255,12,1,0
BRDA:263,13,0,0
BRDA:292,14,0,0
BRDA:293,15,0,0
BRDA:293,15,1,0
BRDA:293,16,0,0
BRDA:293,16,1,0
BRDA:293,16,2,0
BRDA:293,16,3,0
BRDA:298,17,0,0
BRDA:298,17,1,0
BRDA:298,18,0,0
BRDA:298,18,1,0
BRDA:298,18,2,0
BRDA:302,19,0,0
BRDA:302,19,1,0
BRDA:302,20,0,0
BRDA:302,20,1,0
BRDA:302,20,2,0
BRDA:306,21,0,0
BRDA:306,22,0,0
BRDA:306,22,1,0
BRDA:306,22,2,0
BRDA:314,23,0,0
BRDA:314,23,1,0
BRDA:314,24,0,0
BRDA:314,24,1,0
BRDA:314,24,2,0
BRDA:314,24,3,0
BRDA:319,25,0,0
BRDA:319,25,1,0
BRDA:319,26,0,0
BRDA:319,26,1,0
BRDA:319,26,2,0
BRDA:323,27,0,0
BRDA:323,27,1,0
BRDA:323,28,0,0
BRDA:323,28,1,0
BRDA:323,28,2,0
BRDA:327,29,0,0
BRDA:327,30,0,0
BRDA:327,30,1,0
BRDA:327,30,2,0
BRDA:346,31,0,0
BRDA:346,31,1,0
BRDA:368,32,0,0
BRDA:375,33,0,0
BRDA:375,33,1,0
BRDA:375,34,0,0
BRDA:375,34,1,0
BRDA:382,35,0,0
BRDA:382,35,1,0
BRDA:385,36,0,0
BRDA:397,37,0,0
BRDA:397,37,1,0
BRDA:399,38,0,0
BRDA:399,38,1,0
BRDA:402,39,0,0
BRDA:402,39,1,0
BRDA:402,39,2,0
BRDA:402,39,3,0
BRDA:402,39,4,0
BRDA:402,39,5,0
BRF:82
BRH:0
end_of_record
TN:
SF:src\utils\dataSanitizer.ts
FN:7,(anonymous_0)
FN:21,(anonymous_1)
FN:31,(anonymous_2)
FN:55,(anonymous_3)
FN:67,(anonymous_4)
FN:92,(anonymous_5)
FN:102,(anonymous_6)
FN:119,(anonymous_7)
FN:140,(anonymous_8)
FN:163,(anonymous_9)
FN:186,(anonymous_10)
FNF:11
FNH:11
FNDA:1,(anonymous_0)
FNDA:12,(anonymous_1)
FNDA:27,(anonymous_2)
FNDA:30,(anonymous_3)
FNDA:6,(anonymous_4)
FNDA:22,(anonymous_5)
FNDA:3,(anonymous_6)
FNDA:2,(anonymous_7)
FNDA:2,(anonymous_8)
FNDA:5,(anonymous_9)
FNDA:3,(anonymous_10)
DA:7,1
DA:8,1
DA:9,1
DA:10,1
DA:11,1
DA:18,1
DA:22,12
DA:32,27
DA:33,3
DA:36,24
DA:38,2
DA:40,3
DA:42,2
DA:45,17
DA:56,30
DA:57,3
DA:61,27
DA:62,11
DA:66,16
DA:67,6
DA:71,14
DA:72,9
DA:74,9
DA:75,16
DA:76,16
DA:80,9
DA:84,5
DA:94,22
DA:104,3
DA:108,3
DA:111,3
DA:121,2
DA:125,2
DA:126,2
DA:127,2
DA:130,2
DA:132,2
DA:142,2
DA:146,2
DA:147,2
DA:150,2
DA:153,2
DA:155,2
DA:164,5
DA:167,5
DA:168,16
DA:169,16
DA:172,16
DA:174,7
DA:175,1
DA:176,6
DA:177,1
DA:178,5
DA:180,2
DA:182,3
DA:184,9
DA:186,2
DA:187,3
DA:191,7
DA:193,3
DA:196,4
DA:201,5
LF:62
LH:62
BRDA:7,0,0,1
BRDA:7,0,1,1
BRDA:31,1,0,3
BRDA:32,2,0,3
BRDA:36,3,0,2
BRDA:36,3,1,3
BRDA:36,3,2,2
BRDA:36,3,3,17
BRDA:36,3,4,17
BRDA:55,4,0,8
BRDA:56,5,0,3
BRDA:61,6,0,11
BRDA:66,7,0,2
BRDA:71,8,0,9
BRDA:75,9,0,16
BRDA:168,10,0,16
BRDA:172,11,0,7
BRDA:172,11,1,9
BRDA:174,12,0,1
BRDA:174,12,1,6
BRDA:174,13,0,7
BRDA:174,13,1,6
BRDA:176,14,0,1
BRDA:176,14,1,5
BRDA:176,15,0,6
BRDA:176,15,1,5
BRDA:178,16,0,2
BRDA:178,16,1,3
BRDA:178,17,0,5
BRDA:178,17,1,4
BRDA:178,17,2,3
BRDA:178,17,3,3
BRDA:184,18,0,2
BRDA:184,18,1,7
BRDA:187,19,0,2
BRDA:187,19,1,1
BRDA:191,20,0,3
BRDA:191,20,1,4
BRDA:191,21,0,7
BRDA:191,21,1,3
BRF:40
BRH:40
end_of_record
TN:
SF:src\utils\exportUtils.ts
FN:100,(anonymous_0)
FN:136,(anonymous_1)
FN:230,(anonymous_2)
FN:288,(anonymous_3)
FN:345,(anonymous_4)
FN:350,(anonymous_5)
FN:364,(anonymous_6)
FN:403,(anonymous_7)
FN:437,(anonymous_8)
FN:545,(anonymous_9)
FN:698,(anonymous_10)
FN:741,(anonymous_11)
FN:763,(anonymous_12)
FN:777,(anonymous_13)
FN:810,(anonymous_14)
FN:832,(anonymous_15)
FNF:16
FNH:0
FNDA:0,(anonymous_0)
FNDA:0,(anonymous_1)
FNDA:0,(anonymous_2)
FNDA:0,(anonymous_3)
FNDA:0,(anonymous_4)
FNDA:0,(anonymous_5)
FNDA:0,(anonymous_6)
FNDA:0,(anonymous_7)
FNDA:0,(anonymous_8)
FNDA:0,(anonymous_9)
FNDA:0,(anonymous_10)
FNDA:0,(anonymous_11)
FNDA:0,(anonymous_12)
FNDA:0,(anonymous_13)
FNDA:0,(anonymous_14)
FNDA:0,(anonymous_15)
DA:1,0
DA:2,0
DA:3,0
DA:4,0
DA:5,0
DA:10,0
DA:11,0
DA:12,0
DA:92,0
DA:105,0
DA:107,0
DA:108,0
DA:115,0
DA:118,0
DA:119,0
DA:126,0
DA:127,0
DA:128,0
DA:129,0
DA:136,0
DA:137,0
DA:140,0
DA:141,0
DA:149,0
DA:150,0
DA:151,0
DA:152,0
DA:160,0
DA:163,0
DA:164,0
DA:165,0
DA:169,0
DA:170,0
DA:176,0
DA:177,0
DA:185,0
DA:186,0
DA:200,0
DA:203,0
DA:204,0
DA:207,0
DA:214,0
DA:215,0
DA:247,0
DA:249,0
DA:250,0
DA:264,0
DA:276,0
DA:277,0
DA:300,0
DA:301,0
DA:304,0
DA:306,0
DA:309,0
DA:310,0
DA:314,0
DA:315,0
DA:319,0
DA:320,0
DA:324,0
DA:325,0
DA:329,0
DA:330,0
DA:333,0
DA:335,0
DA:336,0
DA:347,0
DA:350,0
DA:352,0
DA:355,0
DA:366,0
DA:367,0
DA:384,0
DA:385,0
DA:386,0
DA:388,0
DA:391,0
DA:395,0
DA:405,0
DA:406,0
DA:416,0
DA:417,0
DA:418,0
DA:420,0
DA:423,0
DA:428,0
DA:429,0
DA:439,0
DA:532,0
DA:533,0
DA:536,0
DA:547,0
DA:685,0
DA:686,0
DA:689,0
DA:700,0
DA:733,0
DA:742,0
DA:744,0
DA:746,0
DA:748,0
DA:750,0
DA:752,0
DA:754,0
DA:764,0
DA:765,0
DA:766,0
DA:769,0
DA:778,0
DA:779,0
DA:781,0
DA:784,0
DA:785,0
DA:790,0
DA:791,0
DA:796,0
DA:797,0
DA:800,0
DA:801,0
DA:811,0
DA:813,0
DA:815,0
DA:817,0
DA:819,0
DA:821,0
DA:823,0
DA:833,0
DA:835,0
DA:837,0
DA:840,0
DA:843,0
DA:846,0
DA:848,0
DA:850,0
LF:134
LH:0
BRDA:107,0,0,0
BRDA:115,1,0,0
BRDA:118,2,0,0
BRDA:126,3,0,0
BRDA:128,4,0,0
BRDA:140,5,0,0
BRDA:151,6,0,0
BRDA:160,7,0,0
BRDA:160,7,1,0
BRDA:164,8,0,0
BRDA:169,9,0,0
BRDA:169,10,0,0
BRDA:169,10,1,0
BRDA:176,11,0,0
BRDA:203,12,0,0
BRDA:217,13,0,0
BRDA:217,13,1,0
BRDA:234,14,0,0
BRDA:277,15,0,0
BRDA:277,15,1,0
BRDA:291,16,0,0
BRDA:300,17,0,0
BRDA:309,18,0,0
BRDA:314,19,0,0
BRDA:319,20,0,0
BRDA:324,21,0,0
BRDA:329,22,0,0
BRDA:352,23,0,0
BRDA:352,23,1,0
BRDA:366,24,0,0
BRDA:384,25,0,0
BRDA:384,25,1,0
BRDA:386,26,0,0
BRDA:386,26,1,0
BRDA:405,27,0,0
BRDA:405,28,0,0
BRDA:405,28,1,0
BRDA:416,29,0,0
BRDA:416,29,1,0
BRDA:418,30,0,0
BRDA:418,30,1,0
BRDA:532,31,0,0
BRDA:532,31,1,0
BRDA:685,32,0,0
BRDA:685,32,1,0
BRDA:733,33,0,0
BRDA:733,33,1,0
BRDA:742,34,0,0
BRDA:742,34,1,0
BRDA:742,34,2,0
BRDA:742,34,3,0
BRDA:742,34,4,0
BRDA:742,34,5,0
BRDA:769,35,0,0
BRDA:769,35,1,0
BRDA:781,36,0,0
BRDA:781,36,1,0
BRDA:781,36,2,0
BRDA:781,36,3,0
BRDA:781,36,4,0
BRDA:801,37,0,0
BRDA:801,37,1,0
BRDA:811,38,0,0
BRDA:811,38,1,0
BRDA:811,38,2,0
BRDA:811,38,3,0
BRDA:811,38,4,0
BRDA:811,38,5,0
BRDA:835,39,0,0
BRDA:835,39,1,0
BRDA:835,39,2,0
BRDA:835,39,3,0
BRDA:835,39,4,0
BRDA:835,39,5,0
BRDA:835,39,6,0
BRDA:835,39,7,0
BRDA:835,39,8,0
BRF:77
BRH:0
end_of_record
TN:
SF:src\utils\pathSafetyUtils.ts
FN:20,(anonymous_0)
FN:29,(anonymous_1)
FN:56,(anonymous_2)
FN:70,(anonymous_3)
FN:86,(anonymous_4)
FN:115,(anonymous_5)
FN:128,(anonymous_6)
FN:150,(anonymous_7)
FN:161,(anonymous_8)
FN:163,(anonymous_9)
FN:175,(anonymous_10)
FNF:11
FNH:0
FNDA:0,(anonymous_0)
FNDA:0,(anonymous_1)
FNDA:0,(anonymous_2)
FNDA:0,(anonymous_3)
FNDA:0,(anonymous_4)
FNDA:0,(anonymous_5)
FNDA:0,(anonymous_6)
FNDA:0,(anonymous_7)
FNDA:0,(anonymous_8)
FNDA:0,(anonymous_9)
FNDA:0,(anonymous_10)
DA:1,1
DA:2,1
DA:9,1
DA:11,0
DA:12,0
DA:21,0
DA:22,0
DA:23,0
DA:31,0
DA:32,0
DA:33,0
DA:34,0
DA:38,0
DA:39,0
DA:43,0
DA:44,0
DA:45,0
DA:57,0
DA:58,0
DA:71,0
DA:72,0
DA:93,0
DA:95,0
DA:96,0
DA:100,0
DA:103,0
DA:104,0
DA:105,0
DA:108,0
DA:116,0
DA:117,0
DA:118,0
DA:121,0
DA:130,0
DA:131,0
DA:135,0
DA:136,0
DA:137,0
DA:141,0
DA:151,0
DA:152,0
DA:162,0
DA:163,0
DA:164,0
DA:165,0
DA:177,0
DA:178,0
DA:181,0
DA:182,0
DA:186,0
LF:50
LH:3
BRDA:32,0,0,0
BRDA:38,1,0,0
BRDA:43,2,0,0
BRDA:56,3,0,0
BRDA:70,4,0,0
BRDA:89,5,0,0
BRDA:90,6,0,0
BRDA:95,7,0,0
BRDA:104,8,0,0
BRDA:117,9,0,0
BRDA:130,10,0,0
BRDA:136,11,0,0
BRDA:150,12,0,0
BRDA:161,13,0,0
BRDA:181,14,0,0
BRF:15
BRH:0
end_of_record
TN:
SF:src\utils\performanceManager.ts
FN:185,(anonymous_0)
FN:196,(anonymous_1)
FN:246,(anonymous_2)
FN:297,(anonymous_3)
FN:328,(anonymous_4)
FN:329,(anonymous_5)
FN:333,(anonymous_6)
FN:335,(anonymous_7)
FN:337,(anonymous_8)
FN:369,(anonymous_9)
FN:379,(anonymous_10)
FN:409,(anonymous_11)
FN:429,(anonymous_12)
FN:460,(anonymous_13)
FN:472,(anonymous_14)
FN:479,(anonymous_15)
FN:488,(anonymous_16)
FN:498,(anonymous_17)
FN:506,(anonymous_18)
FN:518,(anonymous_19)
FN:534,(anonymous_20)
FN:548,(anonymous_21)
FN:550,(anonymous_22)
FN:552,(anonymous_23)
FN:566,(anonymous_24)
FN:579,(anonymous_25)
FN:596,(anonymous_26)
FN:617,(anonymous_27)
FN:628,(anonymous_28)
FN:629,(anonymous_29)
FN:630,(anonymous_30)
FN:634,(anonymous_31)
FN:635,(anonymous_32)
FN:646,(anonymous_33)
FN:780,(anonymous_34)
FN:809,(anonymous_35)
FN:833,(anonymous_36)
FNF:37
FNH:0
FNDA:0,(anonymous_0)
FNDA:0,(anonymous_1)
FNDA:0,(anonymous_2)
FNDA:0,(anonymous_3)
FNDA:0,(anonymous_4)
FNDA:0,(anonymous_5)
FNDA:0,(anonymous_6)
FNDA:0,(anonymous_7)
FNDA:0,(anonymous_8)
FNDA:0,(anonymous_9)
FNDA:0,(anonymous_10)
FNDA:0,(anonymous_11)
FNDA:0,(anonymous_12)
FNDA:0,(anonymous_13)
FNDA:0,(anonymous_14)
FNDA:0,(anonymous_15)
FNDA:0,(anonymous_16)
FNDA:0,(anonymous_17)
FNDA:0,(anonymous_18)
FNDA:0,(anonymous_19)
FNDA:0,(anonymous_20)
FNDA:0,(anonymous_21)
FNDA:0,(anonymous_22)
FNDA:0,(anonymous_23)
FNDA:0,(anonymous_24)
FNDA:0,(anonymous_25)
FNDA:0,(anonymous_26)
FNDA:0,(anonymous_27)
FNDA:0,(anonymous_28)
FNDA:0,(anonymous_29)
FNDA:0,(anonymous_30)
FNDA:0,(anonymous_31)
FNDA:0,(anonymous_32)
FNDA:0,(anonymous_33)
FNDA:0,(anonymous_34)
FNDA:0,(anonymous_35)
FNDA:0,(anonymous_36)
DA:1,0
DA:2,0
DA:3,0
DA:178,0
DA:180,0
DA:181,0
DA:182,0
DA:186,0
DA:187,0
DA:198,0
DA:201,0
DA:204,0
DA:207,0
DA:210,0
DA:211,0
DA:214,0
DA:217,0
DA:228,0
DA:229,0
DA:233,0
DA:234,0
DA:237,0
DA:248,0
DA:251,0
DA:254,0
DA:257,0
DA:260,0
DA:261,0
DA:264,0
DA:267,0
DA:278,0
DA:279,0
DA:283,0
DA:284,0
DA:287,0
DA:298,0
DA:299,0
DA:302,0
DA:303,0
DA:304,0
DA:306,0
DA:307,0
DA:311,0
DA:314,0
DA:315,0
DA:320,0
DA:322,0
DA:323,0
DA:328,0
DA:329,0
DA:331,0
DA:332,0
DA:333,0
DA:334,0
DA:335,0
DA:337,0
DA:340,0
DA:352,0
DA:353,0
DA:354,0
DA:355,0
DA:356,0
DA:357,0
DA:359,0
DA:374,0
DA:375,0
DA:378,0
DA:379,0
DA:380,0
DA:382,0
DA:383,0
DA:390,0
DA:392,0
DA:395,0
DA:396,0
DA:399,0
DA:400,0
DA:407,0
DA:408,0
DA:409,0
DA:410,0
DA:411,0
DA:412,0
DA:414,0
DA:417,0
DA:418,0
DA:419,0
DA:431,0
DA:441,0
DA:442,0
DA:443,0
DA:445,0
DA:449,0
DA:452,0
DA:461,0
DA:462,0
DA:463,0
DA:464,0
DA:473,0
DA:480,0
DA:489,0
DA:490,0
DA:492,0
DA:499,0
DA:507,0
DA:512,0
DA:520,0
DA:531,0
DA:534,0
DA:535,0
DA:537,0
DA:538,0
DA:539,0
DA:541,0
DA:542,0
DA:543,0
DA:545,0
DA:549,0
DA:550,0
DA:551,0
DA:553,0
DA:557,0
DA:567,0
DA:570,0
DA:571,0
DA:580,0
DA:586,0
DA:587,0
DA:597,0
DA:598,0
DA:601,0
DA:602,0
DA:603,0
DA:605,0
DA:606,0
DA:607,0
DA:610,0
DA:619,0
DA:621,0
DA:622,0
DA:623,0
DA:624,0
DA:628,0
DA:629,0
DA:630,0
DA:631,0
DA:632,0
DA:634,0
DA:635,0
DA:637,0
DA:646,0
DA:648,0
DA:780,0
DA:809,0
DA:833,0
LF:155
LH:0
BRDA:223,0,0,0
BRDA:223,0,1,0
BRDA:228,1,0,0
BRDA:233,2,0,0
BRDA:273,3,0,0
BRDA:273,3,1,0
BRDA:278,4,0,0
BRDA:283,5,0,0
BRDA:302,6,0,0
BRDA:303,7,0,0
BRDA:303,7,1,0
BRDA:322,8,0,0
BRDA:372,9,0,0
BRDA:380,10,0,0
BRDA:429,11,0,0
BRDA:431,12,0,0
BRDA:431,12,1,0
BRDA:441,13,0,0
BRDA:441,13,1,0
BRDA:462,14,0,0
BRDA:489,15,0,0
BRDA:535,16,0,0
BRDA:535,16,1,0
BRDA:535,16,2,0
BRDA:549,17,0,0
BRDA:570,18,0,0
BRDA:586,19,0,0
BRDA:597,20,0,0
BRDA:608,21,0,0
BRDA:608,21,1,0
BRDA:622,22,0,0
BRDA:622,22,1,0
BRDA:799,23,0,0
BRDA:799,23,1,0
BRF:34
BRH:0
end_of_record
TN:
SF:src\utils\permissionsManager.ts
FN:7,(anonymous_0)
FN:97,(anonymous_1)
FN:111,(anonymous_2)
FN:123,(anonymous_3)
FN:157,(anonymous_4)
FN:165,(anonymous_5)
FN:173,(anonymous_6)
FN:200,(anonymous_7)
FN:218,(anonymous_8)
FN:241,(anonymous_9)
FN:252,(anonymous_10)
FN:273,(anonymous_11)
FN:288,(anonymous_12)
FN:319,(anonymous_13)
FN:347,(anonymous_14)
FN:369,(anonymous_15)
FN:388,(anonymous_16)
FN:406,(anonymous_17)
FN:428,(anonymous_18)
FN:439,(anonymous_19)
FN:456,(anonymous_20)
FN:466,(anonymous_21)
FN:486,(anonymous_22)
FN:510,(anonymous_23)
FNF:24
FNH:0
FNDA:0,(anonymous_0)
FNDA:0,(anonymous_1)
FNDA:0,(anonymous_2)
FNDA:0,(anonymous_3)
FNDA:0,(anonymous_4)
FNDA:0,(anonymous_5)
FNDA:0,(anonymous_6)
FNDA:0,(anonymous_7)
FNDA:0,(anonymous_8)
FNDA:0,(anonymous_9)
FNDA:0,(anonymous_10)
FNDA:0,(anonymous_11)
FNDA:0,(anonymous_12)
FNDA:0,(anonymous_13)
FNDA:0,(anonymous_14)
FNDA:0,(anonymous_15)
FNDA:0,(anonymous_16)
FNDA:0,(anonymous_17)
FNDA:0,(anonymous_18)
FNDA:0,(anonymous_19)
FNDA:0,(anonymous_20)
FNDA:0,(anonymous_21)
FNDA:0,(anonymous_22)
FNDA:0,(anonymous_23)
DA:1,0
DA:7,0
DA:11,0
DA:16,0
DA:21,0
DA:26,0
DA:84,0
DA:87,0
DA:88,0
DA:90,0
DA:98,0
DA:99,0
DA:102,0
DA:105,0
DA:112,0
DA:115,0
DA:116,0
DA:124,0
DA:126,0
DA:128,0
DA:129,0
DA:132,0
DA:133,0
DA:134,0
DA:135,0
DA:136,0
DA:138,0
DA:142,0
DA:146,0
DA:148,0
DA:150,0
DA:159,0
DA:162,0
DA:165,0
DA:166,0
DA:174,0
DA:175,0
DA:176,0
DA:179,0
DA:180,0
DA:182,0
DA:183,0
DA:184,0
DA:187,0
DA:188,0
DA:191,0
DA:193,0
DA:201,0
DA:202,0
DA:203,0
DA:206,0
DA:207,0
DA:209,0
DA:211,0
DA:219,0
DA:221,0
DA:222,0
DA:223,0
DA:226,0
DA:229,0
DA:231,0
DA:242,0
DA:253,0
DA:254,0
DA:261,0
DA:262,0
DA:269,0
DA:270,0
DA:273,0
DA:274,0
DA:277,0
DA:278,0
DA:279,0
DA:287,0
DA:288,0
DA:289,0
DA:292,0
DA:293,0
DA:294,0
DA:306,0
DA:320,0
DA:321,0
DA:324,0
DA:325,0
DA:328,0
DA:329,0
DA:332,0
DA:333,0
DA:336,0
DA:348,0
DA:349,0
DA:351,0
DA:352,0
DA:355,0
DA:360,0
DA:361,0
DA:362,0
DA:363,0
DA:365,0
DA:369,0
DA:370,0
DA:373,0
DA:375,0
DA:378,0
DA:388,0
DA:389,0
DA:392,0
DA:394,0
DA:395,0
DA:407,0
DA:408,0
DA:410,0
DA:411,0
DA:414,0
DA:419,0
DA:420,0
DA:421,0
DA:422,0
DA:424,0
DA:428,0
DA:429,0
DA:432,0
DA:433,0
DA:435,0
DA:439,0
DA:440,0
DA:443,0
DA:445,0
DA:446,0
DA:457,0
DA:458,0
DA:467,0
DA:468,0
DA:469,0
DA:472,0
DA:473,0
DA:474,0
DA:476,0
DA:477,0
DA:487,0
DA:488,0
DA:489,0
DA:493,0
DA:494,0
DA:497,0
DA:498,0
DA:499,0
DA:501,0
DA:502,0
DA:511,0
LF:150
LH:0
BRDA:7,0,0,0
BRDA:7,0,1,0
BRDA:115,1,0,0
BRDA:128,2,0,0
BRDA:128,2,1,0
BRDA:135,3,0,0
BRDA:175,4,0,0
BRDA:182,5,0,0
BRDA:182,5,1,0
BRDA:202,6,0,0
BRDA:253,7,0,0
BRDA:261,8,0,0
BRDA:270,9,0,0
BRDA:270,9,1,0
BRDA:274,10,0,0
BRDA:274,10,1,0
BRDA:277,11,0,0
BRDA:282,12,0,0
BRDA:282,12,1,0
BRDA:289,13,0,0
BRDA:289,13,1,0
BRDA:292,14,0,0
BRDA:297,15,0,0
BRDA:297,15,1,0
BRDA:320,16,0,0
BRDA:324,17,0,0
BRDA:328,18,0,0
BRDA:329,19,0,0
BRDA:329,19,1,0
BRDA:332,20,0,0
BRDA:351,21,0,0
BRDA:360,22,0,0
BRDA:360,22,1,0
BRDA:362,23,0,0
BRDA:362,23,1,0
BRDA:370,24,0,0
BRDA:370,24,1,0
BRDA:373,25,0,0
BRDA:373,25,1,0
BRDA:410,26,0,0
BRDA:419,27,0,0
BRDA:419,27,1,0
BRDA:421,28,0,0
BRDA:421,28,1,0
BRDA:429,29,0,0
BRDA:429,29,1,0
BRDA:432,30,0,0
BRDA:432,30,1,0
BRDA:458,31,0,0
BRDA:458,31,1,0
BRDA:468,32,0,0
BRDA:488,33,0,0
BRDA:488,34,0,0
BRDA:488,34,1,0
BRDA:493,35,0,0
BRF:55
BRH:0
end_of_record
TN:
SF:src\utils\previewEnhancer.ts
FN:53,(anonymous_0)
FN:61,(anonymous_1)
FN:71,(anonymous_2)
FN:146,(anonymous_3)
FN:178,(anonymous_4)
FN:271,(anonymous_5)
FN:289,(anonymous_6)
FN:309,(anonymous_7)
FN:324,(anonymous_8)
FN:347,(anonymous_9)
FN:367,(anonymous_10)
FN:413,(anonymous_11)
FN:443,(anonymous_12)
FN:467,(anonymous_13)
FN:475,(anonymous_14)
FN:488,(anonymous_15)
FN:497,(anonymous_16)
FN:506,(anonymous_17)
FN:515,(anonymous_18)
FN:524,(anonymous_19)
FN:580,(anonymous_20)
FN:592,(anonymous_21)
FNF:22
FNH:0
FNDA:0,(anonymous_0)
FNDA:0,(anonymous_1)
FNDA:0,(anonymous_2)
FNDA:0,(anonymous_3)
FNDA:0,(anonymous_4)
FNDA:0,(anonymous_5)
FNDA:0,(anonymous_6)
FNDA:0,(anonymous_7)
FNDA:0,(anonymous_8)
FNDA:0,(anonymous_9)
FNDA:0,(anonymous_10)
FNDA:0,(anonymous_11)
FNDA:0,(anonymous_12)
FNDA:0,(anonymous_13)
FNDA:0,(anonymous_14)
FNDA:0,(anonymous_15)
FNDA:0,(anonymous_16)
FNDA:0,(anonymous_17)
FNDA:0,(anonymous_18)
FNDA:0,(anonymous_19)
FNDA:0,(anonymous_20)
FNDA:0,(anonymous_21)
DA:7,0
DA:8,0
DA:34,0
DA:54,0
DA:55,0
DA:62,0
DA:63,0
DA:65,0
DA:78,0
DA:81,0
DA:87,0
DA:94,0
DA:95,0
DA:98,0
DA:99,0
DA:103,0
DA:106,0
DA:107,0
DA:108,0
DA:112,0
DA:114,0
DA:115,0
DA:117,0
DA:118,0
DA:120,0
DA:121,0
DA:123,0
DA:124,0
DA:129,0
DA:132,0
DA:133,0
DA:136,0
DA:137,0
DA:140,0
DA:148,0
DA:155,0
DA:157,0
DA:159,0
DA:161,0
DA:166,0
DA:171,0
DA:179,0
DA:182,0
DA:183,0
DA:205,0
DA:206,0
DA:223,0
DA:224,0
DA:240,0
DA:241,0
DA:257,0
DA:258,0
DA:268,0
DA:269,0
DA:271,0
DA:272,0
DA:280,0
DA:283,0
DA:294,0
DA:295,0
DA:299,0
DA:309,0
DA:310,0
DA:314,0
DA:323,0
DA:324,0
DA:325,0
DA:328,0
DA:336,0
DA:355,0
DA:368,0
DA:416,0
DA:444,0
DA:447,0
DA:448,0
DA:452,0
DA:453,0
DA:457,0
DA:458,0
DA:461,0
DA:469,0
DA:478,0
DA:491,0
DA:500,0
DA:509,0
DA:518,0
DA:525,0
DA:581,0
DA:593,0
DA:594,0
DA:596,0
LF:91
LH:0
BRDA:62,0,0,0
BRDA:94,1,0,0
BRDA:98,2,0,0
BRDA:106,3,0,0
BRDA:112,4,0,0
BRDA:112,4,1,0
BRDA:112,4,2,0
BRDA:112,4,3,0
BRDA:132,5,0,0
BRDA:136,6,0,0
BRDA:155,7,0,0
BRDA:155,7,1,0
BRDA:155,7,2,0
BRDA:155,7,3,0
BRDA:155,7,4,0
BRDA:182,8,0,0
BRDA:205,9,0,0
BRDA:223,10,0,0
BRDA:240,11,0,0
BRDA:257,12,0,0
BRDA:268,13,0,0
BRDA:268,14,0,0
BRDA:268,14,1,0
BRDA:273,15,0,0
BRDA:273,15,1,0
BRDA:294,16,0,0
BRDA:294,17,0,0
BRDA:294,17,1,0
BRDA:300,18,0,0
BRDA:300,18,1,0
BRDA:325,19,0,0
BRDA:358,20,0,0
BRDA:358,20,1,0
BRDA:447,21,0,0
BRDA:452,22,0,0
BRDA:457,23,0,0
BRDA:593,24,0,0
BRDA:593,24,1,0
BRDA:594,25,0,0
BRDA:594,25,1,0
BRDA:594,26,0,0
BRDA:594,26,1,0
BRDA:604,27,0,0
BRDA:604,27,1,0
BRF:44
BRH:0
end_of_record
TN:
SF:src\utils\securityManager.ts
FN:154,(anonymous_0)
FN:164,(anonymous_1)
FN:198,(anonymous_2)
FN:229,(anonymous_3)
FN:259,(anonymous_4)
FN:278,(anonymous_5)
FN:296,(anonymous_6)
FN:314,(anonymous_7)
FN:335,(anonymous_8)
FN:364,(anonymous_9)
FN:377,(anonymous_10)
FN:407,(anonymous_11)
FN:419,(anonymous_12)
FN:443,(anonymous_13)
FN:464,(anonymous_14)
FN:473,(anonymous_15)
FN:524,(anonymous_16)
FN:567,(anonymous_17)
FN:604,(anonymous_18)
FN:623,(anonymous_19)
FN:653,(anonymous_20)
FN:687,(anonymous_21)
FN:714,(anonymous_22)
FN:725,(anonymous_23)
FN:735,(anonymous_24)
FN:744,(anonymous_25)
FN:754,(anonymous_26)
FN:764,(anonymous_27)
FNF:28
FNH:25
FNDA:65,(anonymous_0)
FNDA:22,(anonymous_1)
FNDA:3,(anonymous_2)
FNDA:10,(anonymous_3)
FNDA:5,(anonymous_4)
FNDA:7,(anonymous_5)
FNDA:6,(anonymous_6)
FNDA:3,(anonymous_7)
FNDA:4,(anonymous_8)
FNDA:4,(anonymous_9)
FNDA:2,(anonymous_10)
FNDA:1,(anonymous_11)
FNDA:2,(anonymous_12)
FNDA:1,(anonymous_13)
FNDA:0,(anonymous_14)
FNDA:0,(anonymous_15)
FNDA:5,(anonymous_16)
FNDA:5,(anonymous_17)
FNDA:10,(anonymous_18)
FNDA:5,(anonymous_19)
FNDA:6,(anonymous_20)
FNDA:0,(anonymous_21)
FNDA:6,(anonymous_22)
FNDA:2,(anonymous_23)
FNDA:3,(anonymous_24)
FNDA:52,(anonymous_25)
FNDA:19,(anonymous_26)
FNDA:55,(anonymous_27)
DA:2,5
DA:3,5
DA:130,5
DA:134,65
DA:139,65
DA:148,65
DA:155,65
DA:165,22
DA:166,1
DA:173,21
DA:174,21
DA:177,21
DA:178,1
DA:182,21
DA:183,7
DA:187,21
DA:188,21
DA:189,12
DA:191,12
DA:192,2
DA:197,12
DA:198,2
DA:199,3
DA:200,3
DA:203,2
DA:204,1
DA:209,12
DA:210,7
DA:217,5
DA:230,10
DA:231,3
DA:235,7
DA:238,7
DA:239,6
DA:243,7
DA:246,7
DA:248,2
DA:251,1
DA:260,5
DA:261,3
DA:265,2
DA:279,7
DA:280,3
DA:283,4
DA:284,4
DA:286,1
DA:287,1
DA:297,6
DA:298,2
DA:301,4
DA:302,4
DA:304,1
DA:305,1
DA:315,3
DA:316,1
DA:319,2
DA:320,2
DA:322,0
DA:323,0
DA:341,4
DA:342,1
DA:345,3
DA:346,3
DA:356,3
DA:365,4
DA:366,4
DA:383,2
DA:384,1
DA:387,1
DA:388,1
DA:398,1
DA:408,1
DA:409,1
DA:420,2
DA:421,1
DA:424,1
DA:425,1
DA:426,1
DA:435,1
DA:444,1
DA:445,1
DA:447,1
DA:448,0
DA:451,1
DA:452,1
DA:454,0
DA:455,0
DA:465,0
DA:467,0
DA:470,0
DA:473,0
DA:474,0
DA:480,0
DA:482,0
DA:483,0
DA:485,0
DA:488,0
DA:489,0
DA:492,0
DA:493,0
DA:494,0
DA:497,0
DA:500,0
DA:501,0
DA:506,0
DA:509,0
DA:512,0
DA:513,0
DA:530,5
DA:533,5
DA:542,5
DA:545,5
DA:551,5
DA:556,5
DA:574,5
DA:577,5
DA:586,5
DA:592,5
DA:597,5
DA:606,10
DA:609,10
DA:610,5
DA:611,5
DA:614,10
DA:628,5
DA:630,5
DA:633,5
DA:636,5
DA:637,5
DA:638,5
DA:641,5
DA:643,0
DA:644,0
DA:654,6
DA:656,6
DA:657,6
DA:658,0
DA:662,6
DA:665,6
DA:667,1
DA:668,1
DA:672,5
DA:678,0
DA:679,0
DA:688,0
DA:693,0
DA:694,0
DA:695,0
DA:700,0
DA:701,0
DA:703,0
DA:704,0
DA:715,6
DA:726,2
DA:727,2
DA:736,3
DA:746,52
DA:756,19
DA:759,19
DA:764,55
LF:160
LH:121
BRDA:164,0,0,13
BRDA:165,1,0,1
BRDA:177,2,0,1
BRDA:177,3,0,21
BRDA:177,3,1,5
BRDA:182,4,0,7
BRDA:182,5,0,21
BRDA:182,5,1,19
BRDA:187,6,0,21
BRDA:189,7,0,12
BRDA:189,7,1,10
BRDA:191,8,0,2
BRDA:197,9,0,2
BRDA:197,10,0,12
BRDA:197,10,1,2
BRDA:203,11,0,1
BRDA:209,12,0,7
BRDA:229,13,0,4
BRDA:230,14,0,3
BRDA:238,15,0,6
BRDA:238,16,0,7
BRDA:238,16,1,7
BRDA:246,17,0,2
BRDA:246,18,0,7
BRDA:246,18,1,6
BRDA:260,19,0,3
BRDA:279,20,0,3
BRDA:279,21,0,7
BRDA:279,21,1,5
BRDA:287,22,0,1
BRDA:287,22,1,0
BRDA:297,23,0,2
BRDA:305,24,0,1
BRDA:305,24,1,0
BRDA:315,25,0,1
BRDA:323,26,0,0
BRDA:323,26,1,0
BRDA:341,27,0,1
BRDA:341,28,0,4
BRDA:341,28,1,3
BRDA:348,29,0,1
BRDA:348,29,1,2
BRDA:350,30,0,3
BRDA:350,30,1,2
BRDA:383,31,0,1
BRDA:383,32,0,2
BRDA:383,32,1,2
BRDA:383,32,2,1
BRDA:390,33,0,0
BRDA:390,33,1,1
BRDA:420,34,0,1
BRDA:420,35,0,2
BRDA:420,35,1,1
BRDA:428,36,0,0
BRDA:428,36,1,1
BRDA:447,37,0,0
BRDA:455,38,0,0
BRDA:455,38,1,0
BRDA:474,39,0,0
BRDA:474,39,1,0
BRDA:474,39,2,0
BRDA:483,40,0,0
BRDA:489,41,0,0
BRDA:500,42,0,0
BRDA:513,43,0,0
BRDA:513,43,1,0
BRDA:527,44,0,5
BRDA:536,45,0,5
BRDA:536,45,1,0
BRDA:537,46,0,5
BRDA:537,46,1,0
BRDA:538,47,0,5
BRDA:538,47,1,0
BRDA:542,48,0,5
BRDA:542,48,1,0
BRDA:546,49,0,5
BRDA:546,49,1,0
BRDA:571,50,0,5
BRDA:580,51,0,5
BRDA:580,51,1,0
BRDA:581,52,0,5
BRDA:581,52,1,0
BRDA:582,53,0,5
BRDA:582,53,1,0
BRDA:587,54,0,5
BRDA:587,54,1,0
BRDA:609,55,0,5
BRDA:644,56,0,0
BRDA:644,56,1,0
BRDA:657,57,0,0
BRDA:665,58,0,1
BRDA:665,59,0,6
BRDA:665,59,1,2
BRDA:679,60,0,0
BRDA:679,60,1,0
BRDA:694,61,0,0
BRDA:694,62,0,0
BRDA:694,62,1,0
BRDA:714,63,0,4
BRDA:725,64,0,2
BRDA:735,65,0,2
BRF:101
BRH:67
end_of_record
TN:
SF:src\utils\templateIntegrityChecker.ts
FN:67,(anonymous_0)
FN:99,(anonymous_1)
FN:130,(anonymous_2)
FN:159,(anonymous_3)
FN:205,(anonymous_4)
FN:288,(anonymous_5)
FN:341,(anonymous_6)
FN:398,(anonymous_7)
FN:428,(anonymous_8)
FN:480,(anonymous_9)
FN:548,(anonymous_10)
FN:566,(anonymous_11)
FN:591,(anonymous_12)
FNF:13
FNH:11
FNDA:19,(anonymous_0)
FNDA:3,(anonymous_1)
FNDA:3,(anonymous_2)
FNDA:2,(anonymous_3)
FNDA:3,(anonymous_4)
FNDA:2,(anonymous_5)
FNDA:2,(anonymous_6)
FNDA:1,(anonymous_7)
FNDA:2,(anonymous_8)
FNDA:2,(anonymous_9)
FNDA:0,(anonymous_10)
FNDA:0,(anonymous_11)
FNDA:20,(anonymous_12)
DA:1,1
DA:2,1
DA:3,1
DA:4,1
DA:38,1
DA:44,19
DA:50,19
DA:68,19
DA:69,19
DA:74,19
DA:75,19
DA:76,19
DA:77,19
DA:100,3
DA:101,1
DA:104,2
DA:105,2
DA:106,1
DA:107,1
DA:108,1
DA:110,1
DA:131,3
DA:132,3
DA:133,2
DA:135,1
DA:136,1
DA:160,2
DA:161,1
DA:164,1
DA:165,1
DA:166,1
DA:168,1
DA:169,1
DA:171,1
DA:172,1
DA:174,0
DA:206,3
DA:207,0
DA:210,3
DA:211,3
DA:214,3
DA:215,3
DA:217,1
DA:218,1
DA:222,2
DA:223,2
DA:225,2
DA:226,2
DA:227,6
DA:228,6
DA:229,4
DA:234,2
DA:235,2
DA:236,2
DA:237,1
DA:238,1
DA:243,1
DA:244,1
DA:245,1
DA:246,0
DA:247,0
DA:252,1
DA:253,1
DA:255,0
DA:256,0
DA:289,2
DA:290,1
DA:293,1
DA:295,1
DA:298,1
DA:301,1
DA:302,1
DA:303,1
DA:306,1
DA:307,1
DA:309,1
DA:311,0
DA:342,2
DA:343,0
DA:346,2
DA:347,2
DA:350,2
DA:351,2
DA:353,1
DA:354,1
DA:358,1
DA:361,1
DA:364,1
DA:367,1
DA:368,1
DA:369,1
DA:371,0
DA:372,0
DA:399,1
DA:400,0
DA:403,1
DA:429,2
DA:430,0
DA:433,2
DA:434,2
DA:435,0
DA:438,2
DA:441,1
DA:442,1
DA:446,1
DA:487,2
DA:488,0
DA:492,2
DA:500,2
DA:502,2
DA:505,2
DA:508,2
DA:509,5
DA:510,5
DA:511,1
DA:512,1
DA:514,1
DA:515,0
DA:518,1
DA:521,1
DA:526,2
DA:528,2
DA:530,0
DA:531,0
DA:549,0
DA:567,0
DA:568,0
DA:593,20
DA:594,20
LF:129
LH:109
BRDA:99,0,0,3
BRDA:100,1,0,1
BRDA:100,2,0,3
BRDA:100,2,1,3
BRDA:130,3,0,3
BRDA:160,4,0,1
BRDA:160,5,0,2
BRDA:160,5,1,2
BRDA:206,6,0,0
BRDA:206,7,0,3
BRDA:206,7,1,3
BRDA:228,8,0,4
BRDA:234,9,0,2
BRDA:236,10,0,1
BRDA:243,11,0,1
BRDA:245,12,0,0
BRDA:289,13,0,1
BRDA:289,14,0,2
BRDA:289,14,1,2
BRDA:289,14,2,2
BRDA:289,14,3,2
BRDA:342,15,0,0
BRDA:342,16,0,2
BRDA:342,16,1,2
BRDA:342,16,2,2
BRDA:342,16,3,2
BRDA:399,17,0,0
BRDA:399,18,0,1
BRDA:399,18,1,1
BRDA:429,19,0,0
BRDA:429,20,0,2
BRDA:429,20,1,2
BRDA:429,20,2,2
BRDA:434,21,0,0
BRDA:438,22,0,1
BRDA:487,23,0,0
BRDA:487,24,0,2
BRDA:487,24,1,2
BRDA:510,25,0,1
BRDA:514,26,0,0
BRDA:514,26,1,1
BRDA:526,27,0,2
BRDA:526,27,1,1
BRDA:526,27,2,0
BRDA:567,28,0,0
BRDA:567,29,0,0
BRDA:567,29,1,0
BRF:47
BRH:35
end_of_record
TN:
SF:src\utils\templateTagger.ts
FN:85,(anonymous_0)
FN:94,(anonymous_1)
FN:104,(anonymous_2)
FN:133,(anonymous_3)
FN:155,(anonymous_4)
FN:169,(anonymous_5)
FN:187,(anonymous_6)
FN:220,(anonymous_7)
FN:248,(anonymous_8)
FN:276,(anonymous_9)
FN:296,(anonymous_10)
FN:323,(anonymous_11)
FN:349,(anonymous_12)
FN:351,(anonymous_13)
FN:352,(anonymous_14)
FN:366,(anonymous_15)
FN:377,(anonymous_16)
FN:384,(anonymous_17)
FN:394,(anonymous_18)
FN:403,(anonymous_19)
FN:495,(anonymous_20)
FN:513,(anonymous_21)
FN:530,(anonymous_22)
FN:539,(anonymous_23)
FN:560,(anonymous_24)
FN:598,(anonymous_25)
FNF:26
FNH:0
FNDA:0,(anonymous_0)
FNDA:0,(anonymous_1)
FNDA:0,(anonymous_2)
FNDA:0,(anonymous_3)
FNDA:0,(anonymous_4)
FNDA:0,(anonymous_5)
FNDA:0,(anonymous_6)
FNDA:0,(anonymous_7)
FNDA:0,(anonymous_8)
FNDA:0,(anonymous_9)
FNDA:0,(anonymous_10)
FNDA:0,(anonymous_11)
FNDA:0,(anonymous_12)
FNDA:0,(anonymous_13)
FNDA:0,(anonymous_14)
FNDA:0,(anonymous_15)
FNDA:0,(anonymous_16)
FNDA:0,(anonymous_17)
FNDA:0,(anonymous_18)
FNDA:0,(anonymous_19)
FNDA:0,(anonymous_20)
FNDA:0,(anonymous_21)
FNDA:0,(anonymous_22)
FNDA:0,(anonymous_23)
FNDA:0,(anonymous_24)
FNDA:0,(anonymous_25)
DA:7,0
DA:42,0
DA:51,0
DA:56,0
DA:68,0
DA:86,0
DA:87,0
DA:88,0
DA:95,0
DA:96,0
DA:98,0
DA:105,0
DA:106,0
DA:107,0
DA:116,0
DA:117,0
DA:118,0
DA:119,0
DA:121,0
DA:122,0
DA:127,0
DA:134,0
DA:136,0
DA:138,0
DA:140,0
DA:142,0
DA:144,0
DA:146,0
DA:148,0
DA:156,0
DA:157,0
DA:159,0
DA:160,0
DA:161,0
DA:170,0
DA:171,0
DA:173,0
DA:174,0
DA:177,0
DA:189,0
DA:191,0
DA:192,0
DA:196,0
DA:197,0
DA:201,0
DA:202,0
DA:206,0
DA:209,0
DA:211,0
DA:222,0
DA:224,0
DA:225,0
DA:229,0
DA:230,0
DA:231,0
DA:235,0
DA:238,0
DA:240,0
DA:249,0
DA:251,0
DA:259,0
DA:260,0
DA:263,0
DA:264,0
DA:268,0
DA:278,0
DA:279,0
DA:280,0
DA:284,0
DA:285,0
DA:286,0
DA:288,0
DA:297,0
DA:299,0
DA:300,0
DA:303,0
DA:304,0
DA:305,0
DA:307,0
DA:315,0
DA:324,0
DA:326,0
DA:327,0
DA:330,0
DA:331,0
DA:332,0
DA:334,0
DA:342,0
DA:350,0
DA:351,0
DA:354,0
DA:355,0
DA:356,0
DA:357,0
DA:367,0
DA:368,0
DA:378,0
DA:380,0
DA:381,0
DA:384,0
DA:385,0
DA:395,0
DA:404,0
DA:407,0
DA:408,0
DA:409,0
DA:410,0
DA:413,0
DA:416,0
DA:419,0
DA:422,0
DA:425,0
DA:430,0
DA:433,0
DA:436,0
DA:440,0
DA:442,0
DA:443,0
DA:445,0
DA:446,0
DA:448,0
DA:449,0
DA:451,0
DA:452,0
DA:456,0
DA:458,0
DA:461,0
DA:463,0
DA:466,0
DA:468,0
DA:471,0
DA:473,0
DA:476,0
DA:478,0
DA:481,0
DA:484,0
DA:487,0
DA:496,0
DA:497,0
DA:499,0
DA:500,0
DA:501,0
DA:505,0
DA:514,0
DA:516,0
DA:517,0
DA:518,0
DA:522,0
DA:531,0
DA:532,0
DA:540,0
DA:542,0
DA:543,0
DA:544,0
DA:552,0
DA:562,0
DA:565,0
DA:566,0
DA:567,0
DA:568,0
DA:569,0
DA:570,0
DA:571,0
DA:572,0
DA:573,0
DA:574,0
DA:578,0
DA:579,0
DA:580,0
DA:581,0
DA:582,0
DA:583,0
DA:587,0
DA:588,0
DA:589,0
DA:590,0
DA:591,0
DA:592,0
DA:595,0
DA:596,0
DA:598,0
DA:599,0
DA:600,0
DA:601,0
DA:602,0
DA:603,0
DA:604,0
DA:607,0
DA:608,0
DA:610,0
DA:611,0
DA:612,0
DA:619,0
DA:622,0
LF:194
LH:0
BRDA:95,0,0,0
BRDA:106,1,0,0
BRDA:106,1,1,0
BRDA:109,2,0,0
BRDA:109,2,1,0
BRDA:118,3,0,0
BRDA:119,4,0,0
BRDA:119,4,1,0
BRDA:121,5,0,0
BRDA:134,6,0,0
BRDA:134,6,1,0
BRDA:134,6,2,0
BRDA:134,6,3,0
BRDA:134,6,4,0
BRDA:134,6,5,0
BRDA:134,6,6,0
BRDA:156,7,0,0
BRDA:170,8,0,0
BRDA:191,9,0,0
BRDA:196,10,0,0
BRDA:201,11,0,0
BRDA:224,12,0,0
BRDA:224,13,0,0
BRDA:224,13,1,0
BRDA:230,14,0,0
BRDA:248,15,0,0
BRDA:249,16,0,0
BRDA:249,16,1,0
BRDA:255,17,0,0
BRDA:255,17,1,0
BRDA:263,18,0,0
BRDA:263,19,0,0
BRDA:263,19,1,0
BRDA:299,20,0,0
BRDA:303,21,0,0
BRDA:303,21,1,0
BRDA:326,22,0,0
BRDA:330,23,0,0
BRDA:330,23,1,0
BRDA:351,24,0,0
BRDA:351,24,1,0
BRDA:354,25,0,0
BRDA:354,26,0,0
BRDA:354,26,1,0
BRDA:355,27,0,0
BRDA:355,28,0,0
BRDA:355,28,1,0
BRDA:356,29,0,0
BRDA:380,30,0,0
BRDA:413,31,0,0
BRDA:413,32,0,0
BRDA:413,32,1,0
BRDA:413,32,2,0
BRDA:419,33,0,0
BRDA:419,34,0,0
BRDA:419,34,1,0
BRDA:419,34,2,0
BRDA:425,35,0,0
BRDA:425,36,0,0
BRDA:425,36,1,0
BRDA:425,36,2,0
BRDA:425,36,3,0
BRDA:425,36,4,0
BRDA:433,37,0,0
BRDA:433,38,0,0
BRDA:433,38,1,0
BRDA:433,38,2,0
BRDA:440,39,0,0
BRDA:440,39,1,0
BRDA:440,39,2,0
BRDA:440,39,3,0
BRDA:456,40,0,0
BRDA:456,41,0,0
BRDA:456,41,1,0
BRDA:461,42,0,0
BRDA:461,43,0,0
BRDA:461,43,1,0
BRDA:466,44,0,0
BRDA:466,45,0,0
BRDA:466,45,1,0
BRDA:471,46,0,0
BRDA:471,47,0,0
BRDA:471,47,1,0
BRDA:476,48,0,0
BRDA:476,49,0,0
BRDA:476,49,1,0
BRDA:481,50,0,0
BRDA:481,51,0,0
BRDA:481,51,1,0
BRDA:481,51,2,0
BRDA:500,52,0,0
BRDA:517,53,0,0
BRDA:522,54,0,0
BRDA:522,54,1,0
BRDA:543,55,0,0
BRDA:565,56,0,0
BRDA:565,56,1,0
BRDA:567,57,0,0
BRDA:567,57,1,0
BRDA:571,58,0,0
BRDA:578,59,0,0
BRDA:578,59,1,0
BRDA:580,60,0,0
BRDA:587,61,0,0
BRDA:589,62,0,0
BRDA:595,63,0,0
BRDA:595,63,1,0
BRDA:599,64,0,0
BRDA:600,65,0,0
BRDA:601,66,0,0
BRDA:602,67,0,0
BRDA:603,68,0,0
BRDA:607,69,0,0
BRDA:607,69,1,0
BRDA:622,70,0,0
BRDA:622,70,1,0
BRF:116
BRH:0
end_of_record
